/home/daveroar/Graduation_Studies/ThesisWork/JRefactoring/MockAbstraction
:/home/daveroar/Graduation_Studies/ThesisWork/JRefactoring/MockAbstraction/Benchmarks/microbenchmark/mvn_dependencies/hamcrest-core-1.3.jar:/home/daveroar/Graduation_Studies/ThesisWork/JRefactoring/MockAbstraction/Benchmarks/microbenchmark/mvn_dependencies/junit-4.12.jar:/home/daveroar/Graduation_Studies/ThesisWork/JRefactoring/MockAbstraction/Benchmarks/microbenchmark/mvn_dependencies/mockito-all-1.9.5.jar
it is a maven project
[[1;34mINFO[m] Scanning for projects...
[[1;34mINFO[m] 
[[1;34mINFO[m] [1m-----------------------< [0;36mca.liang:payroll-test[0;1m >------------------------[m
[[1;34mINFO[m] [1mBuilding payroll-test 0.0.1-SNAPSHOT[m
[[1;34mINFO[m] [1m--------------------------------[ jar ]---------------------------------[m
[[1;34mINFO[m] 
[[1;34mINFO[m] [1m--- [0;32mmaven-clean-plugin:2.5:clean[m [1m(default-clean)[m @ [36mpayroll-test[0;1m ---[m
[[1;34mINFO[m] Deleting /home/daveroar/Graduation_Studies/ThesisWork/JRefactoring/MockAbstraction/Benchmarks/microbenchmark/target
[[1;34mINFO[m] 
[[1;34mINFO[m] [1m--- [0;32mmaven-resources-plugin:2.6:resources[m [1m(default-resources)[m @ [36mpayroll-test[0;1m ---[m
[[1;33mWARNING[m] Using platform encoding (UTF-8 actually) to copy filtered resources, i.e. build is platform dependent!
[[1;34mINFO[m] skip non existing resourceDirectory /home/daveroar/Graduation_Studies/ThesisWork/JRefactoring/MockAbstraction/Benchmarks/microbenchmark/src/main/resources
[[1;34mINFO[m] 
[[1;34mINFO[m] [1m--- [0;32mmaven-compiler-plugin:3.1:compile[m [1m(default-compile)[m @ [36mpayroll-test[0;1m ---[m
[[1;34mINFO[m] Changes detected - recompiling the module!
[[1;33mWARNING[m] File encoding has not been set, using platform encoding UTF-8, i.e. build is platform dependent!
[[1;34mINFO[m] Compiling 4 source files to /home/daveroar/Graduation_Studies/ThesisWork/JRefactoring/MockAbstraction/Benchmarks/microbenchmark/target/classes
[[1;34mINFO[m] 
[[1;34mINFO[m] [1m--- [0;32mmaven-resources-plugin:2.6:testResources[m [1m(default-testResources)[m @ [36mpayroll-test[0;1m ---[m
[[1;33mWARNING[m] Using platform encoding (UTF-8 actually) to copy filtered resources, i.e. build is platform dependent!
[[1;34mINFO[m] skip non existing resourceDirectory /home/daveroar/Graduation_Studies/ThesisWork/JRefactoring/MockAbstraction/Benchmarks/microbenchmark/src/test/resources
[[1;34mINFO[m] 
[[1;34mINFO[m] [1m--- [0;32mmaven-compiler-plugin:3.1:testCompile[m [1m(default-testCompile)[m @ [36mpayroll-test[0;1m ---[m
[[1;34mINFO[m] Changes detected - recompiling the module!
[[1;33mWARNING[m] File encoding has not been set, using platform encoding UTF-8, i.e. build is platform dependent!
[[1;34mINFO[m] Compiling 4 source files to /home/daveroar/Graduation_Studies/ThesisWork/JRefactoring/MockAbstraction/Benchmarks/microbenchmark/target/test-classes
[[1;34mINFO[m] 
[[1;34mINFO[m] [1m--- [0;32mmaven-surefire-plugin:2.12.4:test[m [1m(default-test)[m @ [36mpayroll-test[0;1m ---[m
[[1;34mINFO[m] Surefire report directory: /home/daveroar/Graduation_Studies/ThesisWork/JRefactoring/MockAbstraction/Benchmarks/microbenchmark/target/surefire-reports

-------------------------------------------------------
 T E S T S
-------------------------------------------------------
Running ca.liang.PayRollArrayMockTest
Tests run: 8, Failures: 0, Errors: 0, Skipped: 0, Time elapsed: 0.141 sec
Running ca.liang.PayRollMockTest
Tests run: 8, Failures: 0, Errors: 0, Skipped: 0, Time elapsed: 0.001 sec
Running ca.liang.PayRollAnnotationMockTest
Tests run: 4, Failures: 0, Errors: 0, Skipped: 0, Time elapsed: 0.011 sec

Results :

Tests run: 20, Failures: 0, Errors: 0, Skipped: 0

[[1;34mINFO[m] [1m------------------------------------------------------------------------[m
[[1;34mINFO[m] [1;32mBUILD SUCCESS[m
[[1;34mINFO[m] [1m------------------------------------------------------------------------[m
[[1;34mINFO[m] Total time:  1.747 s
[[1;34mINFO[m] Finished at: 2021-05-05T21:18:44-04:00
[[1;34mINFO[m] [1m------------------------------------------------------------------------[m
args[0]: ca.liang.RootDriver
args[1]: /home/daveroar/Graduation_Studies/ThesisWork/JRefactoring/MockAbstraction/Benchmarks/microbenchmark/target/classes
args[2]: /home/daveroar/Graduation_Studies/ThesisWork/JRefactoring/MockAbstraction/Benchmarks/microbenchmark/target/test-classes
args[3]: target/classes:target/test-classes::/home/daveroar/Graduation_Studies/ThesisWork/JRefactoring/MockAbstraction/Benchmarks/microbenchmark/mvn_dependencies/hamcrest-core-1.3.jar:/home/daveroar/Graduation_Studies/ThesisWork/JRefactoring/MockAbstraction/Benchmarks/microbenchmark/mvn_dependencies/junit-4.12.jar:/home/daveroar/Graduation_Studies/ThesisWork/JRefactoring/MockAbstraction/Benchmarks/microbenchmark/mvn_dependencies/mockito-all-1.9.5.jar
args[4]: microbenchmark
args[5]: /home/daveroar/Graduation_Studies/ThesisWork/JRefactoring/MockAbstraction/analysis_output/MockAnalysis
Soot started on Wed May 05 21:18:44 EDT 2021
Annotated Mock found: ca.liang.EmployeeDB employeeDB
<ca.liang.PayRollAnnotationMockTest: ca.liang.EmployeeDB employeeDB>
Annotated Mock found: ca.liang.BankService bankService
<ca.liang.PayRollAnnotationMockTest: ca.liang.BankService bankService>
Number of methods to be analyzed: 48
Statement: interfaceinvoke $r1.<java.util.List: boolean add(java.lang.Object)>($r2)
InnerBox value: $r1
SootClass Type: java.util.List
Statement: interfaceinvoke $r2.<java.util.List: boolean add(java.lang.Object)>($r3)
InnerBox value: $r2
SootClass Type: java.util.List
Statement: interfaceinvoke r1.<java.util.List: boolean add(java.lang.Object)>(r2)
InnerBox value: r1
SootClass Type: java.util.ArrayList
Statement: interfaceinvoke r1.<java.util.List: boolean add(java.lang.Object)>(r3)
InnerBox value: r1
SootClass Type: java.util.ArrayList
Statement: virtualinvoke r1.<java.util.ArrayList: boolean add(java.lang.Object)>(r2)
InnerBox value: r1
SootClass Type: java.util.ArrayList
Statement: virtualinvoke r1.<java.util.ArrayList: boolean add(java.lang.Object)>(r3)
InnerBox value: r1
SootClass Type: java.util.ArrayList
Statement: interfaceinvoke $r3.<java.util.List: boolean add(java.lang.Object)>($r4)
InnerBox value: $r3
SootClass Type: java.util.List
 ====================================== 
** CLASS ca.liang.BankService
	method <init> : 
	method makePayment : 
 ====================================== 
** CLASS ca.liang.RootDriver
	method <init> : 
	method main : 
 ====================================== 
** CLASS ca.liang.PayRollAnnotationMockTest
	method <init> : 
	method init : 
Unit: $r2 = r0.<ca.liang.PayRollAnnotationMockTest: ca.liang.BankService bankService>
Value: $r2
Possibly Mock: true

Unit: staticinvoke <org.mockito.MockitoAnnotations: void initMocks(java.lang.Object)>(r0)
Unit: r0.<ca.liang.PayRollAnnotationMockTest: ca.liang.PayRoll payRoll> = $r1
Unit: $r1 = new ca.liang.PayRoll
Unit: specialinvoke $r1.<ca.liang.PayRoll: void <init>(ca.liang.EmployeeDB,ca.liang.BankService)>($r3, $r2)
Unit: r0 := @this: ca.liang.PayRollAnnotationMockTest
Unit: $r3 = r0.<ca.liang.PayRollAnnotationMockTest: ca.liang.EmployeeDB employeeDB>
Value: $r3
Possibly Mock: true

Unit: return
	method testNoEmployees : 
Unit: specialinvoke r0.<ca.liang.PayRollAnnotationMockTest: void assertNumberOfPayments(int)>(0)
Unit: return
Unit: r0 := @this: ca.liang.PayRollAnnotationMockTest
	method testEmployeesPaidIntra : 
Unit: $r6 = staticinvoke <org.mockito.Mockito: java.lang.Object mock(java.lang.Class)>(class "Lca/liang/Employee;")
Value: $r6
Possibly Mock: true

Unit: i0 = virtualinvoke r3.<ca.liang.PayRoll: int monthlyPayment()>()
Unit: $l1 = (long) i0
Unit: $r11 = r0.<ca.liang.PayRollAnnotationMockTest: ca.liang.BankService bankService>
Value: $r11
Possibly Mock: true

Unit: staticinvoke <org.junit.Assert: void assertEquals(long,long)>(2L, $l1)
Unit: r3 = $r10
Unit: $r7 = (ca.liang.Employee) $r6
Value: $r7
Possibly Mock: true

Unit: $r10 = new ca.liang.PayRoll
Unit: specialinvoke $r10.<ca.liang.PayRoll: void <init>(ca.liang.Employee[],ca.liang.BankService)>(r1, $r11)
Unit: $r4 = staticinvoke <org.mockito.Mockito: java.lang.Object mock(java.lang.Class)>(class "Lca/liang/Employee;")
Value: $r4
Possibly Mock: true

Unit: $r8 = new ca.liang.EmployeeDB
Unit: $r9 = staticinvoke <java.util.Arrays: java.util.List asList(java.lang.Object[])>(r1)
Unit: return
Unit: specialinvoke $r8.<ca.liang.EmployeeDB: void <init>(java.util.List)>($r9)
Unit: $r5 = (ca.liang.Employee) $r4
Value: $r5
Possibly Mock: true

Unit: r1[0] = $r5
Value: r1
Array Mock: true

Unit: r0 := @this: ca.liang.PayRollAnnotationMockTest
Unit: r1 = newarray (ca.liang.Employee)[2]
Unit: r1[1] = $r7
Value: r1
Array Mock: true

Unit: r2 = $r8
	method testSingleEmployee : 
Unit: $r2[0] = $r3
Unit: $r6 = staticinvoke <org.mockito.Mockito: org.mockito.stubbing.OngoingStubbing when(java.lang.Object)>($r5)
Unit: r0.<ca.liang.PayRollAnnotationMockTest: ca.liang.Employee[] employees> = $r1
Unit: $r2 = r0.<ca.liang.PayRollAnnotationMockTest: ca.liang.Employee[] employees>
Unit: return
Unit: specialinvoke $r10.<ca.liang.PayRoll: void <init>(ca.liang.EmployeeDB,ca.liang.BankService)>($r12, $r11)
Unit: r0.<ca.liang.PayRollAnnotationMockTest: ca.liang.PayRoll payRoll> = $r10
Unit: $r8 = staticinvoke <java.util.Arrays: java.util.List asList(java.lang.Object[])>($r7)
Unit: $r11 = r0.<ca.liang.PayRollAnnotationMockTest: ca.liang.BankService bankService>
Value: $r11
Possibly Mock: true

Unit: specialinvoke r0.<ca.liang.PayRollAnnotationMockTest: void assertNumberOfPayments(int)>(1)
Unit: $r12 = r0.<ca.liang.PayRollAnnotationMockTest: ca.liang.EmployeeDB employeeDB>
Value: $r12
Possibly Mock: true

Unit: interfaceinvoke $r6.<org.mockito.stubbing.OngoingStubbing: org.mockito.stubbing.OngoingStubbing thenReturn(java.lang.Object)>($r8)
Unit: $r7 = r0.<ca.liang.PayRollAnnotationMockTest: ca.liang.Employee[] employees>
Unit: $r3 = specialinvoke r0.<ca.liang.PayRollAnnotationMockTest: ca.liang.Employee createTestEmployee(java.lang.String,java.lang.String,int)>("Test Employee", "ID0", 1000)
Unit: $r10 = new ca.liang.PayRoll
Unit: r0 := @this: ca.liang.PayRollAnnotationMockTest
Unit: $r4 = r0.<ca.liang.PayRollAnnotationMockTest: ca.liang.EmployeeDB employeeDB>
Value: $r4
Possibly Mock: true

Unit: $r5 = virtualinvoke $r4.<ca.liang.EmployeeDB: java.util.List getAllEmployees()>()
Unit: $r1 = newarray (ca.liang.Employee)[1]
	method testEmployeeIsPaid : 
Unit: $r14 = r0.<ca.liang.PayRollAnnotationMockTest: ca.liang.BankService bankService>
Value: $r14
Possibly Mock: true

Unit: virtualinvoke $r17.<ca.liang.BankService: void makePayment(java.lang.String,int)>(r1, s0)
Unit: $r15 = staticinvoke <org.mockito.Mockito: org.mockito.verification.VerificationMode times(int)>(1)
Unit: $r17 = (ca.liang.BankService) $r16
Value: $r17
Possibly Mock: true

Unit: $r6 = virtualinvoke $r5.<ca.liang.EmployeeDB: java.util.List getAllEmployees()>()
Unit: $r8 = r0.<ca.liang.PayRollAnnotationMockTest: ca.liang.Employee[] employees>
Unit: $r3[0] = $r4
Unit: $r2 = newarray (ca.liang.Employee)[1]
Unit: specialinvoke r0.<ca.liang.PayRollAnnotationMockTest: void assertNumberOfPayments(int)>(1)
Unit: r0.<ca.liang.PayRollAnnotationMockTest: ca.liang.Employee[] employees> = $r2
Unit: specialinvoke $r11.<ca.liang.PayRoll: void <init>(ca.liang.EmployeeDB,ca.liang.BankService)>($r13, $r12)
Unit: $r11 = new ca.liang.PayRoll
Unit: $r7 = staticinvoke <org.mockito.Mockito: org.mockito.stubbing.OngoingStubbing when(java.lang.Object)>($r6)
Unit: s0 = 1000
Unit: $r12 = r0.<ca.liang.PayRollAnnotationMockTest: ca.liang.BankService bankService>
Value: $r12
Possibly Mock: true

Unit: interfaceinvoke $r7.<org.mockito.stubbing.OngoingStubbing: org.mockito.stubbing.OngoingStubbing thenReturn(java.lang.Object)>($r9)
Unit: $r3 = r0.<ca.liang.PayRollAnnotationMockTest: ca.liang.Employee[] employees>
Unit: r0 := @this: ca.liang.PayRollAnnotationMockTest
Unit: $r4 = specialinvoke r0.<ca.liang.PayRollAnnotationMockTest: ca.liang.Employee createTestEmployee(java.lang.String,java.lang.String,int)>("Test Employee", r1, s0)
Unit: $r16 = staticinvoke <org.mockito.Mockito: java.lang.Object verify(java.lang.Object,org.mockito.verification.VerificationMode)>($r14, $r15)
Value: $r16
Possibly Mock: true

Unit: return
Unit: $r9 = staticinvoke <java.util.Arrays: java.util.List asList(java.lang.Object[])>($r8)
Unit: $r5 = r0.<ca.liang.PayRollAnnotationMockTest: ca.liang.EmployeeDB employeeDB>
Value: $r5
Possibly Mock: true

Unit: r1 = "ID0"
Unit: r0.<ca.liang.PayRollAnnotationMockTest: ca.liang.PayRoll payRoll> = $r11
Unit: $r13 = r0.<ca.liang.PayRollAnnotationMockTest: ca.liang.EmployeeDB employeeDB>
Value: $r13
Possibly Mock: true

	method assertNumberOfPayments : 
	method createTestEmployee : 
 ====================================== 
** CLASS ca.liang.PayRoll
	method <init> : 
	method <init> : 
	method monthlyPayment : 
 ====================================== 
** CLASS ca.liang.Employee
	method <init> : 
	method getName : 
	method getBankId : 
	method getSalary : 
 ====================================== 
** CLASS ca.liang.PayRollArrayMockTest
	method <init> : 
	method init : 
Unit: $r18 = r0.<ca.liang.PayRollArrayMockTest: ca.liang.EmployeeDB employeeDB>
Unit: interfaceinvoke $r12.<org.mockito.stubbing.OngoingStubbing: org.mockito.stubbing.OngoingStubbing thenReturn(java.lang.Object)>($r14)
Unit: $r11 = virtualinvoke $r10.<ca.liang.EmployeeDB: java.util.List getAllEmployees()>()
Unit: $r17 = r0.<ca.liang.PayRollArrayMockTest: ca.liang.BankService bankService>
Unit: $r7 = r0.<ca.liang.PayRollArrayMockTest: ca.liang.Employee[] employees_mock>
Unit: $r1 = newarray (ca.liang.Employee)[0]
Unit: $r12 = staticinvoke <org.mockito.Mockito: org.mockito.stubbing.OngoingStubbing when(java.lang.Object)>($r11)
Unit: $r3 = (ca.liang.EmployeeDB) $r2
Value: $r3
Possibly Mock: true

Unit: $r6 = newarray (ca.liang.Employee)[1]
Unit: $r10 = r0.<ca.liang.PayRollArrayMockTest: ca.liang.EmployeeDB employeeDB>
Unit: $r16 = new ca.liang.PayRoll
Unit: r0.<ca.liang.PayRollArrayMockTest: ca.liang.PayRoll payRoll> = $r16
Unit: $r9 = (ca.liang.Employee) $r8
Value: $r9
Possibly Mock: true

Unit: r0.<ca.liang.PayRollArrayMockTest: ca.liang.Employee[] employees_nomock> = $r1
Unit: r0 := @this: ca.liang.PayRollArrayMockTest
Unit: $r8 = staticinvoke <org.mockito.Mockito: java.lang.Object mock(java.lang.Class)>(class "Lca/liang/Employee;")
Value: $r8
Possibly Mock: true

Unit: $r7[0] = $r9
Value: $r7
Array Mock: true

Unit: r0.<ca.liang.PayRollArrayMockTest: ca.liang.EmployeeDB employeeDB> = $r3
Unit: $r4 = staticinvoke <org.mockito.Mockito: java.lang.Object mock(java.lang.Class)>(class "Lca/liang/BankService;")
Value: $r4
Possibly Mock: true

Unit: $r14 = staticinvoke <java.util.Arrays: java.util.List asList(java.lang.Object[])>($r13)
Unit: return
Unit: specialinvoke $r16.<ca.liang.PayRoll: void <init>(ca.liang.EmployeeDB,ca.liang.BankService)>($r18, $r17)
Unit: $r5 = (ca.liang.BankService) $r4
Value: $r5
Possibly Mock: true

Unit: r0.<ca.liang.PayRollArrayMockTest: ca.liang.BankService bankService> = $r5
Unit: $r2 = staticinvoke <org.mockito.Mockito: java.lang.Object mock(java.lang.Class)>(class "Lca/liang/EmployeeDB;")
Value: $r2
Possibly Mock: true

Unit: r0.<ca.liang.PayRollArrayMockTest: ca.liang.Employee[] employees_mock> = $r6
Unit: $r13 = r0.<ca.liang.PayRollArrayMockTest: ca.liang.Employee[] employees_nomock>
	method testNoEmployees : 
Unit: r0 := @this: ca.liang.PayRollArrayMockTest
Unit: specialinvoke r0.<ca.liang.PayRollArrayMockTest: void assertNumberOfPayments(int)>(0)
Unit: return
	method testEmployeesPaidIntra : 
Unit: r1[1] = $r8
Value: r1
Array Mock: true

Unit: $r6 = (ca.liang.Employee) $r5
Value: $r6
Possibly Mock: true

Unit: staticinvoke <org.junit.Assert: void assertEquals(long,long)>(2L, $l1)
Unit: $r5 = staticinvoke <org.mockito.Mockito: java.lang.Object mock(java.lang.Class)>(class "Lca/liang/Employee;")
Value: $r5
Possibly Mock: true

Unit: $l1 = (long) i0
Unit: $r11 = staticinvoke <org.mockito.Mockito: java.lang.Object mock(java.lang.Class)>(class "Lca/liang/BankService;")
Value: $r11
Possibly Mock: true

Unit: r1[0] = $r6
Value: r1
Array Mock: true

Unit: $r8 = (ca.liang.Employee) $r7
Value: $r8
Possibly Mock: true

Unit: $r10 = staticinvoke <java.util.Arrays: java.util.List asList(java.lang.Object[])>(r1)
Unit: r0 := @this: ca.liang.PayRollArrayMockTest
Unit: r4 = $r12
Unit: specialinvoke $r12.<ca.liang.PayRoll: void <init>(ca.liang.Employee[],ca.liang.BankService)>(r1, r3)
Unit: r3 = (ca.liang.BankService) $r11
Value: r3
Possibly Mock: true

Unit: $r12 = new ca.liang.PayRoll
Unit: specialinvoke $r9.<ca.liang.EmployeeDB: void <init>(java.util.List)>($r10)
Unit: $r9 = new ca.liang.EmployeeDB
Unit: $r7 = staticinvoke <org.mockito.Mockito: java.lang.Object mock(java.lang.Class)>(class "Lca/liang/Employee;")
Value: $r7
Possibly Mock: true

Unit: i0 = virtualinvoke r4.<ca.liang.PayRoll: int monthlyPayment()>()
Unit: r1 = newarray (ca.liang.Employee)[2]
Unit: r2 = $r9
Unit: return
	method testSingleEmployeeFieldArrayNomock : 
Unit: $r5 = new ca.liang.Employee
Unit: $r8 = virtualinvoke r3.<ca.liang.Employee: java.lang.String getName()>()
Unit: specialinvoke $r5.<ca.liang.Employee: void <init>(java.lang.String,java.lang.String,int)>(r1, r2, s0)
Unit: r1 = "Test Employee"
Unit: return
Unit: r0.<ca.liang.PayRollArrayMockTest: ca.liang.Employee[] employees_nomock> = $r4
Unit: r3 = $r7[0]
Unit: $r6[0] = $r5
Unit: $r6 = r0.<ca.liang.PayRollArrayMockTest: ca.liang.Employee[] employees_nomock>
Unit: r0 := @this: ca.liang.PayRollArrayMockTest
Unit: s0 = 1000
Unit: r2 = "ID0"
Unit: $r4 = newarray (ca.liang.Employee)[1]
Unit: staticinvoke <org.junit.Assert: void assertEquals(java.lang.Object,java.lang.Object)>($r8, r1)
Unit: $r7 = r0.<ca.liang.PayRollArrayMockTest: ca.liang.Employee[] employees_nomock>
	method testSingleEmployeeFieldArrayMock : 
Unit: $r6 = staticinvoke <org.mockito.Mockito: org.mockito.stubbing.OngoingStubbing when(java.lang.Object)>($r5)
Unit: s0 = 1000
Unit: $r8 = virtualinvoke r3.<ca.liang.Employee: java.lang.String getName()>()
Unit: return
Unit: r3 = $r4[0]
Unit: interfaceinvoke $r6.<org.mockito.stubbing.OngoingStubbing: org.mockito.stubbing.OngoingStubbing thenReturn(java.lang.Object)>(r1)
Unit: staticinvoke <org.junit.Assert: void assertEquals(java.lang.Object,java.lang.Object)>($r8, r1)
Unit: r2 = "ID0"
Unit: $r5 = virtualinvoke r3.<ca.liang.Employee: java.lang.String getName()>()
Unit: $r4 = r0.<ca.liang.PayRollArrayMockTest: ca.liang.Employee[] employees_mock>
Unit: r0 := @this: ca.liang.PayRollArrayMockTest
Unit: r1 = "Test Employee"
	method testSingleEmployeeLocalArrayNomock : 
Unit: r0 := @this: ca.liang.PayRollArrayMockTest
Unit: $r5 = new ca.liang.Employee
Unit: r3 = "ID0"
Unit: s0 = 1000
Unit: specialinvoke $r5.<ca.liang.Employee: void <init>(java.lang.String,java.lang.String,int)>(r2, r3, s0)
Unit: r4 = r1[0]
Unit: $r6 = virtualinvoke r4.<ca.liang.Employee: java.lang.String getName()>()
Unit: r2 = "Test Employee"
Unit: r1[0] = $r5
Unit: return
Unit: r1 = newarray (ca.liang.Employee)[1]
Unit: staticinvoke <org.junit.Assert: void assertEquals(java.lang.Object,java.lang.Object)>($r6, r2)
	method testSingleEmployeeLocalArrayMock : 
Unit: r0 := @this: ca.liang.PayRollArrayMockTest
Unit: r4 = (ca.liang.Employee) $r6
Value: r4
Possibly Mock: true

Unit: r1 = newarray (ca.liang.Employee)[1]
Unit: r5 = r1[0]
Unit: r3 = "ID0"
Unit: interfaceinvoke $r8.<org.mockito.stubbing.OngoingStubbing: org.mockito.stubbing.OngoingStubbing thenReturn(java.lang.Object)>(r2)
Unit: r2 = "Test Employee"
Unit: r1[0] = r4
Value: r1
Array Mock: true

Unit: s0 = 1000
Unit: $r7 = virtualinvoke r4.<ca.liang.Employee: java.lang.String getName()>()
Unit: $r10 = virtualinvoke r5.<ca.liang.Employee: java.lang.String getName()>()
Unit: staticinvoke <org.junit.Assert: void assertEquals(java.lang.Object,java.lang.Object)>($r10, r2)
Unit: $r8 = staticinvoke <org.mockito.Mockito: org.mockito.stubbing.OngoingStubbing when(java.lang.Object)>($r7)
Unit: return
Unit: $r6 = staticinvoke <org.mockito.Mockito: java.lang.Object mock(java.lang.Class)>(class "Lca/liang/Employee;")
Value: $r6
Possibly Mock: true

	method testAllEmployeesArePaidArrayIntra : 
Unit: r3 = $r10
Unit: $r14 = staticinvoke <org.mockito.Mockito: org.mockito.stubbing.OngoingStubbing when(java.lang.Object)>($r13)
Unit: $r28 = interfaceinvoke $r27.<java.util.List: java.lang.Object get(int)>(0)
Unit: r1 = (ca.liang.Employee) $r8
Value: r1
Possibly Mock: true

Unit: $r39 = interfaceinvoke $r38.<java.util.List: java.lang.Object get(int)>(1)
Unit: virtualinvoke $r20.<ca.liang.BankService: void makePayment(java.lang.String,int)>($r22, $i0)
Unit: $r33 = r3[0]
Unit: $r22 = (java.lang.String) $r21
Unit: $r37 = r3[1]
Unit: $r8 = staticinvoke <org.mockito.Mockito: java.lang.Object mock(java.lang.Class)>(class "Lca/liang/Employee;")
Value: $r8
Possibly Mock: true

Unit: $r20 = (ca.liang.BankService) $r19
Value: $r20
Possibly Mock: true

Unit: r0 := @this: ca.liang.PayRollArrayMockTest
Unit: specialinvoke $r17.<ca.liang.PayRoll: void <init>(ca.liang.EmployeeDB,ca.liang.BankService)>(r4, r5)
Unit: $r11 = staticinvoke <org.mockito.Mockito: java.lang.Object mock(java.lang.Class)>(class "Lca/liang/EmployeeDB;")
Value: $r11
Possibly Mock: true

Unit: r5 = (ca.liang.BankService) $r12
Value: r5
Possibly Mock: true

Unit: r0.<ca.liang.PayRollArrayMockTest: ca.liang.PayRoll payRoll> = $r17
Unit: staticinvoke <org.junit.Assert: void assertEquals(long,long)>($l2, $l4)
Unit: $r27 = virtualinvoke r6.<org.mockito.ArgumentCaptor: java.util.List getAllValues()>()
Unit: $r32 = interfaceinvoke $r31.<java.util.List: java.lang.Object get(int)>(1)
Unit: r6 = staticinvoke <org.mockito.ArgumentCaptor: org.mockito.ArgumentCaptor forClass(java.lang.Class)>(class "Ljava/lang/String;")
Unit: $i7 = virtualinvoke $r40.<java.lang.Integer: int intValue()>()
Unit: r7 = staticinvoke <org.mockito.ArgumentCaptor: org.mockito.ArgumentCaptor forClass(java.lang.Class)>(class "Ljava/lang/Integer;")
Unit: interfaceinvoke $r14.<org.mockito.stubbing.OngoingStubbing: org.mockito.stubbing.OngoingStubbing thenReturn(java.lang.Object)>($r15)
Unit: $r10[1] = r2
Value: $r10
Array Mock: true

Unit: $i3 = virtualinvoke $r36.<java.lang.Integer: int intValue()>()
Unit: $r23 = virtualinvoke r7.<org.mockito.ArgumentCaptor: java.lang.Object capture()>()
Unit: specialinvoke r0.<ca.liang.PayRollArrayMockTest: void assertNumberOfPayments(int)>(2)
Unit: $r34 = virtualinvoke r7.<org.mockito.ArgumentCaptor: java.util.List getAllValues()>()
Unit: staticinvoke <org.junit.Assert: void assertEquals(long,long)>($l6, $l8)
Unit: $l4 = (long) $i3
Unit: $r10[0] = r1
Value: $r10
Array Mock: true

Unit: $r18 = staticinvoke <org.mockito.Mockito: org.mockito.verification.VerificationMode times(int)>(2)
Unit: $r36 = (java.lang.Integer) $r35
Unit: $r12 = staticinvoke <org.mockito.Mockito: java.lang.Object mock(java.lang.Class)>(class "Lca/liang/BankService;")
Value: $r12
Possibly Mock: true

Unit: $r13 = virtualinvoke r4.<ca.liang.EmployeeDB: java.util.List getAllEmployees()>()
Unit: $i1 = virtualinvoke $r33.<ca.liang.Employee: int getSalary()>()
Unit: $l6 = (long) $i5
Unit: r4 = (ca.liang.EmployeeDB) $r11
Value: r4
Possibly Mock: true

Unit: $r9 = staticinvoke <org.mockito.Mockito: java.lang.Object mock(java.lang.Class)>(class "Lca/liang/Employee;")
Value: $r9
Possibly Mock: true

Unit: staticinvoke <org.junit.Assert: void assertEquals(java.lang.Object,java.lang.Object)>($r30, $r32)
Unit: $i0 = virtualinvoke $r24.<java.lang.Integer: int intValue()>()
Unit: $r15 = staticinvoke <java.util.Arrays: java.util.List asList(java.lang.Object[])>(r3)
Unit: $r24 = (java.lang.Integer) $r23
Unit: $r19 = staticinvoke <org.mockito.Mockito: java.lang.Object verify(java.lang.Object,org.mockito.verification.VerificationMode)>(r5, $r18)
Value: $r19
Possibly Mock: true

Unit: $r29 = r3[1]
Unit: $l2 = (long) $i1
Unit: $r40 = (java.lang.Integer) $r39
Unit: $r25 = r3[0]
Unit: $r26 = virtualinvoke $r25.<ca.liang.Employee: java.lang.String getBankId()>()
Unit: $r30 = virtualinvoke $r29.<ca.liang.Employee: java.lang.String getBankId()>()
Unit: $r21 = virtualinvoke r6.<org.mockito.ArgumentCaptor: java.lang.Object capture()>()
Unit: $r10 = newarray (ca.liang.Employee)[2]
Unit: $r17 = new ca.liang.PayRoll
Unit: staticinvoke <org.junit.Assert: void assertEquals(java.lang.Object,java.lang.Object)>($r26, $r28)
Unit: $r35 = interfaceinvoke $r34.<java.util.List: java.lang.Object get(int)>(0)
Unit: $r38 = virtualinvoke r7.<org.mockito.ArgumentCaptor: java.util.List getAllValues()>()
Unit: r2 = (ca.liang.Employee) $r9
Value: r2
Possibly Mock: true

Unit: return
Unit: $l8 = (long) $i7
Unit: $r31 = virtualinvoke r6.<org.mockito.ArgumentCaptor: java.util.List getAllValues()>()
Unit: $i5 = virtualinvoke $r37.<ca.liang.Employee: int getSalary()>()
	method testAllEmployeesArePaidArray : 
Unit: $r34 = interfaceinvoke $r33.<java.util.List: java.lang.Object get(int)>(1)
Unit: $r8 = r0.<ca.liang.PayRollArrayMockTest: ca.liang.EmployeeDB employeeDB>
Unit: $i3 = virtualinvoke $r39.<java.lang.Integer: int intValue()>()
Unit: $r22 = (java.lang.String) $r21
Unit: $r36 = $r35[0]
Unit: $i1 = virtualinvoke $r36.<ca.liang.Employee: int getSalary()>()
Unit: $r25 = r0.<ca.liang.PayRollArrayMockTest: ca.liang.Employee[] employees_mock>
Unit: $r32 = virtualinvoke $r31.<ca.liang.Employee: java.lang.String getBankId()>()
Unit: $r16 = r0.<ca.liang.PayRollArrayMockTest: ca.liang.EmployeeDB employeeDB>
Unit: $r37 = virtualinvoke r2.<org.mockito.ArgumentCaptor: java.util.List getAllValues()>()
Unit: $r7 = (ca.liang.BankService) $r6
Value: $r7
Possibly Mock: true

Unit: r0.<ca.liang.PayRollArrayMockTest: ca.liang.PayRoll payRoll> = $r14
Unit: $r30 = r0.<ca.liang.PayRollArrayMockTest: ca.liang.Employee[] employees_mock>
Unit: $r42 = virtualinvoke r2.<org.mockito.ArgumentCaptor: java.util.List getAllValues()>()
Unit: specialinvoke r0.<ca.liang.PayRollArrayMockTest: void assertNumberOfPayments(int)>(2)
Unit: $r39 = (java.lang.Integer) $r38
Unit: $i5 = virtualinvoke $r41.<ca.liang.Employee: int getSalary()>()
Unit: staticinvoke <org.junit.Assert: void assertEquals(java.lang.Object,java.lang.Object)>($r32, $r34)
Unit: $l6 = (long) $i5
Unit: $r4 = staticinvoke <org.mockito.Mockito: java.lang.Object mock(java.lang.Class)>(class "Lca/liang/EmployeeDB;")
Value: $r4
Possibly Mock: true

Unit: $r5 = (ca.liang.EmployeeDB) $r4
Value: $r5
Possibly Mock: true

Unit: $r3 = specialinvoke r0.<ca.liang.PayRollArrayMockTest: ca.liang.Employee[] createEmployees()>()
Unit: $r14 = new ca.liang.PayRoll
Unit: $r35 = r0.<ca.liang.PayRollArrayMockTest: ca.liang.Employee[] employees_mock>
Unit: r0.<ca.liang.PayRollArrayMockTest: ca.liang.EmployeeDB employeeDB> = $r5
Unit: $i7 = virtualinvoke $r44.<java.lang.Integer: int intValue()>()
Unit: $r29 = interfaceinvoke $r28.<java.util.List: java.lang.Object get(int)>(0)
Unit: $r40 = r0.<ca.liang.PayRollArrayMockTest: ca.liang.Employee[] employees_mock>
Unit: $r24 = (java.lang.Integer) $r23
Unit: $r21 = virtualinvoke r1.<org.mockito.ArgumentCaptor: java.lang.Object capture()>()
Unit: r0.<ca.liang.PayRollArrayMockTest: ca.liang.BankService bankService> = $r7
Unit: $i0 = virtualinvoke $r24.<java.lang.Integer: int intValue()>()
Unit: $r6 = staticinvoke <org.mockito.Mockito: java.lang.Object mock(java.lang.Class)>(class "Lca/liang/BankService;")
Value: $r6
Possibly Mock: true

Unit: $l8 = (long) $i7
Unit: $r9 = virtualinvoke $r8.<ca.liang.EmployeeDB: java.util.List getAllEmployees()>()
Unit: r2 = staticinvoke <org.mockito.ArgumentCaptor: org.mockito.ArgumentCaptor forClass(java.lang.Class)>(class "Ljava/lang/Integer;")
Unit: $r11 = r0.<ca.liang.PayRollArrayMockTest: ca.liang.Employee[] employees_mock>
Unit: staticinvoke <org.junit.Assert: void assertEquals(java.lang.Object,java.lang.Object)>($r27, $r29)
Unit: $l4 = (long) $i3
Unit: $l2 = (long) $i1
Unit: $r33 = virtualinvoke r1.<org.mockito.ArgumentCaptor: java.util.List getAllValues()>()
Unit: $r10 = staticinvoke <org.mockito.Mockito: org.mockito.stubbing.OngoingStubbing when(java.lang.Object)>($r9)
Unit: $r15 = r0.<ca.liang.PayRollArrayMockTest: ca.liang.BankService bankService>
Unit: $r19 = staticinvoke <org.mockito.Mockito: java.lang.Object verify(java.lang.Object,org.mockito.verification.VerificationMode)>($r17, $r18)
Value: $r19
Possibly Mock: true

Unit: $r28 = virtualinvoke r1.<org.mockito.ArgumentCaptor: java.util.List getAllValues()>()
Unit: $r43 = interfaceinvoke $r42.<java.util.List: java.lang.Object get(int)>(1)
Unit: $r18 = staticinvoke <org.mockito.Mockito: org.mockito.verification.VerificationMode times(int)>(2)
Unit: $r17 = r0.<ca.liang.PayRollArrayMockTest: ca.liang.BankService bankService>
Unit: staticinvoke <org.junit.Assert: void assertEquals(long,long)>($l2, $l4)
Unit: return
Unit: r0.<ca.liang.PayRollArrayMockTest: ca.liang.Employee[] employees_mock> = $r3
Unit: r1 = staticinvoke <org.mockito.ArgumentCaptor: org.mockito.ArgumentCaptor forClass(java.lang.Class)>(class "Ljava/lang/String;")
Unit: staticinvoke <org.junit.Assert: void assertEquals(long,long)>($l6, $l8)
Unit: $r12 = staticinvoke <java.util.Arrays: java.util.List asList(java.lang.Object[])>($r11)
Unit: $r27 = virtualinvoke $r26.<ca.liang.Employee: java.lang.String getBankId()>()
Unit: $r20 = (ca.liang.BankService) $r19
Value: $r20
Possibly Mock: true

Unit: $r26 = $r25[0]
Unit: $r23 = virtualinvoke r2.<org.mockito.ArgumentCaptor: java.lang.Object capture()>()
Unit: r0 := @this: ca.liang.PayRollArrayMockTest
Unit: $r38 = interfaceinvoke $r37.<java.util.List: java.lang.Object get(int)>(0)
Unit: $r44 = (java.lang.Integer) $r43
Unit: $r31 = $r30[1]
Unit: $r41 = $r40[1]
Unit: virtualinvoke $r20.<ca.liang.BankService: void makePayment(java.lang.String,int)>($r22, $i0)
Unit: interfaceinvoke $r10.<org.mockito.stubbing.OngoingStubbing: org.mockito.stubbing.OngoingStubbing thenReturn(java.lang.Object)>($r12)
Unit: specialinvoke $r14.<ca.liang.PayRoll: void <init>(ca.liang.EmployeeDB,ca.liang.BankService)>($r16, $r15)
	method assertNumberOfPayments : 
	method createTestEmployee : 
	method createEmployees : 
 ====================================== 
** CLASS ca.liang.EmployeeDB
	method <init> : 
	method getAllEmployees : 
 ====================================== 
** CLASS ca.liang.PayRollMockTest
	method <init> : 
	method init : 
Unit: r0.<ca.liang.PayRollMockTest: ca.liang.BankService bankService> = $r5
Unit: $r7 = virtualinvoke $r6.<ca.liang.EmployeeDB: java.util.List getAllEmployees()>()
Unit: $r5 = (ca.liang.BankService) $r4
Value: $r5
Possibly Mock: true

Unit: $r11 = new ca.liang.PayRoll
Unit: specialinvoke $r11.<ca.liang.PayRoll: void <init>(ca.liang.EmployeeDB,ca.liang.BankService)>($r13, $r12)
Unit: specialinvoke $r1.<java.util.ArrayList: void <init>()>()
Unit: $r1 = new java.util.ArrayList
Unit: $r2 = staticinvoke <org.mockito.Mockito: java.lang.Object mock(java.lang.Class)>(class "Lca/liang/EmployeeDB;")
Value: $r2
Possibly Mock: true

Unit: $r12 = r0.<ca.liang.PayRollMockTest: ca.liang.BankService bankService>
Unit: r0.<ca.liang.PayRollMockTest: ca.liang.EmployeeDB employeeDB> = $r3
Unit: $r9 = r0.<ca.liang.PayRollMockTest: java.util.List employees>
Unit: $r6 = r0.<ca.liang.PayRollMockTest: ca.liang.EmployeeDB employeeDB>
Unit: interfaceinvoke $r8.<org.mockito.stubbing.OngoingStubbing: org.mockito.stubbing.OngoingStubbing thenReturn(java.lang.Object)>($r9)
Unit: $r4 = staticinvoke <org.mockito.Mockito: java.lang.Object mock(java.lang.Class)>(class "Lca/liang/BankService;")
Value: $r4
Possibly Mock: true

Unit: r0.<ca.liang.PayRollMockTest: ca.liang.PayRoll payRoll> = $r11
Unit: r0 := @this: ca.liang.PayRollMockTest
Unit: $r13 = r0.<ca.liang.PayRollMockTest: ca.liang.EmployeeDB employeeDB>
Unit: return
Unit: $r3 = (ca.liang.EmployeeDB) $r2
Value: $r3
Possibly Mock: true

Unit: r0.<ca.liang.PayRollMockTest: java.util.List employees> = $r1
Unit: $r8 = staticinvoke <org.mockito.Mockito: org.mockito.stubbing.OngoingStubbing when(java.lang.Object)>($r7)
	method testNoEmployees : 
Unit: r0 := @this: ca.liang.PayRollMockTest
Unit: return
Unit: specialinvoke r0.<ca.liang.PayRollMockTest: void assertNumberOfPayments(int)>(0)
	method testNoEmployeesIntra : 
Unit: $r8 = virtualinvoke r2.<ca.liang.EmployeeDB: java.util.List getAllEmployees()>()
Unit: $l1 = (long) i0
Unit: r3 = (ca.liang.BankService) $r7
Value: r3
Possibly Mock: true

Unit: $r5 = new java.util.ArrayList
Unit: specialinvoke $r11.<ca.liang.PayRoll: void <init>(ca.liang.EmployeeDB,ca.liang.BankService)>(r2, r3)
Unit: i0 = virtualinvoke r4.<ca.liang.PayRoll: int monthlyPayment()>()
Unit: r0 := @this: ca.liang.PayRollMockTest
Unit: r2 = (ca.liang.EmployeeDB) $r6
Value: r2
Possibly Mock: true

Unit: interfaceinvoke $r9.<org.mockito.stubbing.OngoingStubbing: org.mockito.stubbing.OngoingStubbing thenReturn(java.lang.Object)>(r1)
Unit: $r7 = staticinvoke <org.mockito.Mockito: java.lang.Object mock(java.lang.Class)>(class "Lca/liang/BankService;")
Value: $r7
Possibly Mock: true

Unit: $r9 = staticinvoke <org.mockito.Mockito: org.mockito.stubbing.OngoingStubbing when(java.lang.Object)>($r8)
Unit: $r11 = new ca.liang.PayRoll
Unit: $r6 = staticinvoke <org.mockito.Mockito: java.lang.Object mock(java.lang.Class)>(class "Lca/liang/EmployeeDB;")
Value: $r6
Possibly Mock: true

Unit: return
Unit: specialinvoke $r5.<java.util.ArrayList: void <init>()>()
Unit: r1 = $r5
Unit: r4 = $r11
Unit: staticinvoke <org.junit.Assert: void assertEquals(long,long)>(0L, $l1)
	method testSingleEmployee : 
Unit: $r1 = r0.<ca.liang.PayRollMockTest: java.util.List employees>
Unit: return
Unit: interfaceinvoke $r1.<java.util.List: boolean add(java.lang.Object)>($r2)
Unit: specialinvoke r0.<ca.liang.PayRollMockTest: void assertNumberOfPayments(int)>(1)
Unit: $r2 = specialinvoke r0.<ca.liang.PayRollMockTest: ca.liang.Employee createTestEmployee(java.lang.String,java.lang.String,int)>("Test Employee", "ID0", 1000)
Unit: r0 := @this: ca.liang.PayRollMockTest
	method testSingleEmployeeMock : 
Unit: $r2 = virtualinvoke r1.<ca.liang.Employee: java.lang.String getName()>()
Unit: r1 = specialinvoke r0.<ca.liang.PayRollMockTest: ca.liang.Employee createMockEmployee()>()
Unit: staticinvoke <org.junit.Assert: void assertEquals(java.lang.Object,java.lang.Object)>($r2, "J. Doe")
Unit: r0 := @this: ca.liang.PayRollMockTest
Unit: return
	method testEmployeeIsPaid : 
Unit: $r5 = staticinvoke <org.mockito.Mockito: org.mockito.verification.VerificationMode times(int)>(1)
Unit: s0 = 1000
Unit: r0 := @this: ca.liang.PayRollMockTest
Unit: $r3 = specialinvoke r0.<ca.liang.PayRollMockTest: ca.liang.Employee createTestEmployee(java.lang.String,java.lang.String,int)>("Test Employee", r1, s0)
Unit: virtualinvoke $r7.<ca.liang.BankService: void makePayment(java.lang.String,int)>(r1, s0)
Unit: interfaceinvoke $r2.<java.util.List: boolean add(java.lang.Object)>($r3)
Unit: $r4 = r0.<ca.liang.PayRollMockTest: ca.liang.BankService bankService>
Unit: $r6 = staticinvoke <org.mockito.Mockito: java.lang.Object verify(java.lang.Object,org.mockito.verification.VerificationMode)>($r4, $r5)
Value: $r6
Possibly Mock: true

Unit: $r7 = (ca.liang.BankService) $r6
Value: $r7
Possibly Mock: true

Unit: r1 = "ID0"
Unit: specialinvoke r0.<ca.liang.PayRollMockTest: void assertNumberOfPayments(int)>(1)
Unit: $r2 = r0.<ca.liang.PayRollMockTest: java.util.List employees>
Unit: return
	method testAllEmployeesArePaid1 : 
Unit: $r48 = interfaceinvoke $r47.<java.util.List: java.lang.Object get(int)>(1)
Unit: $r22 = staticinvoke <org.mockito.Mockito: org.mockito.verification.VerificationMode times(int)>(2)
Unit: $r12 = (ca.liang.BankService) $r11
Value: $r12
Possibly Mock: true

Unit: $i7 = virtualinvoke $r52.<java.lang.Integer: int intValue()>()
Unit: $r44 = virtualinvoke r5.<org.mockito.ArgumentCaptor: java.util.List getAllValues()>()
Unit: $r51 = interfaceinvoke $r50.<java.util.List: java.lang.Object get(int)>(1)
Unit: $r18 = new ca.liang.PayRoll
Unit: $r30 = interfaceinvoke $r29.<java.util.List: java.lang.Object get(int)>(0)
Unit: $r24 = (ca.liang.BankService) $r23
Value: $r24
Possibly Mock: true

Unit: $r36 = interfaceinvoke $r35.<java.util.List: java.lang.Object get(int)>(1)
Unit: $r21 = r0.<ca.liang.PayRollMockTest: ca.liang.BankService bankService>
Unit: staticinvoke <org.junit.Assert: void assertEquals(java.lang.Object,java.lang.Object)>($r32, $r34)
Unit: $r47 = r0.<ca.liang.PayRollMockTest: java.util.List employees>
Unit: staticinvoke <org.junit.Assert: void assertEquals(long,long)>($l2, $l4)
Unit: staticinvoke <org.junit.Assert: void assertEquals(java.lang.Object,java.lang.Object)>($r38, $r40)
Unit: r3 = (ca.liang.Employee) $r8
Value: r3
Possibly Mock: true

Unit: $r13 = r0.<ca.liang.PayRollMockTest: ca.liang.EmployeeDB employeeDB>
Unit: $r14 = virtualinvoke $r13.<ca.liang.EmployeeDB: java.util.List getAllEmployees()>()
Unit: r0.<ca.liang.PayRollMockTest: ca.liang.PayRoll payRoll> = $r18
Unit: $r8 = staticinvoke <org.mockito.Mockito: java.lang.Object mock(java.lang.Class)>(class "Lca/liang/Employee;")
Value: $r8
Possibly Mock: true

Unit: $i1 = virtualinvoke $r43.<ca.liang.Employee: int getSalary()>()
Unit: r0.<ca.liang.PayRollMockTest: ca.liang.BankService bankService> = $r12
Unit: specialinvoke r0.<ca.liang.PayRollMockTest: void assertNumberOfPayments(int)>(2)
Unit: $i0 = virtualinvoke $r28.<java.lang.Integer: int intValue()>()
Unit: $i3 = virtualinvoke $r46.<java.lang.Integer: int intValue()>()
Unit: $r33 = virtualinvoke r4.<org.mockito.ArgumentCaptor: java.util.List getAllValues()>()
Unit: $r11 = staticinvoke <org.mockito.Mockito: java.lang.Object mock(java.lang.Class)>(class "Lca/liang/BankService;")
Value: $r11
Possibly Mock: true

Unit: $r49 = (ca.liang.Employee) $r48
Unit: r5 = staticinvoke <org.mockito.ArgumentCaptor: org.mockito.ArgumentCaptor forClass(java.lang.Class)>(class "Ljava/lang/Integer;")
Unit: $r19 = r0.<ca.liang.PayRollMockTest: ca.liang.BankService bankService>
Unit: $r6 = new java.util.ArrayList
Unit: $r16 = r0.<ca.liang.PayRollMockTest: java.util.List employees>
Unit: virtualinvoke $r24.<ca.liang.BankService: void makePayment(java.lang.String,int)>($r26, $i0)
Unit: $r7 = staticinvoke <org.mockito.Mockito: java.lang.Object mock(java.lang.Class)>(class "Lca/liang/Employee;")
Value: $r7
Possibly Mock: true

Unit: $r35 = r0.<ca.liang.PayRollMockTest: java.util.List employees>
Unit: $l4 = (long) $i3
Unit: $r9 = staticinvoke <org.mockito.Mockito: java.lang.Object mock(java.lang.Class)>(class "Lca/liang/EmployeeDB;")
Value: $r9
Possibly Mock: true

Unit: $r23 = staticinvoke <org.mockito.Mockito: java.lang.Object verify(java.lang.Object,org.mockito.verification.VerificationMode)>($r21, $r22)
Value: $r23
Possibly Mock: true

Unit: r0.<ca.liang.PayRollMockTest: ca.liang.EmployeeDB employeeDB> = $r10
Unit: $r28 = (java.lang.Integer) $r27
Unit: $r32 = virtualinvoke $r31.<ca.liang.Employee: java.lang.String getBankId()>()
Unit: $r31 = (ca.liang.Employee) $r30
Unit: $l6 = (long) $i5
Unit: r4 = staticinvoke <org.mockito.ArgumentCaptor: org.mockito.ArgumentCaptor forClass(java.lang.Class)>(class "Ljava/lang/String;")
Unit: $r41 = r0.<ca.liang.PayRollMockTest: java.util.List employees>
Unit: staticinvoke <org.junit.Assert: void assertEquals(long,long)>($l6, $l8)
Unit: specialinvoke $r18.<ca.liang.PayRoll: void <init>(ca.liang.EmployeeDB,ca.liang.BankService)>($r20, $r19)
Unit: $r20 = r0.<ca.liang.PayRollMockTest: ca.liang.EmployeeDB employeeDB>
Unit: $r45 = interfaceinvoke $r44.<java.util.List: java.lang.Object get(int)>(0)
Unit: $r39 = virtualinvoke r4.<org.mockito.ArgumentCaptor: java.util.List getAllValues()>()
Unit: $l8 = (long) $i7
Unit: r0 := @this: ca.liang.PayRollMockTest
Unit: $r15 = staticinvoke <org.mockito.Mockito: org.mockito.stubbing.OngoingStubbing when(java.lang.Object)>($r14)
Unit: $r37 = (ca.liang.Employee) $r36
Unit: $r29 = r0.<ca.liang.PayRollMockTest: java.util.List employees>
Unit: $r25 = virtualinvoke r4.<org.mockito.ArgumentCaptor: java.lang.Object capture()>()
Unit: r0.<ca.liang.PayRollMockTest: java.util.List employees> = r1
Unit: specialinvoke $r6.<java.util.ArrayList: void <init>()>()
Unit: $r40 = interfaceinvoke $r39.<java.util.List: java.lang.Object get(int)>(1)
Unit: $r43 = (ca.liang.Employee) $r42
Unit: return
Unit: interfaceinvoke r1.<java.util.List: boolean add(java.lang.Object)>(r2)
Value: r1
Collection Mock: true

Unit: $r27 = virtualinvoke r5.<org.mockito.ArgumentCaptor: java.lang.Object capture()>()
Unit: interfaceinvoke r1.<java.util.List: boolean add(java.lang.Object)>(r3)
Value: r1
Collection Mock: true

Unit: interfaceinvoke $r15.<org.mockito.stubbing.OngoingStubbing: org.mockito.stubbing.OngoingStubbing thenReturn(java.lang.Object)>($r16)
Unit: r2 = (ca.liang.Employee) $r7
Value: r2
Possibly Mock: true

Unit: $r38 = virtualinvoke $r37.<ca.liang.Employee: java.lang.String getBankId()>()
Unit: $r50 = virtualinvoke r5.<org.mockito.ArgumentCaptor: java.util.List getAllValues()>()
Unit: $r10 = (ca.liang.EmployeeDB) $r9
Value: $r10
Possibly Mock: true

Unit: $l2 = (long) $i1
Unit: $r52 = (java.lang.Integer) $r51
Unit: $i5 = virtualinvoke $r49.<ca.liang.Employee: int getSalary()>()
Unit: r1 = $r6
Unit: $r34 = interfaceinvoke $r33.<java.util.List: java.lang.Object get(int)>(0)
Unit: $r42 = interfaceinvoke $r41.<java.util.List: java.lang.Object get(int)>(0)
Unit: $r46 = (java.lang.Integer) $r45
Unit: $r26 = (java.lang.String) $r25
	method testAllEmployeesArePaid2 : 
Unit: $r19 = r0.<ca.liang.PayRollMockTest: ca.liang.BankService bankService>
Unit: $r11 = staticinvoke <org.mockito.Mockito: java.lang.Object mock(java.lang.Class)>(class "Lca/liang/BankService;")
Value: $r11
Possibly Mock: true

Unit: specialinvoke r0.<ca.liang.PayRollMockTest: void assertNumberOfPayments(int)>(2)
Unit: $r25 = virtualinvoke r4.<org.mockito.ArgumentCaptor: java.lang.Object capture()>()
Unit: $r41 = r0.<ca.liang.PayRollMockTest: java.util.List employees>
Unit: $r42 = interfaceinvoke $r41.<java.util.List: java.lang.Object get(int)>(0)
Unit: $r10 = (ca.liang.EmployeeDB) $r9
Value: $r10
Possibly Mock: true

Unit: $r30 = interfaceinvoke $r29.<java.util.List: java.lang.Object get(int)>(0)
Unit: r4 = staticinvoke <org.mockito.ArgumentCaptor: org.mockito.ArgumentCaptor forClass(java.lang.Class)>(class "Ljava/lang/String;")
Unit: $r40 = interfaceinvoke $r39.<java.util.List: java.lang.Object get(int)>(1)
Unit: r2 = (ca.liang.Employee) $r7
Value: r2
Possibly Mock: true

Unit: interfaceinvoke $r15.<org.mockito.stubbing.OngoingStubbing: org.mockito.stubbing.OngoingStubbing thenReturn(java.lang.Object)>($r16)
Unit: staticinvoke <org.junit.Assert: void assertEquals(long,long)>($l2, $l4)
Unit: staticinvoke <org.junit.Assert: void assertEquals(java.lang.Object,java.lang.Object)>($r32, $r34)
Unit: r0.<ca.liang.PayRollMockTest: java.util.List employees> = r1
Unit: $r16 = r0.<ca.liang.PayRollMockTest: java.util.List employees>
Unit: $r33 = virtualinvoke r4.<org.mockito.ArgumentCaptor: java.util.List getAllValues()>()
Unit: r0.<ca.liang.PayRollMockTest: ca.liang.EmployeeDB employeeDB> = $r10
Unit: $i1 = virtualinvoke $r43.<ca.liang.Employee: int getSalary()>()
Unit: $r32 = virtualinvoke $r31.<ca.liang.Employee: java.lang.String getBankId()>()
Unit: $r50 = virtualinvoke r5.<org.mockito.ArgumentCaptor: java.util.List getAllValues()>()
Unit: $l8 = (long) $i7
Unit: $r12 = (ca.liang.BankService) $r11
Value: $r12
Possibly Mock: true

Unit: $r20 = r0.<ca.liang.PayRollMockTest: ca.liang.EmployeeDB employeeDB>
Unit: $i0 = virtualinvoke $r28.<java.lang.Integer: int intValue()>()
Unit: staticinvoke <org.junit.Assert: void assertEquals(long,long)>($l6, $l8)
Unit: virtualinvoke r1.<java.util.ArrayList: boolean add(java.lang.Object)>(r2)
Value: r1
Collection Mock: true

Unit: $r31 = (ca.liang.Employee) $r30
Unit: $r37 = (ca.liang.Employee) $r36
Unit: $r35 = r0.<ca.liang.PayRollMockTest: java.util.List employees>
Unit: $l2 = (long) $i1
Unit: return
Unit: $r21 = r0.<ca.liang.PayRollMockTest: ca.liang.BankService bankService>
Unit: $r28 = (java.lang.Integer) $r27
Unit: virtualinvoke r1.<java.util.ArrayList: boolean add(java.lang.Object)>(r3)
Value: r1
Collection Mock: true

Unit: r0.<ca.liang.PayRollMockTest: ca.liang.BankService bankService> = $r12
Unit: $r43 = (ca.liang.Employee) $r42
Unit: $r7 = staticinvoke <org.mockito.Mockito: java.lang.Object mock(java.lang.Class)>(class "Lca/liang/Employee;")
Value: $r7
Possibly Mock: true

Unit: $r45 = interfaceinvoke $r44.<java.util.List: java.lang.Object get(int)>(0)
Unit: $r36 = interfaceinvoke $r35.<java.util.List: java.lang.Object get(int)>(1)
Unit: $r38 = virtualinvoke $r37.<ca.liang.Employee: java.lang.String getBankId()>()
Unit: $r14 = virtualinvoke $r13.<ca.liang.EmployeeDB: java.util.List getAllEmployees()>()
Unit: $r13 = r0.<ca.liang.PayRollMockTest: ca.liang.EmployeeDB employeeDB>
Unit: $i3 = virtualinvoke $r46.<java.lang.Integer: int intValue()>()
Unit: $l4 = (long) $i3
Unit: $r44 = virtualinvoke r5.<org.mockito.ArgumentCaptor: java.util.List getAllValues()>()
Unit: r1 = $r6
Unit: staticinvoke <org.junit.Assert: void assertEquals(java.lang.Object,java.lang.Object)>($r38, $r40)
Unit: r5 = staticinvoke <org.mockito.ArgumentCaptor: org.mockito.ArgumentCaptor forClass(java.lang.Class)>(class "Ljava/lang/Integer;")
Unit: $r24 = (ca.liang.BankService) $r23
Value: $r24
Possibly Mock: true

Unit: $r49 = (ca.liang.Employee) $r48
Unit: $r18 = new ca.liang.PayRoll
Unit: $r47 = r0.<ca.liang.PayRollMockTest: java.util.List employees>
Unit: $r46 = (java.lang.Integer) $r45
Unit: $i5 = virtualinvoke $r49.<ca.liang.Employee: int getSalary()>()
Unit: $r8 = staticinvoke <org.mockito.Mockito: java.lang.Object mock(java.lang.Class)>(class "Lca/liang/Employee;")
Value: $r8
Possibly Mock: true

Unit: $r51 = interfaceinvoke $r50.<java.util.List: java.lang.Object get(int)>(1)
Unit: $r9 = staticinvoke <org.mockito.Mockito: java.lang.Object mock(java.lang.Class)>(class "Lca/liang/EmployeeDB;")
Value: $r9
Possibly Mock: true

Unit: $r34 = interfaceinvoke $r33.<java.util.List: java.lang.Object get(int)>(0)
Unit: $r48 = interfaceinvoke $r47.<java.util.List: java.lang.Object get(int)>(1)
Unit: $l6 = (long) $i5
Unit: virtualinvoke $r24.<ca.liang.BankService: void makePayment(java.lang.String,int)>($r26, $i0)
Unit: specialinvoke $r18.<ca.liang.PayRoll: void <init>(ca.liang.EmployeeDB,ca.liang.BankService)>($r20, $r19)
Unit: $r52 = (java.lang.Integer) $r51
Unit: $r15 = staticinvoke <org.mockito.Mockito: org.mockito.stubbing.OngoingStubbing when(java.lang.Object)>($r14)
Unit: $r6 = new java.util.ArrayList
Unit: r0.<ca.liang.PayRollMockTest: ca.liang.PayRoll payRoll> = $r18
Unit: $r23 = staticinvoke <org.mockito.Mockito: java.lang.Object verify(java.lang.Object,org.mockito.verification.VerificationMode)>($r21, $r22)
Value: $r23
Possibly Mock: true

Unit: $i7 = virtualinvoke $r52.<java.lang.Integer: int intValue()>()
Unit: r0 := @this: ca.liang.PayRollMockTest
Unit: $r26 = (java.lang.String) $r25
Unit: $r39 = virtualinvoke r4.<org.mockito.ArgumentCaptor: java.util.List getAllValues()>()
Unit: $r27 = virtualinvoke r5.<org.mockito.ArgumentCaptor: java.lang.Object capture()>()
Unit: $r29 = r0.<ca.liang.PayRollMockTest: java.util.List employees>
Unit: specialinvoke $r6.<java.util.ArrayList: void <init>()>()
Unit: $r22 = staticinvoke <org.mockito.Mockito: org.mockito.verification.VerificationMode times(int)>(2)
Unit: r3 = (ca.liang.Employee) $r8
Value: r3
Possibly Mock: true

	method testInteractionOrder : 
Unit: $r8 = r0.<ca.liang.PayRollMockTest: ca.liang.EmployeeDB employeeDB>
Unit: virtualinvoke $r10.<ca.liang.EmployeeDB: java.util.List getAllEmployees()>()
Unit: $r6 = r0.<ca.liang.PayRollMockTest: ca.liang.EmployeeDB employeeDB>
Unit: virtualinvoke $r14.<ca.liang.BankService: void makePayment(java.lang.String,int)>(r1, s0)
Unit: r0 := @this: ca.liang.PayRollMockTest
Unit: $r9 = interfaceinvoke r2.<org.mockito.InOrder: java.lang.Object verify(java.lang.Object)>($r8)
Value: $r9
Possibly Mock: true

Unit: $r5[1] = $r7
Unit: interfaceinvoke $r3.<java.util.List: boolean add(java.lang.Object)>($r4)
Unit: return
Unit: s0 = 1000
Unit: $r12 = r0.<ca.liang.PayRollMockTest: ca.liang.BankService bankService>
Unit: r2 = staticinvoke <org.mockito.Mockito: org.mockito.InOrder inOrder(java.lang.Object[])>($r5)
Unit: r1 = "ID0"
Unit: $r4 = specialinvoke r0.<ca.liang.PayRollMockTest: ca.liang.Employee createTestEmployee(java.lang.String,java.lang.String,int)>("Test Employee", r1, s0)
Unit: $r5[0] = $r6
Unit: specialinvoke r0.<ca.liang.PayRollMockTest: void assertNumberOfPayments(int)>(1)
Unit: $r7 = r0.<ca.liang.PayRollMockTest: ca.liang.BankService bankService>
Unit: $r14 = (ca.liang.BankService) $r13
Value: $r14
Possibly Mock: true

Unit: $r3 = r0.<ca.liang.PayRollMockTest: java.util.List employees>
Unit: $r10 = (ca.liang.EmployeeDB) $r9
Value: $r10
Possibly Mock: true

Unit: $r13 = interfaceinvoke r2.<org.mockito.InOrder: java.lang.Object verify(java.lang.Object)>($r12)
Value: $r13
Possibly Mock: true

Unit: $r5 = newarray (java.lang.Object)[2]
	method assertNumberOfPayments : 
	method createTestEmployee : 
	method createMockEmployee : 
	method createEmployees : 

 ====================================== 
** CLASS ca.liang.PayRollAnnotationMockTest
Number of Methods with MustMock in class: 4
Number of Methods with ArrayMock in class: 1
Number of Methods with Collection in class: 0

 ====================================== 
** CLASS ca.liang.PayRollArrayMockTest
Number of Methods with MustMock in class: 5
Number of Methods with ArrayMock in class: 4
Number of Methods with Collection in class: 0

 ====================================== 
** CLASS ca.liang.PayRollMockTest
Number of Methods with MustMock in class: 6
Number of Methods with ArrayMock in class: 0
Number of Methods with Collection in class: 2

 ====================================== 
Benchmark microbenchmark Mock Stats
Total Number of Test/Before/After Methods with MustMock: 15
Total Number of Test/Before/After Methods with ArrayMock in class: 5
Total Number of Test/Before/After Methods with Collection in class: 2

 ====================================== 
 INVOCATION STATISTICS 



** CLASS ca.liang.BankService




** CLASS ca.liang.RootDriver




** CLASS ca.liang.PayRollAnnotationMockTest




========== method  testSingleEmployee ========: 

	Total invocations on Mocks 1 : 

	InvokeExpr: virtualinvoke $r4.<ca.liang.EmployeeDB: java.util.List getAllEmployees()>()



========== method  testEmployeeIsPaid ========: 

	Total invocations on Mocks 2 : 

	InvokeExpr: virtualinvoke $r5.<ca.liang.EmployeeDB: java.util.List getAllEmployees()>()

	InvokeExpr: virtualinvoke $r17.<ca.liang.BankService: void makePayment(java.lang.String,int)>(r1, s0)



** CLASS ca.liang.PayRoll




** CLASS ca.liang.Employee




** CLASS ca.liang.PayRollArrayMockTest




========== method  testSingleEmployeeLocalArrayMock ========: 

	Total invocations on Mocks 1 : 

	InvokeExpr: virtualinvoke r4.<ca.liang.Employee: java.lang.String getName()>()



========== method  testAllEmployeesArePaidArrayIntra ========: 

	Total invocations on Mocks 2 : 

	InvokeExpr: virtualinvoke r4.<ca.liang.EmployeeDB: java.util.List getAllEmployees()>()

	InvokeExpr: virtualinvoke $r20.<ca.liang.BankService: void makePayment(java.lang.String,int)>($r22, $i0)



========== method  testAllEmployeesArePaidArray ========: 

	Total invocations on Mocks 1 : 

	InvokeExpr: virtualinvoke $r20.<ca.liang.BankService: void makePayment(java.lang.String,int)>($r22, $i0)



** CLASS ca.liang.EmployeeDB




** CLASS ca.liang.PayRollMockTest




========== method  testNoEmployeesIntra ========: 

	Total invocations on Mocks 1 : 

	InvokeExpr: virtualinvoke r2.<ca.liang.EmployeeDB: java.util.List getAllEmployees()>()



========== method  testEmployeeIsPaid ========: 

	Total invocations on Mocks 1 : 

	InvokeExpr: virtualinvoke $r7.<ca.liang.BankService: void makePayment(java.lang.String,int)>(r1, s0)



========== method  testAllEmployeesArePaid1 ========: 

	Total invocations on Mocks 1 : 

	InvokeExpr: virtualinvoke $r24.<ca.liang.BankService: void makePayment(java.lang.String,int)>($r26, $i0)



========== method  testAllEmployeesArePaid2 ========: 

	Total invocations on Mocks 1 : 

	InvokeExpr: virtualinvoke $r24.<ca.liang.BankService: void makePayment(java.lang.String,int)>($r26, $i0)



========== method  testInteractionOrder ========: 

	Total invocations on Mocks 2 : 

	InvokeExpr: virtualinvoke $r10.<ca.liang.EmployeeDB: java.util.List getAllEmployees()>()

	InvokeExpr: virtualinvoke $r14.<ca.liang.BankService: void makePayment(java.lang.String,int)>(r1, s0)

Benchmark Overall Stats 
Total Invocations: 162
Invocations On Mocks: 13

Soot finished on Wed May 05 21:19:25 EDT 2021
Soot has run for 0 min. 40 sec.
