/home/daveroar/Graduation_Studies/ThesisWork/JRefactoring/MockAbstraction
:/home/daveroar/Graduation_Studies/ThesisWork/JRefactoring/MockAbstraction/Benchmarks/microbenchmark/mvn_dependencies/hamcrest-core-1.3.jar:/home/daveroar/Graduation_Studies/ThesisWork/JRefactoring/MockAbstraction/Benchmarks/microbenchmark/mvn_dependencies/junit-4.12.jar:/home/daveroar/Graduation_Studies/ThesisWork/JRefactoring/MockAbstraction/Benchmarks/microbenchmark/mvn_dependencies/mockito-all-1.9.5.jar
it is a maven project
[[1;34mINFO[m] Scanning for projects...
[[1;34mINFO[m] 
[[1;34mINFO[m] [1m-----------------------< [0;36mca.liang:payroll-test[0;1m >------------------------[m
[[1;34mINFO[m] [1mBuilding payroll-test 0.0.1-SNAPSHOT[m
[[1;34mINFO[m] [1m--------------------------------[ jar ]---------------------------------[m
[[1;34mINFO[m] 
[[1;34mINFO[m] [1m--- [0;32mmaven-clean-plugin:2.5:clean[m [1m(default-clean)[m @ [36mpayroll-test[0;1m ---[m
[[1;34mINFO[m] Deleting /home/daveroar/Graduation_Studies/ThesisWork/JRefactoring/MockAbstraction/Benchmarks/microbenchmark/target
[[1;34mINFO[m] 
[[1;34mINFO[m] [1m--- [0;32mmaven-resources-plugin:2.6:resources[m [1m(default-resources)[m @ [36mpayroll-test[0;1m ---[m
[[1;33mWARNING[m] Using platform encoding (UTF-8 actually) to copy filtered resources, i.e. build is platform dependent!
[[1;34mINFO[m] skip non existing resourceDirectory /home/daveroar/Graduation_Studies/ThesisWork/JRefactoring/MockAbstraction/Benchmarks/microbenchmark/src/main/resources
[[1;34mINFO[m] 
[[1;34mINFO[m] [1m--- [0;32mmaven-compiler-plugin:3.1:compile[m [1m(default-compile)[m @ [36mpayroll-test[0;1m ---[m
[[1;34mINFO[m] Changes detected - recompiling the module!
[[1;33mWARNING[m] File encoding has not been set, using platform encoding UTF-8, i.e. build is platform dependent!
[[1;34mINFO[m] Compiling 4 source files to /home/daveroar/Graduation_Studies/ThesisWork/JRefactoring/MockAbstraction/Benchmarks/microbenchmark/target/classes
[[1;34mINFO[m] 
[[1;34mINFO[m] [1m--- [0;32mmaven-resources-plugin:2.6:testResources[m [1m(default-testResources)[m @ [36mpayroll-test[0;1m ---[m
[[1;33mWARNING[m] Using platform encoding (UTF-8 actually) to copy filtered resources, i.e. build is platform dependent!
[[1;34mINFO[m] skip non existing resourceDirectory /home/daveroar/Graduation_Studies/ThesisWork/JRefactoring/MockAbstraction/Benchmarks/microbenchmark/src/test/resources
[[1;34mINFO[m] 
[[1;34mINFO[m] [1m--- [0;32mmaven-compiler-plugin:3.1:testCompile[m [1m(default-testCompile)[m @ [36mpayroll-test[0;1m ---[m
[[1;34mINFO[m] Changes detected - recompiling the module!
[[1;33mWARNING[m] File encoding has not been set, using platform encoding UTF-8, i.e. build is platform dependent!
[[1;34mINFO[m] Compiling 5 source files to /home/daveroar/Graduation_Studies/ThesisWork/JRefactoring/MockAbstraction/Benchmarks/microbenchmark/target/test-classes
[[1;34mINFO[m] 
[[1;34mINFO[m] [1m--- [0;32mmaven-surefire-plugin:2.12.4:test[m [1m(default-test)[m @ [36mpayroll-test[0;1m ---[m
[[1;34mINFO[m] Surefire report directory: /home/daveroar/Graduation_Studies/ThesisWork/JRefactoring/MockAbstraction/Benchmarks/microbenchmark/target/surefire-reports

-------------------------------------------------------
 T E S T S
-------------------------------------------------------
Running ca.liang.PayRollArrayMockTest
Tests run: 5, Failures: 0, Errors: 0, Skipped: 0, Time elapsed: 0.273 sec
Running ca.liang.PayRollMockTest
Tests run: 7, Failures: 0, Errors: 0, Skipped: 0, Time elapsed: 0.002 sec
Running ca.liang.PayRollTest
Tests run: 5, Failures: 0, Errors: 0, Skipped: 0, Time elapsed: 0.004 sec
Running ca.liang.PayRollArrayTest
Tests run: 5, Failures: 0, Errors: 0, Skipped: 0, Time elapsed: 0.004 sec

Results :

Tests run: 22, Failures: 0, Errors: 0, Skipped: 0

[[1;34mINFO[m] [1m------------------------------------------------------------------------[m
[[1;34mINFO[m] [1;32mBUILD SUCCESS[m
[[1;34mINFO[m] [1m------------------------------------------------------------------------[m
[[1;34mINFO[m] Total time:  4.476 s
[[1;34mINFO[m] Finished at: 2021-04-21T19:03:47-04:00
[[1;34mINFO[m] [1m------------------------------------------------------------------------[m
args[0]: ca.liang.Driver
args[1]: /home/daveroar/Graduation_Studies/ThesisWork/JRefactoring/MockAbstraction/Benchmarks/microbenchmark/target/classes
args[2]: /home/daveroar/Graduation_Studies/ThesisWork/JRefactoring/MockAbstraction/Benchmarks/microbenchmark/target/test-classes
args[3]: target/classes:target/test-classes::/home/daveroar/Graduation_Studies/ThesisWork/JRefactoring/MockAbstraction/Benchmarks/microbenchmark/mvn_dependencies/hamcrest-core-1.3.jar:/home/daveroar/Graduation_Studies/ThesisWork/JRefactoring/MockAbstraction/Benchmarks/microbenchmark/mvn_dependencies/junit-4.12.jar:/home/daveroar/Graduation_Studies/ThesisWork/JRefactoring/MockAbstraction/Benchmarks/microbenchmark/mvn_dependencies/mockito-all-1.9.5.jar
args[4]: microbenchmark
args[5]: /home/daveroar/Graduation_Studies/ThesisWork/JRefactoring/MockAbstraction/analysis_output/MockAnalysis
Soot started on Wed Apr 21 19:03:47 EDT 2021
Number of methods to be analyzed: 54
MustMock Local: $r5
MustMock Casted Local: $r6
MustMock Local: $r7
MustMock Casted Local: $r8
MustMock Local: $r11
MustMock Casted Local: r3
MustMock Local: $r5
MustMock Casted Local: $r6
MustMock Local: $r7
MustMock Casted Local: $r8
MustMock Local: $r5
MustMock Casted Local: $r6
MustMock Local: $r7
MustMock Casted Local: $r8
In SootClass: ca.liang.PayRollArrayMockTest
Test Method Body: 
r0 := @this: ca.liang.PayRollArrayMockTest
$r3 = specialinvoke r0.<ca.liang.PayRollArrayMockTest: ca.liang.Employee[] createEmployees()>()
r0.<ca.liang.PayRollArrayMockTest: ca.liang.Employee[] employees> = $r3
$r4 = staticinvoke <org.mockito.Mockito: java.lang.Object mock(java.lang.Class)>(class "Lca/liang/EmployeeDB;")
$r5 = (ca.liang.EmployeeDB) $r4
r0.<ca.liang.PayRollArrayMockTest: ca.liang.EmployeeDB employeeDB> = $r5
$r6 = staticinvoke <org.mockito.Mockito: java.lang.Object mock(java.lang.Class)>(class "Lca/liang/BankService;")
$r7 = (ca.liang.BankService) $r6
r0.<ca.liang.PayRollArrayMockTest: ca.liang.BankService bankService> = $r7
$r8 = r0.<ca.liang.PayRollArrayMockTest: ca.liang.EmployeeDB employeeDB>
$r9 = virtualinvoke $r8.<ca.liang.EmployeeDB: java.util.List getAllEmployees()>()
$r10 = staticinvoke <org.mockito.Mockito: org.mockito.stubbing.OngoingStubbing when(java.lang.Object)>($r9)
$r11 = r0.<ca.liang.PayRollArrayMockTest: ca.liang.Employee[] employees>
$r12 = staticinvoke <java.util.Arrays: java.util.List asList(java.lang.Object[])>($r11)
interfaceinvoke $r10.<org.mockito.stubbing.OngoingStubbing: org.mockito.stubbing.OngoingStubbing thenReturn(java.lang.Object)>($r12)
$r14 = new ca.liang.PayRoll
$r16 = r0.<ca.liang.PayRollArrayMockTest: ca.liang.EmployeeDB employeeDB>
$r15 = r0.<ca.liang.PayRollArrayMockTest: ca.liang.BankService bankService>
specialinvoke $r14.<ca.liang.PayRoll: void <init>(ca.liang.EmployeeDB,ca.liang.BankService)>($r16, $r15)
r0.<ca.liang.PayRollArrayMockTest: ca.liang.PayRoll payRoll> = $r14
specialinvoke r0.<ca.liang.PayRollArrayMockTest: void assertNumberOfPayments(int)>(2)
r1 = staticinvoke <org.mockito.ArgumentCaptor: org.mockito.ArgumentCaptor forClass(java.lang.Class)>(class "Ljava/lang/String;")
r2 = staticinvoke <org.mockito.ArgumentCaptor: org.mockito.ArgumentCaptor forClass(java.lang.Class)>(class "Ljava/lang/Integer;")
$r17 = r0.<ca.liang.PayRollArrayMockTest: ca.liang.BankService bankService>
$r18 = staticinvoke <org.mockito.Mockito: org.mockito.verification.VerificationMode times(int)>(2)
$r19 = staticinvoke <org.mockito.Mockito: java.lang.Object verify(java.lang.Object,org.mockito.verification.VerificationMode)>($r17, $r18)
$r20 = (ca.liang.BankService) $r19
$r21 = virtualinvoke r1.<org.mockito.ArgumentCaptor: java.lang.Object capture()>()
$r22 = (java.lang.String) $r21
$r23 = virtualinvoke r2.<org.mockito.ArgumentCaptor: java.lang.Object capture()>()
$r24 = (java.lang.Integer) $r23
$i0 = virtualinvoke $r24.<java.lang.Integer: int intValue()>()
virtualinvoke $r20.<ca.liang.BankService: void makePayment(java.lang.String,int)>($r22, $i0)
$r25 = r0.<ca.liang.PayRollArrayMockTest: ca.liang.Employee[] employees>
$r26 = $r25[0]
$r27 = virtualinvoke $r26.<ca.liang.Employee: java.lang.String getBankId()>()
$r28 = virtualinvoke r1.<org.mockito.ArgumentCaptor: java.util.List getAllValues()>()
$r29 = interfaceinvoke $r28.<java.util.List: java.lang.Object get(int)>(0)
staticinvoke <org.junit.Assert: void assertEquals(java.lang.Object,java.lang.Object)>($r27, $r29)
$r30 = r0.<ca.liang.PayRollArrayMockTest: ca.liang.Employee[] employees>
$r31 = $r30[1]
$r32 = virtualinvoke $r31.<ca.liang.Employee: java.lang.String getBankId()>()
$r33 = virtualinvoke r1.<org.mockito.ArgumentCaptor: java.util.List getAllValues()>()
$r34 = interfaceinvoke $r33.<java.util.List: java.lang.Object get(int)>(1)
staticinvoke <org.junit.Assert: void assertEquals(java.lang.Object,java.lang.Object)>($r32, $r34)
$r35 = r0.<ca.liang.PayRollArrayMockTest: ca.liang.Employee[] employees>
$r36 = $r35[0]
$i1 = virtualinvoke $r36.<ca.liang.Employee: int getSalary()>()
$l2 = (long) $i1
$r37 = virtualinvoke r2.<org.mockito.ArgumentCaptor: java.util.List getAllValues()>()
$r38 = interfaceinvoke $r37.<java.util.List: java.lang.Object get(int)>(0)
$r39 = (java.lang.Integer) $r38
$i3 = virtualinvoke $r39.<java.lang.Integer: int intValue()>()
$l4 = (long) $i3
staticinvoke <org.junit.Assert: void assertEquals(long,long)>($l2, $l4)
$r40 = r0.<ca.liang.PayRollArrayMockTest: ca.liang.Employee[] employees>
$r41 = $r40[1]
$i5 = virtualinvoke $r41.<ca.liang.Employee: int getSalary()>()
$l6 = (long) $i5
$r42 = virtualinvoke r2.<org.mockito.ArgumentCaptor: java.util.List getAllValues()>()
$r43 = interfaceinvoke $r42.<java.util.List: java.lang.Object get(int)>(1)
$r44 = (java.lang.Integer) $r43
$i7 = virtualinvoke $r44.<java.lang.Integer: int intValue()>()
$l8 = (long) $i7
staticinvoke <org.junit.Assert: void assertEquals(long,long)>($l6, $l8)
return
MustMock Local: $r4
MustMock Casted Local: $r5
MustMock Local: $r6
MustMock Casted Local: $r7
MustMock Local: $r5
MustMock Casted Local: $r6
MustMock Local: $r7
MustMock Casted Local: $r8
MustMock Local: $r9
MustMock Casted Local: r2
MustMock Local: $r10
MustMock Casted Local: r3
MustMock Local: $r3
MustMock Casted Local: $r4
MustMock Local: $r5
MustMock Casted Local: $r6
MustMock Local: $r7
MustMock Casted Local: $r8
MustMock Local: $r5
MustMock Casted Local: $r6
MustMock Local: $r7
MustMock Casted Local: $r8
In SootClass: ca.liang.PayRollArrayTest
Test Method Body: 
r0 := @this: ca.liang.PayRollArrayTest
$r4 = specialinvoke r0.<ca.liang.PayRollArrayTest: ca.liang.Employee[] createEmployees()>()
r0.<ca.liang.PayRollArrayTest: ca.liang.Employee[] employees> = $r4
$r5 = new java.util.ArrayList
specialinvoke $r5.<java.util.ArrayList: void <init>()>()
r1 = $r5
$r6 = r0.<ca.liang.PayRollArrayTest: ca.liang.Employee[] employees>
$r7 = $r6[0]
interfaceinvoke r1.<java.util.List: boolean add(java.lang.Object)>($r7)
$r8 = r0.<ca.liang.PayRollArrayTest: ca.liang.Employee[] employees>
$r9 = $r8[1]
interfaceinvoke r1.<java.util.List: boolean add(java.lang.Object)>($r9)
$r10 = new ca.liang.EmployeeDB
specialinvoke $r10.<ca.liang.EmployeeDB: void <init>(java.util.List)>(r1)
r0.<ca.liang.PayRollArrayTest: ca.liang.EmployeeDB employeeDB> = $r10
$r11 = staticinvoke <org.mockito.Mockito: java.lang.Object mock(java.lang.Class)>(class "Lca/liang/BankService;")
$r12 = (ca.liang.BankService) $r11
r0.<ca.liang.PayRollArrayTest: ca.liang.BankService bankService> = $r12
$r13 = new ca.liang.PayRoll
$r15 = r0.<ca.liang.PayRollArrayTest: ca.liang.EmployeeDB employeeDB>
$r14 = r0.<ca.liang.PayRollArrayTest: ca.liang.BankService bankService>
specialinvoke $r13.<ca.liang.PayRoll: void <init>(ca.liang.EmployeeDB,ca.liang.BankService)>($r15, $r14)
r0.<ca.liang.PayRollArrayTest: ca.liang.PayRoll payRoll> = $r13
specialinvoke r0.<ca.liang.PayRollArrayTest: void assertNumberOfPayments(int)>(2)
r2 = staticinvoke <org.mockito.ArgumentCaptor: org.mockito.ArgumentCaptor forClass(java.lang.Class)>(class "Ljava/lang/String;")
r3 = staticinvoke <org.mockito.ArgumentCaptor: org.mockito.ArgumentCaptor forClass(java.lang.Class)>(class "Ljava/lang/Integer;")
$r16 = r0.<ca.liang.PayRollArrayTest: ca.liang.BankService bankService>
$r17 = staticinvoke <org.mockito.Mockito: org.mockito.verification.VerificationMode times(int)>(2)
$r18 = staticinvoke <org.mockito.Mockito: java.lang.Object verify(java.lang.Object,org.mockito.verification.VerificationMode)>($r16, $r17)
$r19 = (ca.liang.BankService) $r18
$r20 = virtualinvoke r2.<org.mockito.ArgumentCaptor: java.lang.Object capture()>()
$r21 = (java.lang.String) $r20
$r22 = virtualinvoke r3.<org.mockito.ArgumentCaptor: java.lang.Object capture()>()
$r23 = (java.lang.Integer) $r22
$i0 = virtualinvoke $r23.<java.lang.Integer: int intValue()>()
virtualinvoke $r19.<ca.liang.BankService: void makePayment(java.lang.String,int)>($r21, $i0)
$r24 = r0.<ca.liang.PayRollArrayTest: ca.liang.Employee[] employees>
$r25 = $r24[0]
$r26 = virtualinvoke $r25.<ca.liang.Employee: java.lang.String getBankId()>()
$r27 = virtualinvoke r2.<org.mockito.ArgumentCaptor: java.util.List getAllValues()>()
$r28 = interfaceinvoke $r27.<java.util.List: java.lang.Object get(int)>(0)
staticinvoke <org.junit.Assert: void assertEquals(java.lang.Object,java.lang.Object)>($r26, $r28)
$r29 = r0.<ca.liang.PayRollArrayTest: ca.liang.Employee[] employees>
$r30 = $r29[1]
$r31 = virtualinvoke $r30.<ca.liang.Employee: java.lang.String getBankId()>()
$r32 = virtualinvoke r2.<org.mockito.ArgumentCaptor: java.util.List getAllValues()>()
$r33 = interfaceinvoke $r32.<java.util.List: java.lang.Object get(int)>(1)
staticinvoke <org.junit.Assert: void assertEquals(java.lang.Object,java.lang.Object)>($r31, $r33)
$r34 = r0.<ca.liang.PayRollArrayTest: ca.liang.Employee[] employees>
$r35 = $r34[0]
$i1 = virtualinvoke $r35.<ca.liang.Employee: int getSalary()>()
$l2 = (long) $i1
$r36 = virtualinvoke r3.<org.mockito.ArgumentCaptor: java.util.List getAllValues()>()
$r37 = interfaceinvoke $r36.<java.util.List: java.lang.Object get(int)>(0)
$r38 = (java.lang.Integer) $r37
$i3 = virtualinvoke $r38.<java.lang.Integer: int intValue()>()
$l4 = (long) $i3
staticinvoke <org.junit.Assert: void assertEquals(long,long)>($l2, $l4)
$r39 = r0.<ca.liang.PayRollArrayTest: ca.liang.Employee[] employees>
$r40 = $r39[1]
$i5 = virtualinvoke $r40.<ca.liang.Employee: int getSalary()>()
$l6 = (long) $i5
$r41 = virtualinvoke r3.<org.mockito.ArgumentCaptor: java.util.List getAllValues()>()
$r42 = interfaceinvoke $r41.<java.util.List: java.lang.Object get(int)>(1)
$r43 = (java.lang.Integer) $r42
$i7 = virtualinvoke $r43.<java.lang.Integer: int intValue()>()
$l8 = (long) $i7
staticinvoke <org.junit.Assert: void assertEquals(long,long)>($l6, $l8)
return
Statement: interfaceinvoke r1.<java.util.List: boolean add(java.lang.Object)>($r7)
InnerBox value: r1
SootClass Type: java.util.ArrayList
col_local: $r7
col_local: r1
Statement: interfaceinvoke r1.<java.util.List: boolean add(java.lang.Object)>($r9)
InnerBox value: r1
SootClass Type: java.util.ArrayList
col_local: $r9
col_local: r1
MustMock Local: $r11
MustMock Casted Local: $r12
MustMock Local: $r6
MustMock Casted Local: r2
MustMock Local: $r7
MustMock Casted Local: r3
Statement: interfaceinvoke $r1.<java.util.List: boolean add(java.lang.Object)>($r2)
InnerBox value: $r1
SootClass Type: java.util.List
col_local: $r2
col_local: $r1
Statement: interfaceinvoke $r2.<java.util.List: boolean add(java.lang.Object)>($r3)
InnerBox value: $r2
SootClass Type: java.util.List
col_local: $r3
col_local: $r2
In SootClass: ca.liang.PayRollMockTest
Test Method Body: 
r0 := @this: ca.liang.PayRollMockTest
$r6 = specialinvoke r0.<ca.liang.PayRollMockTest: java.util.List createEmployees()>()
r0.<ca.liang.PayRollMockTest: java.util.List employees> = $r6
$r7 = new java.util.ArrayList
specialinvoke $r7.<java.util.ArrayList: void <init>()>()
r1 = $r7
$r8 = staticinvoke <org.mockito.Mockito: java.lang.Object mock(java.lang.Class)>(class "Lca/liang/Employee;")
r2 = (ca.liang.Employee) $r8
$r9 = staticinvoke <org.mockito.Mockito: java.lang.Object mock(java.lang.Class)>(class "Lca/liang/Employee;")
r3 = (ca.liang.Employee) $r9
interfaceinvoke r1.<java.util.List: boolean add(java.lang.Object)>(r2)
interfaceinvoke r1.<java.util.List: boolean add(java.lang.Object)>(r3)
r0.<ca.liang.PayRollMockTest: java.util.List employees> = r1
$r10 = staticinvoke <org.mockito.Mockito: java.lang.Object mock(java.lang.Class)>(class "Lca/liang/EmployeeDB;")
$r11 = (ca.liang.EmployeeDB) $r10
r0.<ca.liang.PayRollMockTest: ca.liang.EmployeeDB employeeDB> = $r11
$r12 = staticinvoke <org.mockito.Mockito: java.lang.Object mock(java.lang.Class)>(class "Lca/liang/BankService;")
$r13 = (ca.liang.BankService) $r12
r0.<ca.liang.PayRollMockTest: ca.liang.BankService bankService> = $r13
$r14 = r0.<ca.liang.PayRollMockTest: ca.liang.EmployeeDB employeeDB>
$r15 = virtualinvoke $r14.<ca.liang.EmployeeDB: java.util.List getAllEmployees()>()
$r16 = staticinvoke <org.mockito.Mockito: org.mockito.stubbing.OngoingStubbing when(java.lang.Object)>($r15)
$r17 = r0.<ca.liang.PayRollMockTest: java.util.List employees>
interfaceinvoke $r16.<org.mockito.stubbing.OngoingStubbing: org.mockito.stubbing.OngoingStubbing thenReturn(java.lang.Object)>($r17)
$r19 = new ca.liang.PayRoll
$r21 = r0.<ca.liang.PayRollMockTest: ca.liang.EmployeeDB employeeDB>
$r20 = r0.<ca.liang.PayRollMockTest: ca.liang.BankService bankService>
specialinvoke $r19.<ca.liang.PayRoll: void <init>(ca.liang.EmployeeDB,ca.liang.BankService)>($r21, $r20)
r0.<ca.liang.PayRollMockTest: ca.liang.PayRoll payRoll> = $r19
specialinvoke r0.<ca.liang.PayRollMockTest: void assertNumberOfPayments(int)>(2)
r4 = staticinvoke <org.mockito.ArgumentCaptor: org.mockito.ArgumentCaptor forClass(java.lang.Class)>(class "Ljava/lang/String;")
r5 = staticinvoke <org.mockito.ArgumentCaptor: org.mockito.ArgumentCaptor forClass(java.lang.Class)>(class "Ljava/lang/Integer;")
$r22 = r0.<ca.liang.PayRollMockTest: ca.liang.BankService bankService>
$r23 = staticinvoke <org.mockito.Mockito: org.mockito.verification.VerificationMode times(int)>(2)
$r24 = staticinvoke <org.mockito.Mockito: java.lang.Object verify(java.lang.Object,org.mockito.verification.VerificationMode)>($r22, $r23)
$r25 = (ca.liang.BankService) $r24
$r26 = virtualinvoke r4.<org.mockito.ArgumentCaptor: java.lang.Object capture()>()
$r27 = (java.lang.String) $r26
$r28 = virtualinvoke r5.<org.mockito.ArgumentCaptor: java.lang.Object capture()>()
$r29 = (java.lang.Integer) $r28
$i0 = virtualinvoke $r29.<java.lang.Integer: int intValue()>()
virtualinvoke $r25.<ca.liang.BankService: void makePayment(java.lang.String,int)>($r27, $i0)
$r30 = r0.<ca.liang.PayRollMockTest: java.util.List employees>
$r31 = interfaceinvoke $r30.<java.util.List: java.lang.Object get(int)>(0)
$r32 = (ca.liang.Employee) $r31
$r33 = virtualinvoke $r32.<ca.liang.Employee: java.lang.String getBankId()>()
$r34 = virtualinvoke r4.<org.mockito.ArgumentCaptor: java.util.List getAllValues()>()
$r35 = interfaceinvoke $r34.<java.util.List: java.lang.Object get(int)>(0)
staticinvoke <org.junit.Assert: void assertEquals(java.lang.Object,java.lang.Object)>($r33, $r35)
$r36 = r0.<ca.liang.PayRollMockTest: java.util.List employees>
$r37 = interfaceinvoke $r36.<java.util.List: java.lang.Object get(int)>(1)
$r38 = (ca.liang.Employee) $r37
$r39 = virtualinvoke $r38.<ca.liang.Employee: java.lang.String getBankId()>()
$r40 = virtualinvoke r4.<org.mockito.ArgumentCaptor: java.util.List getAllValues()>()
$r41 = interfaceinvoke $r40.<java.util.List: java.lang.Object get(int)>(1)
staticinvoke <org.junit.Assert: void assertEquals(java.lang.Object,java.lang.Object)>($r39, $r41)
$r42 = r0.<ca.liang.PayRollMockTest: java.util.List employees>
$r43 = interfaceinvoke $r42.<java.util.List: java.lang.Object get(int)>(0)
$r44 = (ca.liang.Employee) $r43
$i1 = virtualinvoke $r44.<ca.liang.Employee: int getSalary()>()
$l2 = (long) $i1
$r45 = virtualinvoke r5.<org.mockito.ArgumentCaptor: java.util.List getAllValues()>()
$r46 = interfaceinvoke $r45.<java.util.List: java.lang.Object get(int)>(0)
$r47 = (java.lang.Integer) $r46
$i3 = virtualinvoke $r47.<java.lang.Integer: int intValue()>()
$l4 = (long) $i3
staticinvoke <org.junit.Assert: void assertEquals(long,long)>($l2, $l4)
$r48 = r0.<ca.liang.PayRollMockTest: java.util.List employees>
$r49 = interfaceinvoke $r48.<java.util.List: java.lang.Object get(int)>(1)
$r50 = (ca.liang.Employee) $r49
$i5 = virtualinvoke $r50.<ca.liang.Employee: int getSalary()>()
$l6 = (long) $i5
$r51 = virtualinvoke r5.<org.mockito.ArgumentCaptor: java.util.List getAllValues()>()
$r52 = interfaceinvoke $r51.<java.util.List: java.lang.Object get(int)>(1)
$r53 = (java.lang.Integer) $r52
$i7 = virtualinvoke $r53.<java.lang.Integer: int intValue()>()
$l8 = (long) $i7
staticinvoke <org.junit.Assert: void assertEquals(long,long)>($l6, $l8)
return
MustMock Local: $r8
MustMock Casted Local: r2
MustMock Local: $r9
MustMock Casted Local: r3
Statement: interfaceinvoke r1.<java.util.List: boolean add(java.lang.Object)>(r2)
InnerBox value: r1
SootClass Type: java.util.ArrayList
col_local: r2
col_local found in hashmap: r2
col_local: r1
Statement: interfaceinvoke r1.<java.util.List: boolean add(java.lang.Object)>(r3)
InnerBox value: r1
SootClass Type: java.util.ArrayList
col_local: r3
col_local found in hashmap: r3
col_local: r1
MustMock Local: $r10
MustMock Casted Local: $r11
MustMock Local: $r12
MustMock Casted Local: $r13
In SootClass: ca.liang.PayRollMockTest
Test Method Body: 
r0 := @this: ca.liang.PayRollMockTest
$r6 = specialinvoke r0.<ca.liang.PayRollMockTest: java.util.List createEmployees()>()
r0.<ca.liang.PayRollMockTest: java.util.List employees> = $r6
$r7 = new java.util.ArrayList
specialinvoke $r7.<java.util.ArrayList: void <init>()>()
r1 = $r7
$r8 = staticinvoke <org.mockito.Mockito: java.lang.Object mock(java.lang.Class)>(class "Lca/liang/Employee;")
r2 = (ca.liang.Employee) $r8
$r9 = staticinvoke <org.mockito.Mockito: java.lang.Object mock(java.lang.Class)>(class "Lca/liang/Employee;")
r3 = (ca.liang.Employee) $r9
virtualinvoke r1.<java.util.ArrayList: boolean add(java.lang.Object)>(r2)
virtualinvoke r1.<java.util.ArrayList: boolean add(java.lang.Object)>(r3)
r0.<ca.liang.PayRollMockTest: java.util.List employees> = r1
$r10 = staticinvoke <org.mockito.Mockito: java.lang.Object mock(java.lang.Class)>(class "Lca/liang/EmployeeDB;")
$r11 = (ca.liang.EmployeeDB) $r10
r0.<ca.liang.PayRollMockTest: ca.liang.EmployeeDB employeeDB> = $r11
$r12 = staticinvoke <org.mockito.Mockito: java.lang.Object mock(java.lang.Class)>(class "Lca/liang/BankService;")
$r13 = (ca.liang.BankService) $r12
r0.<ca.liang.PayRollMockTest: ca.liang.BankService bankService> = $r13
$r14 = r0.<ca.liang.PayRollMockTest: ca.liang.EmployeeDB employeeDB>
$r15 = virtualinvoke $r14.<ca.liang.EmployeeDB: java.util.List getAllEmployees()>()
$r16 = staticinvoke <org.mockito.Mockito: org.mockito.stubbing.OngoingStubbing when(java.lang.Object)>($r15)
$r17 = r0.<ca.liang.PayRollMockTest: java.util.List employees>
interfaceinvoke $r16.<org.mockito.stubbing.OngoingStubbing: org.mockito.stubbing.OngoingStubbing thenReturn(java.lang.Object)>($r17)
$r19 = new ca.liang.PayRoll
$r21 = r0.<ca.liang.PayRollMockTest: ca.liang.EmployeeDB employeeDB>
$r20 = r0.<ca.liang.PayRollMockTest: ca.liang.BankService bankService>
specialinvoke $r19.<ca.liang.PayRoll: void <init>(ca.liang.EmployeeDB,ca.liang.BankService)>($r21, $r20)
r0.<ca.liang.PayRollMockTest: ca.liang.PayRoll payRoll> = $r19
specialinvoke r0.<ca.liang.PayRollMockTest: void assertNumberOfPayments(int)>(2)
r4 = staticinvoke <org.mockito.ArgumentCaptor: org.mockito.ArgumentCaptor forClass(java.lang.Class)>(class "Ljava/lang/String;")
r5 = staticinvoke <org.mockito.ArgumentCaptor: org.mockito.ArgumentCaptor forClass(java.lang.Class)>(class "Ljava/lang/Integer;")
$r22 = r0.<ca.liang.PayRollMockTest: ca.liang.BankService bankService>
$r23 = staticinvoke <org.mockito.Mockito: org.mockito.verification.VerificationMode times(int)>(2)
$r24 = staticinvoke <org.mockito.Mockito: java.lang.Object verify(java.lang.Object,org.mockito.verification.VerificationMode)>($r22, $r23)
$r25 = (ca.liang.BankService) $r24
$r26 = virtualinvoke r4.<org.mockito.ArgumentCaptor: java.lang.Object capture()>()
$r27 = (java.lang.String) $r26
$r28 = virtualinvoke r5.<org.mockito.ArgumentCaptor: java.lang.Object capture()>()
$r29 = (java.lang.Integer) $r28
$i0 = virtualinvoke $r29.<java.lang.Integer: int intValue()>()
virtualinvoke $r25.<ca.liang.BankService: void makePayment(java.lang.String,int)>($r27, $i0)
$r30 = r0.<ca.liang.PayRollMockTest: java.util.List employees>
$r31 = interfaceinvoke $r30.<java.util.List: java.lang.Object get(int)>(0)
$r32 = (ca.liang.Employee) $r31
$r33 = virtualinvoke $r32.<ca.liang.Employee: java.lang.String getBankId()>()
$r34 = virtualinvoke r4.<org.mockito.ArgumentCaptor: java.util.List getAllValues()>()
$r35 = interfaceinvoke $r34.<java.util.List: java.lang.Object get(int)>(0)
staticinvoke <org.junit.Assert: void assertEquals(java.lang.Object,java.lang.Object)>($r33, $r35)
$r36 = r0.<ca.liang.PayRollMockTest: java.util.List employees>
$r37 = interfaceinvoke $r36.<java.util.List: java.lang.Object get(int)>(1)
$r38 = (ca.liang.Employee) $r37
$r39 = virtualinvoke $r38.<ca.liang.Employee: java.lang.String getBankId()>()
$r40 = virtualinvoke r4.<org.mockito.ArgumentCaptor: java.util.List getAllValues()>()
$r41 = interfaceinvoke $r40.<java.util.List: java.lang.Object get(int)>(1)
staticinvoke <org.junit.Assert: void assertEquals(java.lang.Object,java.lang.Object)>($r39, $r41)
$r42 = r0.<ca.liang.PayRollMockTest: java.util.List employees>
$r43 = interfaceinvoke $r42.<java.util.List: java.lang.Object get(int)>(0)
$r44 = (ca.liang.Employee) $r43
$i1 = virtualinvoke $r44.<ca.liang.Employee: int getSalary()>()
$l2 = (long) $i1
$r45 = virtualinvoke r5.<org.mockito.ArgumentCaptor: java.util.List getAllValues()>()
$r46 = interfaceinvoke $r45.<java.util.List: java.lang.Object get(int)>(0)
$r47 = (java.lang.Integer) $r46
$i3 = virtualinvoke $r47.<java.lang.Integer: int intValue()>()
$l4 = (long) $i3
staticinvoke <org.junit.Assert: void assertEquals(long,long)>($l2, $l4)
$r48 = r0.<ca.liang.PayRollMockTest: java.util.List employees>
$r49 = interfaceinvoke $r48.<java.util.List: java.lang.Object get(int)>(1)
$r50 = (ca.liang.Employee) $r49
$i5 = virtualinvoke $r50.<ca.liang.Employee: int getSalary()>()
$l6 = (long) $i5
$r51 = virtualinvoke r5.<org.mockito.ArgumentCaptor: java.util.List getAllValues()>()
$r52 = interfaceinvoke $r51.<java.util.List: java.lang.Object get(int)>(1)
$r53 = (java.lang.Integer) $r52
$i7 = virtualinvoke $r53.<java.lang.Integer: int intValue()>()
$l8 = (long) $i7
staticinvoke <org.junit.Assert: void assertEquals(long,long)>($l6, $l8)
return
MustMock Local: $r8
MustMock Casted Local: r2
MustMock Local: $r9
MustMock Casted Local: r3
Statement: virtualinvoke r1.<java.util.ArrayList: boolean add(java.lang.Object)>(r2)
InnerBox value: r1
SootClass Type: java.util.ArrayList
col_local: r2
col_local found in hashmap: r2
col_local: r1
Statement: virtualinvoke r1.<java.util.ArrayList: boolean add(java.lang.Object)>(r3)
InnerBox value: r1
SootClass Type: java.util.ArrayList
col_local: r3
col_local found in hashmap: r3
col_local: r1
MustMock Local: $r10
MustMock Casted Local: $r11
MustMock Local: $r12
MustMock Casted Local: $r13
Statement: interfaceinvoke $r3.<java.util.List: boolean add(java.lang.Object)>($r4)
InnerBox value: $r3
SootClass Type: java.util.List
col_local: $r4
col_local: $r3
MustMock Local: $r6
MustMock Casted Local: r2
MustMock Local: $r7
MustMock Casted Local: r3
Statement: interfaceinvoke $r4.<java.util.List: boolean add(java.lang.Object)>(r1)
InnerBox value: $r4
SootClass Type: java.util.List
col_local: r1
col_local: $r4
Statement: interfaceinvoke r2.<java.util.List: boolean add(java.lang.Object)>(r1)
InnerBox value: r2
SootClass Type: java.util.ArrayList
col_local: r1
col_local: r2
Statement: interfaceinvoke $r4.<java.util.List: boolean add(java.lang.Object)>($r5)
InnerBox value: $r4
SootClass Type: java.util.List
col_local: $r5
col_local: $r4
Statement: interfaceinvoke r2.<java.util.List: boolean add(java.lang.Object)>($r7)
InnerBox value: r2
SootClass Type: java.util.ArrayList
col_local: $r7
col_local: r2
MustMock Local: $r10
MustMock Casted Local: $r11
In SootClass: ca.liang.PayRollTest
Test Method Body: 
r0 := @this: ca.liang.PayRollTest
$r4 = r0.<ca.liang.PayRollTest: java.util.List employees>
$r5 = specialinvoke r0.<ca.liang.PayRollTest: ca.liang.Employee createTestEmployee(java.lang.String,java.lang.String,int)>("Test Employee1", "ID0", 1000)
interfaceinvoke $r4.<java.util.List: boolean add(java.lang.Object)>($r5)
$r6 = r0.<ca.liang.PayRollTest: java.util.List employees>
$r7 = specialinvoke r0.<ca.liang.PayRollTest: ca.liang.Employee createTestEmployee(java.lang.String,java.lang.String,int)>("Test Employee2", "ID1", 2000)
interfaceinvoke $r6.<java.util.List: boolean add(java.lang.Object)>($r7)
$r8 = new java.util.ArrayList
specialinvoke $r8.<java.util.ArrayList: void <init>()>()
r1 = $r8
$r9 = r0.<ca.liang.PayRollTest: java.util.List employees>
$r10 = interfaceinvoke $r9.<java.util.List: java.lang.Object get(int)>(0)
interfaceinvoke r1.<java.util.List: boolean add(java.lang.Object)>($r10)
$r11 = r0.<ca.liang.PayRollTest: java.util.List employees>
$r12 = interfaceinvoke $r11.<java.util.List: java.lang.Object get(int)>(1)
interfaceinvoke r1.<java.util.List: boolean add(java.lang.Object)>($r12)
$r13 = new ca.liang.EmployeeDB
specialinvoke $r13.<ca.liang.EmployeeDB: void <init>(java.util.List)>(r1)
r0.<ca.liang.PayRollTest: ca.liang.EmployeeDB employeeDB> = $r13
$r14 = staticinvoke <org.mockito.Mockito: java.lang.Object mock(java.lang.Class)>(class "Lca/liang/BankService;")
$r15 = (ca.liang.BankService) $r14
r0.<ca.liang.PayRollTest: ca.liang.BankService bankService> = $r15
$r16 = new ca.liang.PayRoll
$r18 = r0.<ca.liang.PayRollTest: ca.liang.EmployeeDB employeeDB>
$r17 = r0.<ca.liang.PayRollTest: ca.liang.BankService bankService>
specialinvoke $r16.<ca.liang.PayRoll: void <init>(ca.liang.EmployeeDB,ca.liang.BankService)>($r18, $r17)
r0.<ca.liang.PayRollTest: ca.liang.PayRoll payRoll> = $r16
specialinvoke r0.<ca.liang.PayRollTest: void assertNumberOfPayments(int)>(2)
r2 = staticinvoke <org.mockito.ArgumentCaptor: org.mockito.ArgumentCaptor forClass(java.lang.Class)>(class "Ljava/lang/String;")
r3 = staticinvoke <org.mockito.ArgumentCaptor: org.mockito.ArgumentCaptor forClass(java.lang.Class)>(class "Ljava/lang/Integer;")
$r19 = r0.<ca.liang.PayRollTest: ca.liang.BankService bankService>
$r20 = staticinvoke <org.mockito.Mockito: org.mockito.verification.VerificationMode times(int)>(2)
$r21 = staticinvoke <org.mockito.Mockito: java.lang.Object verify(java.lang.Object,org.mockito.verification.VerificationMode)>($r19, $r20)
$r22 = (ca.liang.BankService) $r21
$r23 = virtualinvoke r2.<org.mockito.ArgumentCaptor: java.lang.Object capture()>()
$r24 = (java.lang.String) $r23
$r25 = virtualinvoke r3.<org.mockito.ArgumentCaptor: java.lang.Object capture()>()
$r26 = (java.lang.Integer) $r25
$i0 = virtualinvoke $r26.<java.lang.Integer: int intValue()>()
virtualinvoke $r22.<ca.liang.BankService: void makePayment(java.lang.String,int)>($r24, $i0)
$r27 = r0.<ca.liang.PayRollTest: java.util.List employees>
$r28 = interfaceinvoke $r27.<java.util.List: java.lang.Object get(int)>(0)
$r29 = (ca.liang.Employee) $r28
$r30 = virtualinvoke $r29.<ca.liang.Employee: java.lang.String getBankId()>()
$r31 = virtualinvoke r2.<org.mockito.ArgumentCaptor: java.util.List getAllValues()>()
$r32 = interfaceinvoke $r31.<java.util.List: java.lang.Object get(int)>(0)
staticinvoke <org.junit.Assert: void assertEquals(java.lang.Object,java.lang.Object)>($r30, $r32)
$r33 = r0.<ca.liang.PayRollTest: java.util.List employees>
$r34 = interfaceinvoke $r33.<java.util.List: java.lang.Object get(int)>(1)
$r35 = (ca.liang.Employee) $r34
$r36 = virtualinvoke $r35.<ca.liang.Employee: java.lang.String getBankId()>()
$r37 = virtualinvoke r2.<org.mockito.ArgumentCaptor: java.util.List getAllValues()>()
$r38 = interfaceinvoke $r37.<java.util.List: java.lang.Object get(int)>(1)
staticinvoke <org.junit.Assert: void assertEquals(java.lang.Object,java.lang.Object)>($r36, $r38)
$r39 = r0.<ca.liang.PayRollTest: java.util.List employees>
$r40 = interfaceinvoke $r39.<java.util.List: java.lang.Object get(int)>(0)
$r41 = (ca.liang.Employee) $r40
$i1 = virtualinvoke $r41.<ca.liang.Employee: int getSalary()>()
$l2 = (long) $i1
$r42 = virtualinvoke r3.<org.mockito.ArgumentCaptor: java.util.List getAllValues()>()
$r43 = interfaceinvoke $r42.<java.util.List: java.lang.Object get(int)>(0)
$r44 = (java.lang.Integer) $r43
$i3 = virtualinvoke $r44.<java.lang.Integer: int intValue()>()
$l4 = (long) $i3
staticinvoke <org.junit.Assert: void assertEquals(long,long)>($l2, $l4)
$r45 = r0.<ca.liang.PayRollTest: java.util.List employees>
$r46 = interfaceinvoke $r45.<java.util.List: java.lang.Object get(int)>(1)
$r47 = (ca.liang.Employee) $r46
$i5 = virtualinvoke $r47.<ca.liang.Employee: int getSalary()>()
$l6 = (long) $i5
$r48 = virtualinvoke r3.<org.mockito.ArgumentCaptor: java.util.List getAllValues()>()
$r49 = interfaceinvoke $r48.<java.util.List: java.lang.Object get(int)>(1)
$r50 = (java.lang.Integer) $r49
$i7 = virtualinvoke $r50.<java.lang.Integer: int intValue()>()
$l8 = (long) $i7
staticinvoke <org.junit.Assert: void assertEquals(long,long)>($l6, $l8)
return
Statement: interfaceinvoke $r4.<java.util.List: boolean add(java.lang.Object)>($r5)
InnerBox value: $r4
SootClass Type: java.util.List
col_local: $r5
col_local: $r4
Statement: interfaceinvoke $r6.<java.util.List: boolean add(java.lang.Object)>($r7)
InnerBox value: $r6
SootClass Type: java.util.List
col_local: $r7
col_local: $r6
Statement: interfaceinvoke r1.<java.util.List: boolean add(java.lang.Object)>($r10)
InnerBox value: r1
SootClass Type: java.util.ArrayList
col_local: $r10
col_local: r1
Statement: interfaceinvoke r1.<java.util.List: boolean add(java.lang.Object)>($r12)
InnerBox value: r1
SootClass Type: java.util.ArrayList
col_local: $r12
col_local: r1
MustMock Local: $r14
MustMock Casted Local: $r15
 ====================================== 
** CLASS ca.liang.BankService
	method <init> : 
	method makePayment : 
 ====================================== 
** CLASS ca.liang.PayRoll
	method <init> : 
	method <init> : 
	method monthlyPayment : 
 ====================================== 
** CLASS ca.liang.Employee
	method <init> : 
	method getName : 
	method getBankId : 
	method getSalary : 
 ====================================== 
** CLASS ca.liang.PayRollArrayMockTest
	method <init> : 
	method init : 
	method testNoEmployees : 
Unit: r0 := @this: ca.liang.PayRollArrayMockTest
Unit: return
Unit: specialinvoke r0.<ca.liang.PayRollArrayMockTest: void assertNumberOfPayments(int)>(0)
	method testEmployeesPaidIntra : 
Unit: r0 := @this: ca.liang.PayRollArrayMockTest
Unit: specialinvoke $r9.<ca.liang.EmployeeDB: void <init>(java.util.List)>($r10)
Unit: r3 = (ca.liang.BankService) $r11
Local: r3
Must Mock: true

Unit: $r7 = staticinvoke <org.mockito.Mockito: java.lang.Object mock(java.lang.Class)>(class "Lca/liang/Employee;")
Local: $r7
Must Mock: true

Unit: $l1 = (long) i0
Unit: r4 = $r12
Unit: $r6 = (ca.liang.Employee) $r5
Local: $r6
Must Mock: true

Unit: $r10 = staticinvoke <java.util.Arrays: java.util.List asList(java.lang.Object[])>(r1)
Unit: r2 = $r9
Unit: $r5 = staticinvoke <org.mockito.Mockito: java.lang.Object mock(java.lang.Class)>(class "Lca/liang/Employee;")
Local: $r5
Must Mock: true

Unit: $r9 = new ca.liang.EmployeeDB
Unit: r1[0] = $r6
Local: r1
Array Mock: true

Unit: return
Unit: r1 = newarray (ca.liang.Employee)[2]
Unit: $r8 = (ca.liang.Employee) $r7
Local: $r8
Must Mock: true

Unit: staticinvoke <org.junit.Assert: void assertEquals(long,long)>(2L, $l1)
Unit: $r11 = staticinvoke <org.mockito.Mockito: java.lang.Object mock(java.lang.Class)>(class "Lca/liang/BankService;")
Local: $r11
Must Mock: true

Unit: r1[1] = $r8
Local: r1
Array Mock: true

Unit: specialinvoke $r12.<ca.liang.PayRoll: void <init>(ca.liang.Employee[],ca.liang.BankService)>(r1, r3)
Unit: i0 = virtualinvoke r4.<ca.liang.PayRoll: int monthlyPayment()>()
Unit: $r12 = new ca.liang.PayRoll
	method testSingleEmployee : 
Unit: r1 = "ID0"
Unit: r0.<ca.liang.PayRollArrayMockTest: ca.liang.BankService bankService> = $r8
Unit: $r4 = specialinvoke r0.<ca.liang.PayRollArrayMockTest: ca.liang.Employee createTestEmployee(java.lang.String,java.lang.String,int)>("Test Employee", "ID0", 1000)
Unit: $r8 = (ca.liang.BankService) $r7
Local: $r8
Must Mock: true

Unit: $r5 = staticinvoke <org.mockito.Mockito: java.lang.Object mock(java.lang.Class)>(class "Lca/liang/EmployeeDB;")
Local: $r5
Must Mock: true

Unit: $r16 = r0.<ca.liang.PayRollArrayMockTest: ca.liang.BankService bankService>
Unit: specialinvoke r0.<ca.liang.PayRollArrayMockTest: void assertNumberOfPayments(int)>(1)
Unit: r0.<ca.liang.PayRollArrayMockTest: ca.liang.Employee[] employees> = $r2
Unit: return
Unit: $r3[0] = $r4
Unit: r0.<ca.liang.PayRollArrayMockTest: ca.liang.EmployeeDB employeeDB> = $r6
Unit: $r15 = new ca.liang.PayRoll
Unit: $r10 = virtualinvoke $r9.<ca.liang.EmployeeDB: java.util.List getAllEmployees()>()
Unit: $r6 = (ca.liang.EmployeeDB) $r5
Local: $r6
Must Mock: true

Unit: $r12 = r0.<ca.liang.PayRollArrayMockTest: ca.liang.Employee[] employees>
Unit: $r11 = staticinvoke <org.mockito.Mockito: org.mockito.stubbing.OngoingStubbing when(java.lang.Object)>($r10)
Unit: $r17 = r0.<ca.liang.PayRollArrayMockTest: ca.liang.EmployeeDB employeeDB>
Unit: $r2 = newarray (ca.liang.Employee)[1]
Unit: $r9 = r0.<ca.liang.PayRollArrayMockTest: ca.liang.EmployeeDB employeeDB>
Unit: $r13 = staticinvoke <java.util.Arrays: java.util.List asList(java.lang.Object[])>($r12)
Unit: interfaceinvoke $r11.<org.mockito.stubbing.OngoingStubbing: org.mockito.stubbing.OngoingStubbing thenReturn(java.lang.Object)>($r13)
Unit: $r3 = r0.<ca.liang.PayRollArrayMockTest: ca.liang.Employee[] employees>
Unit: r0 := @this: ca.liang.PayRollArrayMockTest
Unit: specialinvoke $r15.<ca.liang.PayRoll: void <init>(ca.liang.EmployeeDB,ca.liang.BankService)>($r17, $r16)
Unit: s0 = 1000
Unit: r0.<ca.liang.PayRollArrayMockTest: ca.liang.PayRoll payRoll> = $r15
Unit: $r7 = staticinvoke <org.mockito.Mockito: java.lang.Object mock(java.lang.Class)>(class "Lca/liang/BankService;")
Local: $r7
Must Mock: true

	method testEmployeeIsPaid : 
Unit: $r16 = r0.<ca.liang.PayRollArrayMockTest: ca.liang.BankService bankService>
Unit: $r11 = staticinvoke <org.mockito.Mockito: org.mockito.stubbing.OngoingStubbing when(java.lang.Object)>($r10)
Unit: $r12 = r0.<ca.liang.PayRollArrayMockTest: ca.liang.Employee[] employees>
Unit: $r8 = (ca.liang.BankService) $r7
Local: $r8
Must Mock: true

Unit: $r4 = specialinvoke r0.<ca.liang.PayRollArrayMockTest: ca.liang.Employee createTestEmployee(java.lang.String,java.lang.String,int)>("Test Employee", "ID0", 1000)
Unit: $r19 = staticinvoke <org.mockito.Mockito: org.mockito.verification.VerificationMode times(int)>(1)
Unit: r1 = "ID0"
Unit: specialinvoke $r15.<ca.liang.PayRoll: void <init>(ca.liang.EmployeeDB,ca.liang.BankService)>($r17, $r16)
Unit: $r18 = r0.<ca.liang.PayRollArrayMockTest: ca.liang.BankService bankService>
Unit: $r5 = staticinvoke <org.mockito.Mockito: java.lang.Object mock(java.lang.Class)>(class "Lca/liang/EmployeeDB;")
Local: $r5
Must Mock: true

Unit: virtualinvoke $r21.<ca.liang.BankService: void makePayment(java.lang.String,int)>(r1, s0)
Unit: $r7 = staticinvoke <org.mockito.Mockito: java.lang.Object mock(java.lang.Class)>(class "Lca/liang/BankService;")
Local: $r7
Must Mock: true

Unit: $r13 = staticinvoke <java.util.Arrays: java.util.List asList(java.lang.Object[])>($r12)
Unit: $r6 = (ca.liang.EmployeeDB) $r5
Local: $r6
Must Mock: true

Unit: r0.<ca.liang.PayRollArrayMockTest: ca.liang.EmployeeDB employeeDB> = $r6
Unit: $r3[0] = $r4
Unit: interfaceinvoke $r11.<org.mockito.stubbing.OngoingStubbing: org.mockito.stubbing.OngoingStubbing thenReturn(java.lang.Object)>($r13)
Unit: return
Unit: $r3 = r0.<ca.liang.PayRollArrayMockTest: ca.liang.Employee[] employees>
Unit: $r17 = r0.<ca.liang.PayRollArrayMockTest: ca.liang.EmployeeDB employeeDB>
Unit: $r21 = (ca.liang.BankService) $r20
Unit: s0 = 1000
Unit: $r10 = virtualinvoke $r9.<ca.liang.EmployeeDB: java.util.List getAllEmployees()>()
Unit: specialinvoke r0.<ca.liang.PayRollArrayMockTest: void assertNumberOfPayments(int)>(1)
Unit: r0.<ca.liang.PayRollArrayMockTest: ca.liang.BankService bankService> = $r8
Unit: r0.<ca.liang.PayRollArrayMockTest: ca.liang.PayRoll payRoll> = $r15
Unit: $r20 = staticinvoke <org.mockito.Mockito: java.lang.Object verify(java.lang.Object,org.mockito.verification.VerificationMode)>($r18, $r19)
Unit: $r2 = newarray (ca.liang.Employee)[1]
Unit: r0 := @this: ca.liang.PayRollArrayMockTest
Unit: $r9 = r0.<ca.liang.PayRollArrayMockTest: ca.liang.EmployeeDB employeeDB>
Unit: $r15 = new ca.liang.PayRoll
Unit: r0.<ca.liang.PayRollArrayMockTest: ca.liang.Employee[] employees> = $r2
	method testAllEmployeesArePaidArray : 
Unit: $r33 = virtualinvoke r1.<org.mockito.ArgumentCaptor: java.util.List getAllValues()>()
Unit: $r5 = (ca.liang.EmployeeDB) $r4
Local: $r5
Must Mock: true

Unit: $r22 = (java.lang.String) $r21
Unit: $r20 = (ca.liang.BankService) $r19
Unit: $r10 = staticinvoke <org.mockito.Mockito: org.mockito.stubbing.OngoingStubbing when(java.lang.Object)>($r9)
Unit: r0.<ca.liang.PayRollArrayMockTest: ca.liang.BankService bankService> = $r7
Unit: r0.<ca.liang.PayRollArrayMockTest: ca.liang.Employee[] employees> = $r3
Unit: $r14 = new ca.liang.PayRoll
Unit: $r12 = staticinvoke <java.util.Arrays: java.util.List asList(java.lang.Object[])>($r11)
Unit: $l4 = (long) $i3
Unit: $i0 = virtualinvoke $r24.<java.lang.Integer: int intValue()>()
Unit: $r41 = $r40[1]
Unit: $r21 = virtualinvoke r1.<org.mockito.ArgumentCaptor: java.lang.Object capture()>()
Unit: $r25 = r0.<ca.liang.PayRollArrayMockTest: ca.liang.Employee[] employees>
Unit: specialinvoke $r14.<ca.liang.PayRoll: void <init>(ca.liang.EmployeeDB,ca.liang.BankService)>($r16, $r15)
Unit: $i3 = virtualinvoke $r39.<java.lang.Integer: int intValue()>()
Unit: $r18 = staticinvoke <org.mockito.Mockito: org.mockito.verification.VerificationMode times(int)>(2)
Unit: $r30 = r0.<ca.liang.PayRollArrayMockTest: ca.liang.Employee[] employees>
Unit: $l2 = (long) $i1
Unit: $l6 = (long) $i5
Unit: r0 := @this: ca.liang.PayRollArrayMockTest
Unit: r2 = staticinvoke <org.mockito.ArgumentCaptor: org.mockito.ArgumentCaptor forClass(java.lang.Class)>(class "Ljava/lang/Integer;")
Unit: $r23 = virtualinvoke r2.<org.mockito.ArgumentCaptor: java.lang.Object capture()>()
Unit: staticinvoke <org.junit.Assert: void assertEquals(long,long)>($l6, $l8)
Unit: r0.<ca.liang.PayRollArrayMockTest: ca.liang.EmployeeDB employeeDB> = $r5
Unit: $r7 = (ca.liang.BankService) $r6
Local: $r7
Must Mock: true

Unit: $r6 = staticinvoke <org.mockito.Mockito: java.lang.Object mock(java.lang.Class)>(class "Lca/liang/BankService;")
Local: $r6
Must Mock: true

Unit: return
Unit: r0.<ca.liang.PayRollArrayMockTest: ca.liang.PayRoll payRoll> = $r14
Unit: $r36 = $r35[0]
Unit: $l8 = (long) $i7
Unit: $r39 = (java.lang.Integer) $r38
Unit: $r11 = r0.<ca.liang.PayRollArrayMockTest: ca.liang.Employee[] employees>
Unit: r1 = staticinvoke <org.mockito.ArgumentCaptor: org.mockito.ArgumentCaptor forClass(java.lang.Class)>(class "Ljava/lang/String;")
Unit: staticinvoke <org.junit.Assert: void assertEquals(java.lang.Object,java.lang.Object)>($r27, $r29)
Unit: $r16 = r0.<ca.liang.PayRollArrayMockTest: ca.liang.EmployeeDB employeeDB>
Unit: $r38 = interfaceinvoke $r37.<java.util.List: java.lang.Object get(int)>(0)
Unit: $r32 = virtualinvoke $r31.<ca.liang.Employee: java.lang.String getBankId()>()
Unit: $r42 = virtualinvoke r2.<org.mockito.ArgumentCaptor: java.util.List getAllValues()>()
Unit: $r43 = interfaceinvoke $r42.<java.util.List: java.lang.Object get(int)>(1)
Unit: $r35 = r0.<ca.liang.PayRollArrayMockTest: ca.liang.Employee[] employees>
Unit: $r27 = virtualinvoke $r26.<ca.liang.Employee: java.lang.String getBankId()>()
Unit: $r44 = (java.lang.Integer) $r43
Unit: $i7 = virtualinvoke $r44.<java.lang.Integer: int intValue()>()
Unit: $i1 = virtualinvoke $r36.<ca.liang.Employee: int getSalary()>()
Unit: $r4 = staticinvoke <org.mockito.Mockito: java.lang.Object mock(java.lang.Class)>(class "Lca/liang/EmployeeDB;")
Local: $r4
Must Mock: true

Unit: interfaceinvoke $r10.<org.mockito.stubbing.OngoingStubbing: org.mockito.stubbing.OngoingStubbing thenReturn(java.lang.Object)>($r12)
Unit: virtualinvoke $r20.<ca.liang.BankService: void makePayment(java.lang.String,int)>($r22, $i0)
Unit: $r37 = virtualinvoke r2.<org.mockito.ArgumentCaptor: java.util.List getAllValues()>()
Unit: $r29 = interfaceinvoke $r28.<java.util.List: java.lang.Object get(int)>(0)
Unit: $r19 = staticinvoke <org.mockito.Mockito: java.lang.Object verify(java.lang.Object,org.mockito.verification.VerificationMode)>($r17, $r18)
Unit: $r34 = interfaceinvoke $r33.<java.util.List: java.lang.Object get(int)>(1)
Unit: $r17 = r0.<ca.liang.PayRollArrayMockTest: ca.liang.BankService bankService>
Unit: staticinvoke <org.junit.Assert: void assertEquals(java.lang.Object,java.lang.Object)>($r32, $r34)
Unit: $r3 = specialinvoke r0.<ca.liang.PayRollArrayMockTest: ca.liang.Employee[] createEmployees()>()
Unit: $r15 = r0.<ca.liang.PayRollArrayMockTest: ca.liang.BankService bankService>
Unit: $r8 = r0.<ca.liang.PayRollArrayMockTest: ca.liang.EmployeeDB employeeDB>
Unit: $r24 = (java.lang.Integer) $r23
Unit: staticinvoke <org.junit.Assert: void assertEquals(long,long)>($l2, $l4)
Unit: specialinvoke r0.<ca.liang.PayRollArrayMockTest: void assertNumberOfPayments(int)>(2)
Unit: $r9 = virtualinvoke $r8.<ca.liang.EmployeeDB: java.util.List getAllEmployees()>()
Unit: $r28 = virtualinvoke r1.<org.mockito.ArgumentCaptor: java.util.List getAllValues()>()
Unit: $i5 = virtualinvoke $r41.<ca.liang.Employee: int getSalary()>()
Unit: $r40 = r0.<ca.liang.PayRollArrayMockTest: ca.liang.Employee[] employees>
Unit: $r26 = $r25[0]
Unit: $r31 = $r30[1]
	method assertNumberOfPayments : 
	method createTestEmployee : 
	method createEmployees : 
 ====================================== 
** CLASS ca.liang.EmployeeDB
	method <init> : 
	method getAllEmployees : 
 ====================================== 
** CLASS ca.liang.Driver
	method <init> : 
	method main : 
 ====================================== 
** CLASS ca.liang.PayRollArrayTest
	method <init> : 
	method init : 
	method testNoEmployees : 
Unit: r0 := @this: ca.liang.PayRollArrayTest
Unit: specialinvoke r0.<ca.liang.PayRollArrayTest: void assertNumberOfPayments(int)>(0)
Unit: return
	method testEmployeesPaidIntra : 
Unit: $r6 = (ca.liang.Employee) $r5
Local: $r6
Must Mock: true

Unit: staticinvoke <org.junit.Assert: void assertEquals(long,long)>(2L, $l1)
Unit: r1[1] = $r8
Local: r1
Array Mock: true

Unit: interfaceinvoke $r12.<org.mockito.stubbing.OngoingStubbing: org.mockito.stubbing.OngoingStubbing thenReturn(java.lang.Object)>($r13)
Unit: $r8 = (ca.liang.Employee) $r7
Local: $r8
Must Mock: true

Unit: r0 := @this: ca.liang.PayRollArrayTest
Unit: r2 = (ca.liang.EmployeeDB) $r9
Local: r2
Must Mock: true

Unit: $r15 = new ca.liang.PayRoll
Unit: return
Unit: $r12 = staticinvoke <org.mockito.Mockito: org.mockito.stubbing.OngoingStubbing when(java.lang.Object)>($r11)
Unit: $r9 = staticinvoke <org.mockito.Mockito: java.lang.Object mock(java.lang.Class)>(class "Lca/liang/EmployeeDB;")
Local: $r9
Must Mock: true

Unit: $l1 = (long) i0
Unit: r3 = (ca.liang.BankService) $r10
Local: r3
Must Mock: true

Unit: $r13 = staticinvoke <java.util.Arrays: java.util.List asList(java.lang.Object[])>(r1)
Unit: $r10 = staticinvoke <org.mockito.Mockito: java.lang.Object mock(java.lang.Class)>(class "Lca/liang/BankService;")
Local: $r10
Must Mock: true

Unit: $r7 = staticinvoke <org.mockito.Mockito: java.lang.Object mock(java.lang.Class)>(class "Lca/liang/Employee;")
Local: $r7
Must Mock: true

Unit: r4 = $r15
Unit: r1[0] = $r6
Local: r1
Array Mock: true

Unit: $r11 = virtualinvoke r2.<ca.liang.EmployeeDB: java.util.List getAllEmployees()>()
Unit: i0 = virtualinvoke r4.<ca.liang.PayRoll: int monthlyPayment()>()
Unit: specialinvoke $r15.<ca.liang.PayRoll: void <init>(ca.liang.Employee[],ca.liang.BankService)>(r1, r3)
Unit: r1 = newarray (ca.liang.Employee)[2]
Unit: $r5 = staticinvoke <org.mockito.Mockito: java.lang.Object mock(java.lang.Class)>(class "Lca/liang/Employee;")
Local: $r5
Must Mock: true

	method testSingleEmployee : 
Unit: $r4 = (ca.liang.Employee) $r3
Local: $r4
Must Mock: true

Unit: $r1 = newarray (ca.liang.Employee)[1]
Unit: $r17 = r0.<ca.liang.PayRollArrayTest: ca.liang.EmployeeDB employeeDB>
Unit: return
Unit: $r9 = r0.<ca.liang.PayRollArrayTest: ca.liang.EmployeeDB employeeDB>
Unit: r0 := @this: ca.liang.PayRollArrayTest
Unit: $r7 = staticinvoke <org.mockito.Mockito: java.lang.Object mock(java.lang.Class)>(class "Lca/liang/BankService;")
Local: $r7
Must Mock: true

Unit: $r3 = staticinvoke <org.mockito.Mockito: java.lang.Object mock(java.lang.Class)>(class "Lca/liang/Employee;")
Local: $r3
Must Mock: true

Unit: $r12 = r0.<ca.liang.PayRollArrayTest: ca.liang.Employee[] employees>
Unit: $r5 = staticinvoke <org.mockito.Mockito: java.lang.Object mock(java.lang.Class)>(class "Lca/liang/EmployeeDB;")
Local: $r5
Must Mock: true

Unit: $r10 = virtualinvoke $r9.<ca.liang.EmployeeDB: java.util.List getAllEmployees()>()
Unit: $r15 = new ca.liang.PayRoll
Unit: specialinvoke r0.<ca.liang.PayRollArrayTest: void assertNumberOfPayments(int)>(1)
Unit: $r8 = (ca.liang.BankService) $r7
Local: $r8
Must Mock: true

Unit: $r2 = r0.<ca.liang.PayRollArrayTest: ca.liang.Employee[] employees>
Unit: r0.<ca.liang.PayRollArrayTest: ca.liang.Employee[] employees> = $r1
Unit: $r13 = staticinvoke <java.util.Arrays: java.util.List asList(java.lang.Object[])>($r12)
Unit: $r2[0] = $r4
Local: $r2
Array Mock: true

Unit: r0.<ca.liang.PayRollArrayTest: ca.liang.PayRoll payRoll> = $r15
Unit: r0.<ca.liang.PayRollArrayTest: ca.liang.EmployeeDB employeeDB> = $r6
Unit: $r6 = (ca.liang.EmployeeDB) $r5
Local: $r6
Must Mock: true

Unit: r0.<ca.liang.PayRollArrayTest: ca.liang.BankService bankService> = $r8
Unit: $r16 = r0.<ca.liang.PayRollArrayTest: ca.liang.BankService bankService>
Unit: interfaceinvoke $r11.<org.mockito.stubbing.OngoingStubbing: org.mockito.stubbing.OngoingStubbing thenReturn(java.lang.Object)>($r13)
Unit: $r11 = staticinvoke <org.mockito.Mockito: org.mockito.stubbing.OngoingStubbing when(java.lang.Object)>($r10)
Unit: specialinvoke $r15.<ca.liang.PayRoll: void <init>(ca.liang.EmployeeDB,ca.liang.BankService)>($r17, $r16)
	method testEmployeeIsPaid : 
Unit: virtualinvoke $r21.<ca.liang.BankService: void makePayment(java.lang.String,int)>(r1, s0)
Unit: $r18 = r0.<ca.liang.PayRollArrayTest: ca.liang.BankService bankService>
Unit: $r9 = r0.<ca.liang.PayRollArrayTest: ca.liang.EmployeeDB employeeDB>
Unit: $r13 = staticinvoke <java.util.Arrays: java.util.List asList(java.lang.Object[])>($r12)
Unit: $r3[0] = $r4
Unit: $r5 = staticinvoke <org.mockito.Mockito: java.lang.Object mock(java.lang.Class)>(class "Lca/liang/EmployeeDB;")
Local: $r5
Must Mock: true

Unit: $r21 = (ca.liang.BankService) $r20
Unit: $r2 = newarray (ca.liang.Employee)[1]
Unit: $r17 = r0.<ca.liang.PayRollArrayTest: ca.liang.EmployeeDB employeeDB>
Unit: $r6 = (ca.liang.EmployeeDB) $r5
Local: $r6
Must Mock: true

Unit: r0.<ca.liang.PayRollArrayTest: ca.liang.BankService bankService> = $r8
Unit: $r19 = staticinvoke <org.mockito.Mockito: org.mockito.verification.VerificationMode times(int)>(1)
Unit: $r16 = r0.<ca.liang.PayRollArrayTest: ca.liang.BankService bankService>
Unit: return
Unit: $r11 = staticinvoke <org.mockito.Mockito: org.mockito.stubbing.OngoingStubbing when(java.lang.Object)>($r10)
Unit: $r8 = (ca.liang.BankService) $r7
Local: $r8
Must Mock: true

Unit: r0.<ca.liang.PayRollArrayTest: ca.liang.Employee[] employees> = $r2
Unit: $r3 = r0.<ca.liang.PayRollArrayTest: ca.liang.Employee[] employees>
Unit: s0 = 1000
Unit: $r4 = specialinvoke r0.<ca.liang.PayRollArrayTest: ca.liang.Employee createTestEmployee(java.lang.String,java.lang.String,int)>("Test Employee", "ID0", 1000)
Unit: $r20 = staticinvoke <org.mockito.Mockito: java.lang.Object verify(java.lang.Object,org.mockito.verification.VerificationMode)>($r18, $r19)
Unit: r1 = "ID0"
Unit: $r10 = virtualinvoke $r9.<ca.liang.EmployeeDB: java.util.List getAllEmployees()>()
Unit: $r7 = staticinvoke <org.mockito.Mockito: java.lang.Object mock(java.lang.Class)>(class "Lca/liang/BankService;")
Local: $r7
Must Mock: true

Unit: r0.<ca.liang.PayRollArrayTest: ca.liang.EmployeeDB employeeDB> = $r6
Unit: interfaceinvoke $r11.<org.mockito.stubbing.OngoingStubbing: org.mockito.stubbing.OngoingStubbing thenReturn(java.lang.Object)>($r13)
Unit: r0 := @this: ca.liang.PayRollArrayTest
Unit: r0.<ca.liang.PayRollArrayTest: ca.liang.PayRoll payRoll> = $r15
Unit: $r12 = r0.<ca.liang.PayRollArrayTest: ca.liang.Employee[] employees>
Unit: specialinvoke r0.<ca.liang.PayRollArrayTest: void assertNumberOfPayments(int)>(1)
Unit: $r15 = new ca.liang.PayRoll
Unit: specialinvoke $r15.<ca.liang.PayRoll: void <init>(ca.liang.EmployeeDB,ca.liang.BankService)>($r17, $r16)
	method testAllEmployeesArePaidArray : 
Unit: $r8 = r0.<ca.liang.PayRollArrayTest: ca.liang.Employee[] employees>
Unit: $r22 = virtualinvoke r3.<org.mockito.ArgumentCaptor: java.lang.Object capture()>()
Unit: $r31 = virtualinvoke $r30.<ca.liang.Employee: java.lang.String getBankId()>()
Unit: interfaceinvoke r1.<java.util.List: boolean add(java.lang.Object)>($r9)
Unit: $r6 = r0.<ca.liang.PayRollArrayTest: ca.liang.Employee[] employees>
Unit: $r15 = r0.<ca.liang.PayRollArrayTest: ca.liang.EmployeeDB employeeDB>
Unit: $r14 = r0.<ca.liang.PayRollArrayTest: ca.liang.BankService bankService>
Unit: specialinvoke $r5.<java.util.ArrayList: void <init>()>()
Unit: $r29 = r0.<ca.liang.PayRollArrayTest: ca.liang.Employee[] employees>
Unit: $r9 = $r8[1]
Unit: $l8 = (long) $i7
Unit: $r32 = virtualinvoke r2.<org.mockito.ArgumentCaptor: java.util.List getAllValues()>()
Unit: $r17 = staticinvoke <org.mockito.Mockito: org.mockito.verification.VerificationMode times(int)>(2)
Unit: $i3 = virtualinvoke $r38.<java.lang.Integer: int intValue()>()
Unit: $r4 = specialinvoke r0.<ca.liang.PayRollArrayTest: ca.liang.Employee[] createEmployees()>()
Unit: $l6 = (long) $i5
Unit: $r36 = virtualinvoke r3.<org.mockito.ArgumentCaptor: java.util.List getAllValues()>()
Unit: r0.<ca.liang.PayRollArrayTest: ca.liang.BankService bankService> = $r12
Unit: return
Unit: $i0 = virtualinvoke $r23.<java.lang.Integer: int intValue()>()
Unit: $r41 = virtualinvoke r3.<org.mockito.ArgumentCaptor: java.util.List getAllValues()>()
Unit: $i1 = virtualinvoke $r35.<ca.liang.Employee: int getSalary()>()
Unit: $r26 = virtualinvoke $r25.<ca.liang.Employee: java.lang.String getBankId()>()
Unit: $r33 = interfaceinvoke $r32.<java.util.List: java.lang.Object get(int)>(1)
Unit: $i5 = virtualinvoke $r40.<ca.liang.Employee: int getSalary()>()
Unit: $r30 = $r29[1]
Unit: $r28 = interfaceinvoke $r27.<java.util.List: java.lang.Object get(int)>(0)
Unit: $r19 = (ca.liang.BankService) $r18
Unit: $r21 = (java.lang.String) $r20
Unit: $r25 = $r24[0]
Unit: r0 := @this: ca.liang.PayRollArrayTest
Unit: $i7 = virtualinvoke $r43.<java.lang.Integer: int intValue()>()
Unit: staticinvoke <org.junit.Assert: void assertEquals(long,long)>($l2, $l4)
Unit: staticinvoke <org.junit.Assert: void assertEquals(java.lang.Object,java.lang.Object)>($r31, $r33)
Unit: specialinvoke $r10.<ca.liang.EmployeeDB: void <init>(java.util.List)>(r1)
Unit: $r5 = new java.util.ArrayList
Unit: r0.<ca.liang.PayRollArrayTest: ca.liang.EmployeeDB employeeDB> = $r10
Unit: $r38 = (java.lang.Integer) $r37
Unit: $r20 = virtualinvoke r2.<org.mockito.ArgumentCaptor: java.lang.Object capture()>()
Unit: $r13 = new ca.liang.PayRoll
Unit: r0.<ca.liang.PayRollArrayTest: ca.liang.Employee[] employees> = $r4
Unit: specialinvoke $r13.<ca.liang.PayRoll: void <init>(ca.liang.EmployeeDB,ca.liang.BankService)>($r15, $r14)
Unit: $r24 = r0.<ca.liang.PayRollArrayTest: ca.liang.Employee[] employees>
Unit: $r40 = $r39[1]
Unit: $r7 = $r6[0]
Unit: $r34 = r0.<ca.liang.PayRollArrayTest: ca.liang.Employee[] employees>
Unit: $r37 = interfaceinvoke $r36.<java.util.List: java.lang.Object get(int)>(0)
Unit: $r11 = staticinvoke <org.mockito.Mockito: java.lang.Object mock(java.lang.Class)>(class "Lca/liang/BankService;")
Local: $r11
Must Mock: true

Unit: r2 = staticinvoke <org.mockito.ArgumentCaptor: org.mockito.ArgumentCaptor forClass(java.lang.Class)>(class "Ljava/lang/String;")
Unit: r3 = staticinvoke <org.mockito.ArgumentCaptor: org.mockito.ArgumentCaptor forClass(java.lang.Class)>(class "Ljava/lang/Integer;")
Unit: specialinvoke r0.<ca.liang.PayRollArrayTest: void assertNumberOfPayments(int)>(2)
Unit: $l4 = (long) $i3
Unit: $r12 = (ca.liang.BankService) $r11
Local: $r12
Must Mock: true

Unit: r0.<ca.liang.PayRollArrayTest: ca.liang.PayRoll payRoll> = $r13
Unit: $r43 = (java.lang.Integer) $r42
Unit: r1 = $r5
Unit: $r10 = new ca.liang.EmployeeDB
Unit: virtualinvoke $r19.<ca.liang.BankService: void makePayment(java.lang.String,int)>($r21, $i0)
Unit: $r42 = interfaceinvoke $r41.<java.util.List: java.lang.Object get(int)>(1)
Unit: staticinvoke <org.junit.Assert: void assertEquals(java.lang.Object,java.lang.Object)>($r26, $r28)
Unit: $l2 = (long) $i1
Unit: interfaceinvoke r1.<java.util.List: boolean add(java.lang.Object)>($r7)
Unit: staticinvoke <org.junit.Assert: void assertEquals(long,long)>($l6, $l8)
Unit: $r35 = $r34[0]
Unit: $r18 = staticinvoke <org.mockito.Mockito: java.lang.Object verify(java.lang.Object,org.mockito.verification.VerificationMode)>($r16, $r17)
Unit: $r23 = (java.lang.Integer) $r22
Unit: $r27 = virtualinvoke r2.<org.mockito.ArgumentCaptor: java.util.List getAllValues()>()
Unit: $r39 = r0.<ca.liang.PayRollArrayTest: ca.liang.Employee[] employees>
Unit: $r16 = r0.<ca.liang.PayRollArrayTest: ca.liang.BankService bankService>
	method assertNumberOfPayments : 
	method createTestEmployee : 
	method createEmployees : 
 ====================================== 
** CLASS ca.liang.PayRollMockTest
	method <init> : 
	method init : 
	method testNoEmployees : 
Unit: return
Unit: r0 := @this: ca.liang.PayRollMockTest
Unit: specialinvoke r0.<ca.liang.PayRollMockTest: void assertNumberOfPayments(int)>(0)
	method testNoEmployeesIntra : 
Unit: $r8 = virtualinvoke r2.<ca.liang.EmployeeDB: java.util.List getAllEmployees()>()
Unit: staticinvoke <org.junit.Assert: void assertEquals(long,long)>(0L, $l1)
Unit: $r11 = new ca.liang.PayRoll
Unit: specialinvoke $r5.<java.util.ArrayList: void <init>()>()
Unit: r2 = (ca.liang.EmployeeDB) $r6
Local: r2
Must Mock: true

Unit: interfaceinvoke $r9.<org.mockito.stubbing.OngoingStubbing: org.mockito.stubbing.OngoingStubbing thenReturn(java.lang.Object)>(r1)
Unit: r4 = $r11
Unit: r0 := @this: ca.liang.PayRollMockTest
Unit: r1 = $r5
Unit: $r7 = staticinvoke <org.mockito.Mockito: java.lang.Object mock(java.lang.Class)>(class "Lca/liang/BankService;")
Local: $r7
Must Mock: true

Unit: $r5 = new java.util.ArrayList
Unit: $r6 = staticinvoke <org.mockito.Mockito: java.lang.Object mock(java.lang.Class)>(class "Lca/liang/EmployeeDB;")
Local: $r6
Must Mock: true

Unit: specialinvoke $r11.<ca.liang.PayRoll: void <init>(ca.liang.EmployeeDB,ca.liang.BankService)>(r2, r3)
Unit: r3 = (ca.liang.BankService) $r7
Local: r3
Must Mock: true

Unit: return
Unit: i0 = virtualinvoke r4.<ca.liang.PayRoll: int monthlyPayment()>()
Unit: $l1 = (long) i0
Unit: $r9 = staticinvoke <org.mockito.Mockito: org.mockito.stubbing.OngoingStubbing when(java.lang.Object)>($r8)
	method testSingleEmployee : 
Unit: return
Unit: interfaceinvoke $r1.<java.util.List: boolean add(java.lang.Object)>($r2)
Unit: specialinvoke r0.<ca.liang.PayRollMockTest: void assertNumberOfPayments(int)>(1)
Unit: $r2 = specialinvoke r0.<ca.liang.PayRollMockTest: ca.liang.Employee createTestEmployee(java.lang.String,java.lang.String,int)>("Test Employee", "ID0", 1000)
Unit: r0 := @this: ca.liang.PayRollMockTest
Unit: $r1 = r0.<ca.liang.PayRollMockTest: java.util.List employees>
	method testEmployeeIsPaid : 
Unit: virtualinvoke $r7.<ca.liang.BankService: void makePayment(java.lang.String,int)>(r1, s0)
Unit: interfaceinvoke $r2.<java.util.List: boolean add(java.lang.Object)>($r3)
Unit: $r2 = r0.<ca.liang.PayRollMockTest: java.util.List employees>
Unit: $r4 = r0.<ca.liang.PayRollMockTest: ca.liang.BankService bankService>
Unit: return
Unit: $r7 = (ca.liang.BankService) $r6
Unit: r0 := @this: ca.liang.PayRollMockTest
Unit: s0 = 1000
Unit: r1 = "ID0"
Unit: $r3 = specialinvoke r0.<ca.liang.PayRollMockTest: ca.liang.Employee createTestEmployee(java.lang.String,java.lang.String,int)>("Test Employee", r1, s0)
Unit: $r6 = staticinvoke <org.mockito.Mockito: java.lang.Object verify(java.lang.Object,org.mockito.verification.VerificationMode)>($r4, $r5)
Unit: specialinvoke r0.<ca.liang.PayRollMockTest: void assertNumberOfPayments(int)>(1)
Unit: $r5 = staticinvoke <org.mockito.Mockito: org.mockito.verification.VerificationMode times(int)>(1)
	method testAllEmployeesArePaid1 : 
Unit: $r16 = staticinvoke <org.mockito.Mockito: org.mockito.stubbing.OngoingStubbing when(java.lang.Object)>($r15)
Unit: r5 = staticinvoke <org.mockito.ArgumentCaptor: org.mockito.ArgumentCaptor forClass(java.lang.Class)>(class "Ljava/lang/Integer;")
Unit: $r28 = virtualinvoke r5.<org.mockito.ArgumentCaptor: java.lang.Object capture()>()
Unit: interfaceinvoke r1.<java.util.List: boolean add(java.lang.Object)>(r3)
Local: r1
Collection Mock: true

Unit: $r32 = (ca.liang.Employee) $r31
Unit: $r38 = (ca.liang.Employee) $r37
Unit: $r51 = virtualinvoke r5.<org.mockito.ArgumentCaptor: java.util.List getAllValues()>()
Unit: interfaceinvoke $r16.<org.mockito.stubbing.OngoingStubbing: org.mockito.stubbing.OngoingStubbing thenReturn(java.lang.Object)>($r17)
Unit: $r49 = interfaceinvoke $r48.<java.util.List: java.lang.Object get(int)>(1)
Unit: specialinvoke r0.<ca.liang.PayRollMockTest: void assertNumberOfPayments(int)>(2)
Unit: $r24 = staticinvoke <org.mockito.Mockito: java.lang.Object verify(java.lang.Object,org.mockito.verification.VerificationMode)>($r22, $r23)
Unit: $r48 = r0.<ca.liang.PayRollMockTest: java.util.List employees>
Unit: r1 = $r7
Unit: $r9 = staticinvoke <org.mockito.Mockito: java.lang.Object mock(java.lang.Class)>(class "Lca/liang/Employee;")
Local: $r9
Must Mock: true

Unit: $r8 = staticinvoke <org.mockito.Mockito: java.lang.Object mock(java.lang.Class)>(class "Lca/liang/Employee;")
Local: $r8
Must Mock: true

Unit: $i3 = virtualinvoke $r47.<java.lang.Integer: int intValue()>()
Unit: specialinvoke $r7.<java.util.ArrayList: void <init>()>()
Unit: virtualinvoke $r25.<ca.liang.BankService: void makePayment(java.lang.String,int)>($r27, $i0)
Unit: $r22 = r0.<ca.liang.PayRollMockTest: ca.liang.BankService bankService>
Unit: $r34 = virtualinvoke r4.<org.mockito.ArgumentCaptor: java.util.List getAllValues()>()
Unit: staticinvoke <org.junit.Assert: void assertEquals(java.lang.Object,java.lang.Object)>($r39, $r41)
Unit: $r29 = (java.lang.Integer) $r28
Unit: $r44 = (ca.liang.Employee) $r43
Unit: $r47 = (java.lang.Integer) $r46
Unit: return
Unit: $r42 = r0.<ca.liang.PayRollMockTest: java.util.List employees>
Unit: r0.<ca.liang.PayRollMockTest: java.util.List employees> = $r6
Unit: $r17 = r0.<ca.liang.PayRollMockTest: java.util.List employees>
Unit: $r46 = interfaceinvoke $r45.<java.util.List: java.lang.Object get(int)>(0)
Unit: $r12 = staticinvoke <org.mockito.Mockito: java.lang.Object mock(java.lang.Class)>(class "Lca/liang/BankService;")
Local: $r12
Must Mock: true

Unit: $r52 = interfaceinvoke $r51.<java.util.List: java.lang.Object get(int)>(1)
Unit: $r43 = interfaceinvoke $r42.<java.util.List: java.lang.Object get(int)>(0)
Unit: $l2 = (long) $i1
Unit: $r10 = staticinvoke <org.mockito.Mockito: java.lang.Object mock(java.lang.Class)>(class "Lca/liang/EmployeeDB;")
Local: $r10
Must Mock: true

Unit: $r19 = new ca.liang.PayRoll
Unit: $r25 = (ca.liang.BankService) $r24
Unit: r0 := @this: ca.liang.PayRollMockTest
Unit: staticinvoke <org.junit.Assert: void assertEquals(java.lang.Object,java.lang.Object)>($r33, $r35)
Unit: $r6 = specialinvoke r0.<ca.liang.PayRollMockTest: java.util.List createEmployees()>()
Unit: r0.<ca.liang.PayRollMockTest: ca.liang.BankService bankService> = $r13
Unit: $r40 = virtualinvoke r4.<org.mockito.ArgumentCaptor: java.util.List getAllValues()>()
Unit: $r21 = r0.<ca.liang.PayRollMockTest: ca.liang.EmployeeDB employeeDB>
Unit: r0.<ca.liang.PayRollMockTest: ca.liang.PayRoll payRoll> = $r19
Unit: $r11 = (ca.liang.EmployeeDB) $r10
Local: $r11
Must Mock: true

Unit: $r41 = interfaceinvoke $r40.<java.util.List: java.lang.Object get(int)>(1)
Unit: staticinvoke <org.junit.Assert: void assertEquals(long,long)>($l2, $l4)
Unit: interfaceinvoke r1.<java.util.List: boolean add(java.lang.Object)>(r2)
Local: r1
Collection Mock: true

Unit: $r50 = (ca.liang.Employee) $r49
Unit: $r13 = (ca.liang.BankService) $r12
Local: $r13
Must Mock: true

Unit: $r27 = (java.lang.String) $r26
Unit: $r20 = r0.<ca.liang.PayRollMockTest: ca.liang.BankService bankService>
Unit: $r26 = virtualinvoke r4.<org.mockito.ArgumentCaptor: java.lang.Object capture()>()
Unit: specialinvoke $r19.<ca.liang.PayRoll: void <init>(ca.liang.EmployeeDB,ca.liang.BankService)>($r21, $r20)
Unit: r4 = staticinvoke <org.mockito.ArgumentCaptor: org.mockito.ArgumentCaptor forClass(java.lang.Class)>(class "Ljava/lang/String;")
Unit: $i1 = virtualinvoke $r44.<ca.liang.Employee: int getSalary()>()
Unit: $i0 = virtualinvoke $r29.<java.lang.Integer: int intValue()>()
Unit: r0.<ca.liang.PayRollMockTest: ca.liang.EmployeeDB employeeDB> = $r11
Unit: $r33 = virtualinvoke $r32.<ca.liang.Employee: java.lang.String getBankId()>()
Unit: $r23 = staticinvoke <org.mockito.Mockito: org.mockito.verification.VerificationMode times(int)>(2)
Unit: $r45 = virtualinvoke r5.<org.mockito.ArgumentCaptor: java.util.List getAllValues()>()
Unit: $r30 = r0.<ca.liang.PayRollMockTest: java.util.List employees>
Unit: $r36 = r0.<ca.liang.PayRollMockTest: java.util.List employees>
Unit: $r53 = (java.lang.Integer) $r52
Unit: $l8 = (long) $i7
Unit: $r37 = interfaceinvoke $r36.<java.util.List: java.lang.Object get(int)>(1)
Unit: r0.<ca.liang.PayRollMockTest: java.util.List employees> = r1
Unit: $r31 = interfaceinvoke $r30.<java.util.List: java.lang.Object get(int)>(0)
Unit: $r35 = interfaceinvoke $r34.<java.util.List: java.lang.Object get(int)>(0)
Unit: $i5 = virtualinvoke $r50.<ca.liang.Employee: int getSalary()>()
Unit: $r39 = virtualinvoke $r38.<ca.liang.Employee: java.lang.String getBankId()>()
Unit: r3 = (ca.liang.Employee) $r9
Local: r3
Must Mock: true

Unit: r2 = (ca.liang.Employee) $r8
Local: r2
Must Mock: true

Unit: $r15 = virtualinvoke $r14.<ca.liang.EmployeeDB: java.util.List getAllEmployees()>()
Unit: $r7 = new java.util.ArrayList
Unit: $r14 = r0.<ca.liang.PayRollMockTest: ca.liang.EmployeeDB employeeDB>
Unit: $i7 = virtualinvoke $r53.<java.lang.Integer: int intValue()>()
Unit: $l4 = (long) $i3
Unit: staticinvoke <org.junit.Assert: void assertEquals(long,long)>($l6, $l8)
Unit: $l6 = (long) $i5
	method testAllEmployeesArePaid2 : 
Unit: $r9 = staticinvoke <org.mockito.Mockito: java.lang.Object mock(java.lang.Class)>(class "Lca/liang/Employee;")
Local: $r9
Must Mock: true

Unit: $i1 = virtualinvoke $r44.<ca.liang.Employee: int getSalary()>()
Unit: $r44 = (ca.liang.Employee) $r43
Unit: $r52 = interfaceinvoke $r51.<java.util.List: java.lang.Object get(int)>(1)
Unit: $r37 = interfaceinvoke $r36.<java.util.List: java.lang.Object get(int)>(1)
Unit: $r15 = virtualinvoke $r14.<ca.liang.EmployeeDB: java.util.List getAllEmployees()>()
Unit: virtualinvoke r1.<java.util.ArrayList: boolean add(java.lang.Object)>(r3)
Local: r1
Collection Mock: true

Unit: $r47 = (java.lang.Integer) $r46
Unit: $r10 = staticinvoke <org.mockito.Mockito: java.lang.Object mock(java.lang.Class)>(class "Lca/liang/EmployeeDB;")
Local: $r10
Must Mock: true

Unit: $r45 = virtualinvoke r5.<org.mockito.ArgumentCaptor: java.util.List getAllValues()>()
Unit: specialinvoke $r7.<java.util.ArrayList: void <init>()>()
Unit: $r7 = new java.util.ArrayList
Unit: $r20 = r0.<ca.liang.PayRollMockTest: ca.liang.BankService bankService>
Unit: $r33 = virtualinvoke $r32.<ca.liang.Employee: java.lang.String getBankId()>()
Unit: $l8 = (long) $i7
Unit: $r12 = staticinvoke <org.mockito.Mockito: java.lang.Object mock(java.lang.Class)>(class "Lca/liang/BankService;")
Local: $r12
Must Mock: true

Unit: $r49 = interfaceinvoke $r48.<java.util.List: java.lang.Object get(int)>(1)
Unit: staticinvoke <org.junit.Assert: void assertEquals(long,long)>($l6, $l8)
Unit: r4 = staticinvoke <org.mockito.ArgumentCaptor: org.mockito.ArgumentCaptor forClass(java.lang.Class)>(class "Ljava/lang/String;")
Unit: specialinvoke r0.<ca.liang.PayRollMockTest: void assertNumberOfPayments(int)>(2)
Unit: staticinvoke <org.junit.Assert: void assertEquals(java.lang.Object,java.lang.Object)>($r33, $r35)
Unit: $r42 = r0.<ca.liang.PayRollMockTest: java.util.List employees>
Unit: $r25 = (ca.liang.BankService) $r24
Unit: r0.<ca.liang.PayRollMockTest: ca.liang.EmployeeDB employeeDB> = $r11
Unit: $r39 = virtualinvoke $r38.<ca.liang.Employee: java.lang.String getBankId()>()
Unit: r0.<ca.liang.PayRollMockTest: java.util.List employees> = r1
Unit: r1 = $r7
Unit: $r14 = r0.<ca.liang.PayRollMockTest: ca.liang.EmployeeDB employeeDB>
Unit: $r36 = r0.<ca.liang.PayRollMockTest: java.util.List employees>
Unit: $r53 = (java.lang.Integer) $r52
Unit: $r8 = staticinvoke <org.mockito.Mockito: java.lang.Object mock(java.lang.Class)>(class "Lca/liang/Employee;")
Local: $r8
Must Mock: true

Unit: $r16 = staticinvoke <org.mockito.Mockito: org.mockito.stubbing.OngoingStubbing when(java.lang.Object)>($r15)
Unit: $r17 = r0.<ca.liang.PayRollMockTest: java.util.List employees>
Unit: $r40 = virtualinvoke r4.<org.mockito.ArgumentCaptor: java.util.List getAllValues()>()
Unit: $r43 = interfaceinvoke $r42.<java.util.List: java.lang.Object get(int)>(0)
Unit: r0.<ca.liang.PayRollMockTest: java.util.List employees> = $r6
Unit: specialinvoke $r19.<ca.liang.PayRoll: void <init>(ca.liang.EmployeeDB,ca.liang.BankService)>($r21, $r20)
Unit: $r28 = virtualinvoke r5.<org.mockito.ArgumentCaptor: java.lang.Object capture()>()
Unit: $i0 = virtualinvoke $r29.<java.lang.Integer: int intValue()>()
Unit: r0 := @this: ca.liang.PayRollMockTest
Unit: $r19 = new ca.liang.PayRoll
Unit: staticinvoke <org.junit.Assert: void assertEquals(long,long)>($l2, $l4)
Unit: $l6 = (long) $i5
Unit: $r38 = (ca.liang.Employee) $r37
Unit: $r51 = virtualinvoke r5.<org.mockito.ArgumentCaptor: java.util.List getAllValues()>()
Unit: $r32 = (ca.liang.Employee) $r31
Unit: $l4 = (long) $i3
Unit: r2 = (ca.liang.Employee) $r8
Local: r2
Must Mock: true

Unit: interfaceinvoke $r16.<org.mockito.stubbing.OngoingStubbing: org.mockito.stubbing.OngoingStubbing thenReturn(java.lang.Object)>($r17)
Unit: $l2 = (long) $i1
Unit: r0.<ca.liang.PayRollMockTest: ca.liang.BankService bankService> = $r13
Unit: $r24 = staticinvoke <org.mockito.Mockito: java.lang.Object verify(java.lang.Object,org.mockito.verification.VerificationMode)>($r22, $r23)
Unit: r5 = staticinvoke <org.mockito.ArgumentCaptor: org.mockito.ArgumentCaptor forClass(java.lang.Class)>(class "Ljava/lang/Integer;")
Unit: return
Unit: $i7 = virtualinvoke $r53.<java.lang.Integer: int intValue()>()
Unit: $r27 = (java.lang.String) $r26
Unit: $r30 = r0.<ca.liang.PayRollMockTest: java.util.List employees>
Unit: r3 = (ca.liang.Employee) $r9
Local: r3
Must Mock: true

Unit: $r35 = interfaceinvoke $r34.<java.util.List: java.lang.Object get(int)>(0)
Unit: $i3 = virtualinvoke $r47.<java.lang.Integer: int intValue()>()
Unit: staticinvoke <org.junit.Assert: void assertEquals(java.lang.Object,java.lang.Object)>($r39, $r41)
Unit: $r22 = r0.<ca.liang.PayRollMockTest: ca.liang.BankService bankService>
Unit: virtualinvoke $r25.<ca.liang.BankService: void makePayment(java.lang.String,int)>($r27, $i0)
Unit: $r34 = virtualinvoke r4.<org.mockito.ArgumentCaptor: java.util.List getAllValues()>()
Unit: $r21 = r0.<ca.liang.PayRollMockTest: ca.liang.EmployeeDB employeeDB>
Unit: r0.<ca.liang.PayRollMockTest: ca.liang.PayRoll payRoll> = $r19
Unit: $r50 = (ca.liang.Employee) $r49
Unit: $r29 = (java.lang.Integer) $r28
Unit: $r41 = interfaceinvoke $r40.<java.util.List: java.lang.Object get(int)>(1)
Unit: $i5 = virtualinvoke $r50.<ca.liang.Employee: int getSalary()>()
Unit: virtualinvoke r1.<java.util.ArrayList: boolean add(java.lang.Object)>(r2)
Local: r1
Collection Mock: true

Unit: $r11 = (ca.liang.EmployeeDB) $r10
Local: $r11
Must Mock: true

Unit: $r6 = specialinvoke r0.<ca.liang.PayRollMockTest: java.util.List createEmployees()>()
Unit: $r31 = interfaceinvoke $r30.<java.util.List: java.lang.Object get(int)>(0)
Unit: $r46 = interfaceinvoke $r45.<java.util.List: java.lang.Object get(int)>(0)
Unit: $r48 = r0.<ca.liang.PayRollMockTest: java.util.List employees>
Unit: $r26 = virtualinvoke r4.<org.mockito.ArgumentCaptor: java.lang.Object capture()>()
Unit: $r23 = staticinvoke <org.mockito.Mockito: org.mockito.verification.VerificationMode times(int)>(2)
Unit: $r13 = (ca.liang.BankService) $r12
Local: $r13
Must Mock: true

	method testInteractionOrder : 
Unit: virtualinvoke $r14.<ca.liang.BankService: void makePayment(java.lang.String,int)>(r1, s0)
Unit: $r5[0] = $r6
Unit: $r5 = newarray (java.lang.Object)[2]
Unit: $r7 = r0.<ca.liang.PayRollMockTest: ca.liang.BankService bankService>
Unit: $r10 = (ca.liang.EmployeeDB) $r9
Unit: $r3 = r0.<ca.liang.PayRollMockTest: java.util.List employees>
Unit: $r8 = r0.<ca.liang.PayRollMockTest: ca.liang.EmployeeDB employeeDB>
Unit: $r14 = (ca.liang.BankService) $r13
Unit: $r5[1] = $r7
Unit: return
Unit: $r9 = interfaceinvoke r2.<org.mockito.InOrder: java.lang.Object verify(java.lang.Object)>($r8)
Unit: specialinvoke r0.<ca.liang.PayRollMockTest: void assertNumberOfPayments(int)>(1)
Unit: $r4 = specialinvoke r0.<ca.liang.PayRollMockTest: ca.liang.Employee createTestEmployee(java.lang.String,java.lang.String,int)>("Test Employee", r1, s0)
Unit: $r6 = r0.<ca.liang.PayRollMockTest: ca.liang.EmployeeDB employeeDB>
Unit: r2 = staticinvoke <org.mockito.Mockito: org.mockito.InOrder inOrder(java.lang.Object[])>($r5)
Unit: virtualinvoke $r10.<ca.liang.EmployeeDB: java.util.List getAllEmployees()>()
Unit: r0 := @this: ca.liang.PayRollMockTest
Unit: r1 = "ID0"
Unit: s0 = 1000
Unit: $r12 = r0.<ca.liang.PayRollMockTest: ca.liang.BankService bankService>
Unit: $r13 = interfaceinvoke r2.<org.mockito.InOrder: java.lang.Object verify(java.lang.Object)>($r12)
Unit: interfaceinvoke $r3.<java.util.List: boolean add(java.lang.Object)>($r4)
	method assertNumberOfPayments : 
	method createTestEmployee : 
	method createEmployees : 
 ====================================== 
** CLASS ca.liang.PayRollTest
	method <init> : 
	method init : 
	method testNoEmployees : 
Unit: return
Unit: specialinvoke r0.<ca.liang.PayRollTest: void assertNumberOfPayments(int)>(0)
Unit: r0 := @this: ca.liang.PayRollTest
	method testNoEmployeesIntra : 
Unit: return
Unit: interfaceinvoke $r9.<org.mockito.stubbing.OngoingStubbing: org.mockito.stubbing.OngoingStubbing thenReturn(java.lang.Object)>(r1)
Unit: r3 = (ca.liang.BankService) $r7
Local: r3
Must Mock: true

Unit: r1 = $r5
Unit: i0 = virtualinvoke r4.<ca.liang.PayRoll: int monthlyPayment()>()
Unit: $l1 = (long) i0
Unit: staticinvoke <org.junit.Assert: void assertEquals(long,long)>(0L, $l1)
Unit: $r5 = new java.util.ArrayList
Unit: $r6 = staticinvoke <org.mockito.Mockito: java.lang.Object mock(java.lang.Class)>(class "Lca/liang/EmployeeDB;")
Local: $r6
Must Mock: true

Unit: specialinvoke $r5.<java.util.ArrayList: void <init>()>()
Unit: specialinvoke $r11.<ca.liang.PayRoll: void <init>(ca.liang.EmployeeDB,ca.liang.BankService)>(r2, r3)
Unit: r0 := @this: ca.liang.PayRollTest
Unit: r4 = $r11
Unit: $r7 = staticinvoke <org.mockito.Mockito: java.lang.Object mock(java.lang.Class)>(class "Lca/liang/BankService;")
Local: $r7
Must Mock: true

Unit: $r9 = staticinvoke <org.mockito.Mockito: org.mockito.stubbing.OngoingStubbing when(java.lang.Object)>($r8)
Unit: $r8 = virtualinvoke r2.<ca.liang.EmployeeDB: java.util.List getAllEmployees()>()
Unit: r2 = (ca.liang.EmployeeDB) $r6
Local: r2
Must Mock: true

Unit: $r11 = new ca.liang.PayRoll
	method testSingleEmployee : 
Unit: $r7 = new java.util.HashMap
Unit: specialinvoke $r6.<ca.liang.EmployeeDB: void <init>(java.util.List)>(r2)
Unit: $r9 = staticinvoke <java.lang.Integer: java.lang.Integer valueOf(int)>(1000)
Unit: $r4 = r0.<ca.liang.PayRollTest: java.util.List employees>
Unit: specialinvoke $r11.<ca.liang.PayRoll: void <init>(ca.liang.EmployeeDB,ca.liang.BankService)>($r13, $r12)
Unit: r2 = $r5
Unit: r0 := @this: ca.liang.PayRollTest
Unit: interfaceinvoke $r4.<java.util.List: boolean add(java.lang.Object)>(r1)
Unit: $r5 = new java.util.ArrayList
Unit: specialinvoke $r5.<java.util.ArrayList: void <init>()>()
Unit: $r6 = new ca.liang.EmployeeDB
Unit: interfaceinvoke r3.<java.util.Map: java.lang.Object put(java.lang.Object,java.lang.Object)>("ID0", $r9)
Unit: specialinvoke $r7.<java.util.HashMap: void <init>()>()
Unit: r1 = specialinvoke r0.<ca.liang.PayRollTest: ca.liang.Employee createTestEmployee(java.lang.String,java.lang.String,int)>("Test Employee", "ID0", 1000)
Unit: r0.<ca.liang.PayRollTest: ca.liang.BankService bankService> = $r8
Unit: r0.<ca.liang.PayRollTest: ca.liang.PayRoll payRoll> = $r11
Unit: interfaceinvoke r2.<java.util.List: boolean add(java.lang.Object)>(r1)
Unit: specialinvoke r0.<ca.liang.PayRollTest: void assertNumberOfPayments(int)>(1)
Unit: $r12 = r0.<ca.liang.PayRollTest: ca.liang.BankService bankService>
Unit: r3 = $r7
Unit: return
Unit: $r8 = new ca.liang.BankService
Unit: $r11 = new ca.liang.PayRoll
Unit: r0.<ca.liang.PayRollTest: ca.liang.EmployeeDB employeeDB> = $r6
Unit: specialinvoke $r8.<ca.liang.BankService: void <init>(java.util.Map)>(r3)
Unit: $r13 = r0.<ca.liang.PayRollTest: ca.liang.EmployeeDB employeeDB>
	method testEmployeeIsPaid : 
Unit: specialinvoke $r8.<ca.liang.EmployeeDB: void <init>(java.util.List)>(r2)
Unit: $r14 = r0.<ca.liang.PayRollTest: ca.liang.EmployeeDB employeeDB>
Unit: r0.<ca.liang.PayRollTest: ca.liang.EmployeeDB employeeDB> = $r8
Unit: r0 := @this: ca.liang.PayRollTest
Unit: virtualinvoke $r18.<ca.liang.BankService: void makePayment(java.lang.String,int)>(r1, s0)
Unit: r3 = $r9
Unit: $r7 = specialinvoke r0.<ca.liang.PayRollTest: ca.liang.Employee createTestEmployee(java.lang.String,java.lang.String,int)>("Test Employee1", r1, s0)
Unit: r2 = $r6
Unit: r0.<ca.liang.PayRollTest: ca.liang.BankService bankService> = $r11
Unit: $r16 = staticinvoke <org.mockito.Mockito: org.mockito.verification.VerificationMode times(int)>(1)
Unit: interfaceinvoke r2.<java.util.List: boolean add(java.lang.Object)>($r7)
Unit: $r10 = staticinvoke <org.mockito.Mockito: java.lang.Object mock(java.lang.Class)>(class "Lca/liang/BankService;")
Local: $r10
Must Mock: true

Unit: interfaceinvoke $r4.<java.util.List: boolean add(java.lang.Object)>($r5)
Unit: $r9 = new java.util.HashMap
Unit: s0 = 1000
Unit: specialinvoke $r6.<java.util.ArrayList: void <init>()>()
Unit: return
Unit: $r11 = (ca.liang.BankService) $r10
Local: $r11
Must Mock: true

Unit: $r17 = staticinvoke <org.mockito.Mockito: java.lang.Object verify(java.lang.Object,org.mockito.verification.VerificationMode)>($r15, $r16)
Unit: $r5 = specialinvoke r0.<ca.liang.PayRollTest: ca.liang.Employee createTestEmployee(java.lang.String,java.lang.String,int)>("Test Employee", r1, s0)
Unit: $r6 = new java.util.ArrayList
Unit: $r13 = r0.<ca.liang.PayRollTest: ca.liang.BankService bankService>
Unit: $r8 = new ca.liang.EmployeeDB
Unit: specialinvoke $r9.<java.util.HashMap: void <init>()>()
Unit: specialinvoke $r12.<ca.liang.PayRoll: void <init>(ca.liang.EmployeeDB,ca.liang.BankService)>($r14, $r13)
Unit: $r15 = r0.<ca.liang.PayRollTest: ca.liang.BankService bankService>
Unit: specialinvoke r0.<ca.liang.PayRollTest: void assertNumberOfPayments(int)>(1)
Unit: r0.<ca.liang.PayRollTest: ca.liang.PayRoll payRoll> = $r12
Unit: $r12 = new ca.liang.PayRoll
Unit: r1 = "ID0"
Unit: $r4 = r0.<ca.liang.PayRollTest: java.util.List employees>
Unit: $r18 = (ca.liang.BankService) $r17
	method testAllEmployeesArePaid : 
Unit: $r39 = r0.<ca.liang.PayRollTest: java.util.List employees>
Unit: $r36 = virtualinvoke $r35.<ca.liang.Employee: java.lang.String getBankId()>()
Unit: $r7 = specialinvoke r0.<ca.liang.PayRollTest: ca.liang.Employee createTestEmployee(java.lang.String,java.lang.String,int)>("Test Employee2", "ID1", 2000)
Unit: $r9 = r0.<ca.liang.PayRollTest: java.util.List employees>
Unit: $r23 = virtualinvoke r2.<org.mockito.ArgumentCaptor: java.lang.Object capture()>()
Unit: $r27 = r0.<ca.liang.PayRollTest: java.util.List employees>
Unit: $r35 = (ca.liang.Employee) $r34
Unit: $l6 = (long) $i5
Unit: $r25 = virtualinvoke r3.<org.mockito.ArgumentCaptor: java.lang.Object capture()>()
Unit: $r28 = interfaceinvoke $r27.<java.util.List: java.lang.Object get(int)>(0)
Unit: $r37 = virtualinvoke r2.<org.mockito.ArgumentCaptor: java.util.List getAllValues()>()
Unit: r2 = staticinvoke <org.mockito.ArgumentCaptor: org.mockito.ArgumentCaptor forClass(java.lang.Class)>(class "Ljava/lang/String;")
Unit: $i1 = virtualinvoke $r41.<ca.liang.Employee: int getSalary()>()
Unit: $r8 = new java.util.ArrayList
Unit: r0.<ca.liang.PayRollTest: ca.liang.BankService bankService> = $r15
Unit: $r41 = (ca.liang.Employee) $r40
Unit: $r13 = new ca.liang.EmployeeDB
Unit: $r30 = virtualinvoke $r29.<ca.liang.Employee: java.lang.String getBankId()>()
Unit: $r11 = r0.<ca.liang.PayRollTest: java.util.List employees>
Unit: $r29 = (ca.liang.Employee) $r28
Unit: $r31 = virtualinvoke r2.<org.mockito.ArgumentCaptor: java.util.List getAllValues()>()
Unit: r1 = $r8
Unit: staticinvoke <org.junit.Assert: void assertEquals(long,long)>($l6, $l8)
Unit: $r33 = r0.<ca.liang.PayRollTest: java.util.List employees>
Unit: interfaceinvoke r1.<java.util.List: boolean add(java.lang.Object)>($r10)
Unit: staticinvoke <org.junit.Assert: void assertEquals(long,long)>($l2, $l4)
Unit: $r5 = specialinvoke r0.<ca.liang.PayRollTest: ca.liang.Employee createTestEmployee(java.lang.String,java.lang.String,int)>("Test Employee1", "ID0", 1000)
Unit: interfaceinvoke $r4.<java.util.List: boolean add(java.lang.Object)>($r5)
Unit: $r32 = interfaceinvoke $r31.<java.util.List: java.lang.Object get(int)>(0)
Unit: $l4 = (long) $i3
Unit: $r10 = interfaceinvoke $r9.<java.util.List: java.lang.Object get(int)>(0)
Unit: specialinvoke r0.<ca.liang.PayRollTest: void assertNumberOfPayments(int)>(2)
Unit: $r44 = (java.lang.Integer) $r43
Unit: specialinvoke $r8.<java.util.ArrayList: void <init>()>()
Unit: $r43 = interfaceinvoke $r42.<java.util.List: java.lang.Object get(int)>(0)
Unit: $i7 = virtualinvoke $r50.<java.lang.Integer: int intValue()>()
Unit: r0.<ca.liang.PayRollTest: ca.liang.PayRoll payRoll> = $r16
Unit: $i5 = virtualinvoke $r47.<ca.liang.Employee: int getSalary()>()
Unit: $r47 = (ca.liang.Employee) $r46
Unit: $r26 = (java.lang.Integer) $r25
Unit: staticinvoke <org.junit.Assert: void assertEquals(java.lang.Object,java.lang.Object)>($r30, $r32)
Unit: interfaceinvoke r1.<java.util.List: boolean add(java.lang.Object)>($r12)
Unit: virtualinvoke $r22.<ca.liang.BankService: void makePayment(java.lang.String,int)>($r24, $i0)
Unit: specialinvoke $r16.<ca.liang.PayRoll: void <init>(ca.liang.EmployeeDB,ca.liang.BankService)>($r18, $r17)
Unit: $r45 = r0.<ca.liang.PayRollTest: java.util.List employees>
Unit: $r12 = interfaceinvoke $r11.<java.util.List: java.lang.Object get(int)>(1)
Unit: specialinvoke $r13.<ca.liang.EmployeeDB: void <init>(java.util.List)>(r1)
Unit: $r18 = r0.<ca.liang.PayRollTest: ca.liang.EmployeeDB employeeDB>
Unit: $r49 = interfaceinvoke $r48.<java.util.List: java.lang.Object get(int)>(1)
Unit: $r48 = virtualinvoke r3.<org.mockito.ArgumentCaptor: java.util.List getAllValues()>()
Unit: $r6 = r0.<ca.liang.PayRollTest: java.util.List employees>
Unit: $r21 = staticinvoke <org.mockito.Mockito: java.lang.Object verify(java.lang.Object,org.mockito.verification.VerificationMode)>($r19, $r20)
Unit: $r34 = interfaceinvoke $r33.<java.util.List: java.lang.Object get(int)>(1)
Unit: $r15 = (ca.liang.BankService) $r14
Local: $r15
Must Mock: true

Unit: $l8 = (long) $i7
Unit: $l2 = (long) $i1
Unit: $i0 = virtualinvoke $r26.<java.lang.Integer: int intValue()>()
Unit: r0 := @this: ca.liang.PayRollTest
Unit: $r17 = r0.<ca.liang.PayRollTest: ca.liang.BankService bankService>
Unit: $r19 = r0.<ca.liang.PayRollTest: ca.liang.BankService bankService>
Unit: $r4 = r0.<ca.liang.PayRollTest: java.util.List employees>
Unit: $i3 = virtualinvoke $r44.<java.lang.Integer: int intValue()>()
Unit: $r42 = virtualinvoke r3.<org.mockito.ArgumentCaptor: java.util.List getAllValues()>()
Unit: staticinvoke <org.junit.Assert: void assertEquals(java.lang.Object,java.lang.Object)>($r36, $r38)
Unit: r0.<ca.liang.PayRollTest: ca.liang.EmployeeDB employeeDB> = $r13
Unit: $r46 = interfaceinvoke $r45.<java.util.List: java.lang.Object get(int)>(1)
Unit: $r24 = (java.lang.String) $r23
Unit: $r40 = interfaceinvoke $r39.<java.util.List: java.lang.Object get(int)>(0)
Unit: return
Unit: $r14 = staticinvoke <org.mockito.Mockito: java.lang.Object mock(java.lang.Class)>(class "Lca/liang/BankService;")
Local: $r14
Must Mock: true

Unit: r3 = staticinvoke <org.mockito.ArgumentCaptor: org.mockito.ArgumentCaptor forClass(java.lang.Class)>(class "Ljava/lang/Integer;")
Unit: interfaceinvoke $r6.<java.util.List: boolean add(java.lang.Object)>($r7)
Unit: $r22 = (ca.liang.BankService) $r21
Unit: $r50 = (java.lang.Integer) $r49
Unit: $r20 = staticinvoke <org.mockito.Mockito: org.mockito.verification.VerificationMode times(int)>(2)
Unit: $r16 = new ca.liang.PayRoll
Unit: $r38 = interfaceinvoke $r37.<java.util.List: java.lang.Object get(int)>(1)
	method assertNumberOfPayments : 
	method createTestEmployee : 

 ====================================== 
** CLASS ca.liang.PayRollArrayMockTest
Number of Methods with MustMock in class: 4
Number of Methods with ArrayMock in class: 1
Number of Methods with Collection in class: 0

 ====================================== 
** CLASS ca.liang.PayRollArrayTest
Number of Methods with MustMock in class: 4
Number of Methods with ArrayMock in class: 2
Number of Methods with Collection in class: 0

 ====================================== 
** CLASS ca.liang.PayRollMockTest
Number of Methods with MustMock in class: 3
Number of Methods with ArrayMock in class: 0
Number of Methods with Collection in class: 2

 ====================================== 
** CLASS ca.liang.PayRollTest
Number of Methods with MustMock in class: 3
Number of Methods with ArrayMock in class: 0
Number of Methods with Collection in class: 0

 ====================================== 
Benchmark microbenchmark Mock Stats
Total Number of Test Methods with MustMock: 14
Total Number of Test Methods with ArrayMock in class: 3
Total Number of Test Methods with Collection in class: 2

Soot finished on Wed Apr 21 19:04:41 EDT 2021
Soot has run for 0 min. 53 sec.
