/home/daveroar/Graduation_Studies/ThesisWork/JRefactoring/MockAbstraction
:/home/daveroar/Graduation_Studies/ThesisWork/JRefactoring/MockAbstraction/Benchmarks/quartz-quartz-2.3.1-patched/quartz-core/mvn_dependencies/asm-3.2.jar:/home/daveroar/Graduation_Studies/ThesisWork/JRefactoring/MockAbstraction/Benchmarks/quartz-quartz-2.3.1-patched/quartz-core/mvn_dependencies/c3p0-0.9.5.3.jar:/home/daveroar/Graduation_Studies/ThesisWork/JRefactoring/MockAbstraction/Benchmarks/quartz-quartz-2.3.1-patched/quartz-core/mvn_dependencies/derby-10.8.2.2.jar:/home/daveroar/Graduation_Studies/ThesisWork/JRefactoring/MockAbstraction/Benchmarks/quartz-quartz-2.3.1-patched/quartz-core/mvn_dependencies/derbyclient-10.8.2.2.jar:/home/daveroar/Graduation_Studies/ThesisWork/JRefactoring/MockAbstraction/Benchmarks/quartz-quartz-2.3.1-patched/quartz-core/mvn_dependencies/derbynet-10.8.2.2.jar:/home/daveroar/Graduation_Studies/ThesisWork/JRefactoring/MockAbstraction/Benchmarks/quartz-quartz-2.3.1-patched/quartz-core/mvn_dependencies/hamcrest-core-1.2.jar:/home/daveroar/Graduation_Studies/ThesisWork/JRefactoring/MockAbstraction/Benchmarks/quartz-quartz-2.3.1-patched/quartz-core/mvn_dependencies/hamcrest-library-1.2.jar:/home/daveroar/Graduation_Studies/ThesisWork/JRefactoring/MockAbstraction/Benchmarks/quartz-quartz-2.3.1-patched/quartz-core/mvn_dependencies/HikariCP-java7-2.4.13.jar:/home/daveroar/Graduation_Studies/ThesisWork/JRefactoring/MockAbstraction/Benchmarks/quartz-quartz-2.3.1-patched/quartz-core/mvn_dependencies/javaee-api-5.0-2.jar:/home/daveroar/Graduation_Studies/ThesisWork/JRefactoring/MockAbstraction/Benchmarks/quartz-quartz-2.3.1-patched/quartz-core/mvn_dependencies/junit-dep-4.8.2.jar:/home/daveroar/Graduation_Studies/ThesisWork/JRefactoring/MockAbstraction/Benchmarks/quartz-quartz-2.3.1-patched/quartz-core/mvn_dependencies/log4j-1.2.16.jar:/home/daveroar/Graduation_Studies/ThesisWork/JRefactoring/MockAbstraction/Benchmarks/quartz-quartz-2.3.1-patched/quartz-core/mvn_dependencies/mchange-commons-java-0.2.15.jar:/home/daveroar/Graduation_Studies/ThesisWork/JRefactoring/MockAbstraction/Benchmarks/quartz-quartz-2.3.1-patched/quartz-core/mvn_dependencies/mockito-all-1.9.5.jar:/home/daveroar/Graduation_Studies/ThesisWork/JRefactoring/MockAbstraction/Benchmarks/quartz-quartz-2.3.1-patched/quartz-core/mvn_dependencies/slf4j-api-1.7.7.jar:/home/daveroar/Graduation_Studies/ThesisWork/JRefactoring/MockAbstraction/Benchmarks/quartz-quartz-2.3.1-patched/quartz-core/mvn_dependencies/slf4j-log4j12-1.7.7.jar:/home/daveroar/Graduation_Studies/ThesisWork/JRefactoring/MockAbstraction/Benchmarks/quartz-quartz-2.3.1-patched/quartz-core/mvn_dependencies/typesafe-config-2.10.1.jar
it is a maven project
[[1;34mINFO[m] Scanning for projects...
[[1;34mINFO[m] [1m------------------------------------------------------------------------[m
[[1;34mINFO[m] [1mReactor Build Order:[m
[[1;34mINFO[m] 
[[1;34mINFO[m] quartz-parent                                                      [pom]
[[1;34mINFO[m] quartz-checkstyle                                                  [jar]
[[1;34mINFO[m] quartz-core                                                        [jar]
[[1;34mINFO[m] quartz-commonj                                                     [jar]
[[1;34mINFO[m] quartz-jboss                                                       [jar]
[[1;34mINFO[m] quartz-stubs                                                       [jar]
[[1;34mINFO[m] quartz-oracle                                                      [jar]
[[1;34mINFO[m] quartz-weblogic                                                    [jar]
[[1;34mINFO[m] quartz-jobs                                                        [jar]
[[1;34mINFO[m] quartz-plugins                                                     [jar]
[[1;34mINFO[m] quartz-terracotta-root                                             [pom]
[[1;34mINFO[m] quartz-terracotta-bootstrap                                        [jar]
[[1;34mINFO[m] quartz                                                             [jar]
[[1;34mINFO[m] 
[[1;34mINFO[m] [1m-----------------< [0;36morg.quartz-scheduler:quartz-parent[0;1m >-----------------[m
[[1;34mINFO[m] [1mBuilding quartz-parent 2.3.1                                      [1/13][m
[[1;34mINFO[m] [1m--------------------------------[ pom ]---------------------------------[m
[[1;34mINFO[m] 
[[1;34mINFO[m] [1m--- [0;32mmaven-clean-plugin:2.5:clean[m [1m(default-clean)[m @ [36mquartz-parent[0;1m ---[m
[[1;34mINFO[m] 
[[1;34mINFO[m] [1m--- [0;32mjacoco-maven-plugin:0.8.5:prepare-agent[m [1m(pre-unit-test)[m @ [36mquartz-parent[0;1m ---[m
[[1;34mINFO[m] surefireArgLine set to -javaagent:/home/daveroar/.m2/repository/org/jacoco/org.jacoco.agent/0.8.5/org.jacoco.agent-0.8.5-runtime.jar=destfile=/home/daveroar/Graduation_Studies/ThesisWork/JRefactoring/MockAbstraction/Benchmarks/quartz-quartz-2.3.1-patched/target/coverage-reports/jacoco-ut.exec
[[1;34mINFO[m] 
[[1;34mINFO[m] [1m--- [0;32mjacoco-maven-plugin:0.8.5:report[m [1m(post-unit-test)[m @ [36mquartz-parent[0;1m ---[m
[[1;34mINFO[m] Skipping JaCoCo execution due to missing execution data file.
[[1;34mINFO[m] 
[[1;34mINFO[m] [1m----------< [0;36morg.quartz-scheduler.internal:quartz-checkstyle[0;1m >-----------[m
[[1;34mINFO[m] [1mBuilding quartz-checkstyle 2.3.1                                  [2/13][m
[[1;34mINFO[m] [1m--------------------------------[ jar ]---------------------------------[m
[[1;34mINFO[m] 
[[1;34mINFO[m] [1m--- [0;32mmaven-clean-plugin:2.5:clean[m [1m(default-clean)[m @ [36mquartz-checkstyle[0;1m ---[m
[[1;34mINFO[m] Deleting /home/daveroar/Graduation_Studies/ThesisWork/JRefactoring/MockAbstraction/Benchmarks/quartz-quartz-2.3.1-patched/checkstyle/target
[[1;34mINFO[m] 
[[1;34mINFO[m] [1m--- [0;32mjacoco-maven-plugin:0.8.5:prepare-agent[m [1m(pre-unit-test)[m @ [36mquartz-checkstyle[0;1m ---[m
[[1;34mINFO[m] surefireArgLine set to -javaagent:/home/daveroar/.m2/repository/org/jacoco/org.jacoco.agent/0.8.5/org.jacoco.agent-0.8.5-runtime.jar=destfile=/home/daveroar/Graduation_Studies/ThesisWork/JRefactoring/MockAbstraction/Benchmarks/quartz-quartz-2.3.1-patched/checkstyle/target/coverage-reports/jacoco-ut.exec
[[1;34mINFO[m] 
[[1;34mINFO[m] [1m--- [0;32mmaven-resources-plugin:2.6:resources[m [1m(default-resources)[m @ [36mquartz-checkstyle[0;1m ---[m
[[1;34mINFO[m] Using 'UTF-8' encoding to copy filtered resources.
[[1;34mINFO[m] Copying 3 resources
[[1;34mINFO[m] 
[[1;34mINFO[m] [1m--- [0;32mmaven-compiler-plugin:2.3.2:compile[m [1m(default-compile)[m @ [36mquartz-checkstyle[0;1m ---[m
[[1;34mINFO[m] No sources to compile
[[1;34mINFO[m] 
[[1;34mINFO[m] [1m--- [0;32mmaven-resources-plugin:2.6:testResources[m [1m(default-testResources)[m @ [36mquartz-checkstyle[0;1m ---[m
[[1;34mINFO[m] Using 'UTF-8' encoding to copy filtered resources.
[[1;34mINFO[m] skip non existing resourceDirectory /home/daveroar/Graduation_Studies/ThesisWork/JRefactoring/MockAbstraction/Benchmarks/quartz-quartz-2.3.1-patched/checkstyle/src/test/resources
[[1;34mINFO[m] 
[[1;34mINFO[m] [1m--- [0;32mmaven-compiler-plugin:2.3.2:testCompile[m [1m(default-testCompile)[m @ [36mquartz-checkstyle[0;1m ---[m
[[1;34mINFO[m] No sources to compile
[[1;34mINFO[m] 
[[1;34mINFO[m] [1m--- [0;32mmaven-surefire-plugin:2.19.1:test[m [1m(default-test)[m @ [36mquartz-checkstyle[0;1m ---[m
[[1;34mINFO[m] No tests to run.
[[1;34mINFO[m] 
[[1;34mINFO[m] [1m--- [0;32mjacoco-maven-plugin:0.8.5:report[m [1m(post-unit-test)[m @ [36mquartz-checkstyle[0;1m ---[m
[[1;34mINFO[m] Skipping JaCoCo execution due to missing execution data file.
[[1;34mINFO[m] 
[[1;34mINFO[m] [1m-------------< [0;36morg.quartz-scheduler.internal:quartz-core[0;1m >--------------[m
[[1;34mINFO[m] [1mBuilding quartz-core 2.3.1                                        [3/13][m
[[1;34mINFO[m] [1m--------------------------------[ jar ]---------------------------------[m
[[1;34mINFO[m] 
[[1;34mINFO[m] [1m--- [0;32mmaven-clean-plugin:2.5:clean[m [1m(default-clean)[m @ [36mquartz-core[0;1m ---[m
[[1;34mINFO[m] Deleting /home/daveroar/Graduation_Studies/ThesisWork/JRefactoring/MockAbstraction/Benchmarks/quartz-quartz-2.3.1-patched/quartz-core/target
[[1;34mINFO[m] 
[[1;34mINFO[m] [1m--- [0;32mjacoco-maven-plugin:0.8.5:prepare-agent[m [1m(pre-unit-test)[m @ [36mquartz-core[0;1m ---[m
[[1;34mINFO[m] surefireArgLine set to -javaagent:/home/daveroar/.m2/repository/org/jacoco/org.jacoco.agent/0.8.5/org.jacoco.agent-0.8.5-runtime.jar=destfile=/home/daveroar/Graduation_Studies/ThesisWork/JRefactoring/MockAbstraction/Benchmarks/quartz-quartz-2.3.1-patched/quartz-core/target/coverage-reports/jacoco-ut.exec
[[1;34mINFO[m] 
[[1;34mINFO[m] [1m--- [0;32mmaven-resources-plugin:2.6:resources[m [1m(default-resources)[m @ [36mquartz-core[0;1m ---[m
[[1;34mINFO[m] Using 'UTF-8' encoding to copy filtered resources.
[[1;34mINFO[m] Copying 28 resources
[[1;34mINFO[m] 
[[1;34mINFO[m] [1m--- [0;32mmaven-compiler-plugin:2.3.2:compile[m [1m(default-compile)[m @ [36mquartz-core[0;1m ---[m
[[1;34mINFO[m] Compiling 204 source files to /home/daveroar/Graduation_Studies/ThesisWork/JRefactoring/MockAbstraction/Benchmarks/quartz-quartz-2.3.1-patched/quartz-core/target/classes
[[1;34mINFO[m] 
[[1;34mINFO[m] [1m--- [0;32mrmic-maven-plugin:1.1:rmic[m [1m(rmic-process-classes)[m @ [36mquartz-core[0;1m ---[m
[[1;34mINFO[m] Compiling 1 remote classes
Warning: generation and use of skeletons and static stubs for JRMP
is deprecated. Skeletons are unnecessary, and static stubs have
been superseded by dynamically generated stubs. Users are
encouraged to migrate away from using rmic to generate skeletons and static
stubs. See the documentation for java.rmi.server.UnicastRemoteObject.
[[1;34mINFO[m] 
[[1;34mINFO[m] [1m--- [0;32mmaven-resources-plugin:2.6:testResources[m [1m(default-testResources)[m @ [36mquartz-core[0;1m ---[m
[[1;34mINFO[m] Using 'UTF-8' encoding to copy filtered resources.
[[1;34mINFO[m] Copying 23 resources
[[1;34mINFO[m] 
[[1;34mINFO[m] [1m--- [0;32mmaven-compiler-plugin:2.3.2:testCompile[m [1m(default-testCompile)[m @ [36mquartz-core[0;1m ---[m
[[1;34mINFO[m] Compiling 81 source files to /home/daveroar/Graduation_Studies/ThesisWork/JRefactoring/MockAbstraction/Benchmarks/quartz-quartz-2.3.1-patched/quartz-core/target/test-classes
[[1;34mINFO[m] 
[[1;34mINFO[m] [1m--- [0;32mmaven-surefire-plugin:2.10:test[m [1m(default-test)[m @ [36mquartz-core[0;1m ---[m
[[1;34mINFO[m] Surefire report directory: /home/daveroar/Graduation_Studies/ThesisWork/JRefactoring/MockAbstraction/Benchmarks/quartz-quartz-2.3.1-patched/quartz-core/target/surefire-reports

-------------------------------------------------------
 T E S T S
-------------------------------------------------------

-------------------------------------------------------
 T E S T S
-------------------------------------------------------
Running org.quartz.CronScheduleBuilderTest
Tests run: 1, Failures: 0, Errors: 0, Skipped: 0, Time elapsed: 0.099 sec
Running org.quartz.MonthlyCalendarTest
Tests run: 1, Failures: 0, Errors: 0, Skipped: 0, Time elapsed: 0.046 sec
Running org.quartz.PriorityTest
2021-04-23 17:22:02,393 INFO [org.quartz.impl.StdSchedulerFactory] - Using default implementation for ThreadExecutor
2021-04-23 17:22:02,424 INFO [org.quartz.core.SchedulerSignalerImpl] - Initialized Scheduler Signaller of type: class org.quartz.core.SchedulerSignalerImpl
2021-04-23 17:22:02,424 INFO [org.quartz.core.QuartzScheduler] - Quartz Scheduler v.2.3.1 created.
2021-04-23 17:22:02,426 INFO [org.quartz.simpl.RAMJobStore] - RAMJobStore initialized.
2021-04-23 17:22:02,427 INFO [org.quartz.core.QuartzScheduler] - Scheduler meta-data: Quartz Scheduler (v2.3.1) 'QuartzScheduler' with instanceId 'NON_CLUSTERED'
  Scheduler class: 'org.quartz.core.QuartzScheduler' - running locally.
  NOT STARTED.
  Currently in standby mode.
  Number of jobs executed: 0
  Using thread pool 'org.quartz.simpl.SimpleThreadPool' - with 1 threads.
  Using job-store 'org.quartz.simpl.RAMJobStore' - which does not support persistence. and is not clustered.

2021-04-23 17:22:02,427 INFO [org.quartz.impl.StdSchedulerFactory] - Quartz scheduler 'QuartzScheduler' initialized from an externally provided properties instance.
2021-04-23 17:22:02,427 INFO [org.quartz.impl.StdSchedulerFactory] - Quartz scheduler version: 2.3.1
2021-04-23 17:22:02,437 INFO [org.quartz.core.QuartzScheduler] - Scheduler QuartzScheduler_$_NON_CLUSTERED started.
2021-04-23 17:22:03,441 INFO [org.quartz.core.QuartzScheduler] - Scheduler QuartzScheduler_$_NON_CLUSTERED shutting down.
2021-04-23 17:22:03,441 INFO [org.quartz.core.QuartzScheduler] - Scheduler QuartzScheduler_$_NON_CLUSTERED paused.
2021-04-23 17:22:03,442 INFO [org.quartz.core.QuartzScheduler] - Scheduler QuartzScheduler_$_NON_CLUSTERED shutdown complete.
2021-04-23 17:22:03,445 INFO [org.quartz.impl.StdSchedulerFactory] - Using default implementation for ThreadExecutor
2021-04-23 17:22:03,445 INFO [org.quartz.core.SchedulerSignalerImpl] - Initialized Scheduler Signaller of type: class org.quartz.core.SchedulerSignalerImpl
2021-04-23 17:22:03,445 INFO [org.quartz.core.QuartzScheduler] - Quartz Scheduler v.2.3.1 created.
2021-04-23 17:22:03,445 INFO [org.quartz.simpl.RAMJobStore] - RAMJobStore initialized.
2021-04-23 17:22:03,446 INFO [org.quartz.core.QuartzScheduler] - Scheduler meta-data: Quartz Scheduler (v2.3.1) 'QuartzScheduler' with instanceId 'NON_CLUSTERED'
  Scheduler class: 'org.quartz.core.QuartzScheduler' - running locally.
  NOT STARTED.
  Currently in standby mode.
  Number of jobs executed: 0
  Using thread pool 'org.quartz.simpl.SimpleThreadPool' - with 1 threads.
  Using job-store 'org.quartz.simpl.RAMJobStore' - which does not support persistence. and is not clustered.

2021-04-23 17:22:03,446 INFO [org.quartz.impl.StdSchedulerFactory] - Quartz scheduler 'QuartzScheduler' initialized from an externally provided properties instance.
2021-04-23 17:22:03,446 INFO [org.quartz.impl.StdSchedulerFactory] - Quartz scheduler version: 2.3.1
2021-04-23 17:22:03,446 INFO [org.quartz.core.QuartzScheduler] - Scheduler QuartzScheduler_$_NON_CLUSTERED started.
2021-04-23 17:22:04,449 INFO [org.quartz.core.QuartzScheduler] - Scheduler QuartzScheduler_$_NON_CLUSTERED shutting down.
2021-04-23 17:22:04,450 INFO [org.quartz.core.QuartzScheduler] - Scheduler QuartzScheduler_$_NON_CLUSTERED paused.
2021-04-23 17:22:04,450 INFO [org.quartz.core.QuartzScheduler] - Scheduler QuartzScheduler_$_NON_CLUSTERED shutdown complete.
Tests run: 2, Failures: 0, Errors: 0, Skipped: 0, Time elapsed: 2.243 sec
Running org.quartz.utils.DirtyFlagMapTest
Tests run: 12, Failures: 0, Errors: 0, Skipped: 0, Time elapsed: 0.053 sec
Running org.quartz.utils.PropertiesParserTest
Tests run: 1, Failures: 0, Errors: 0, Skipped: 0, Time elapsed: 0.047 sec
Running org.quartz.utils.ClassUtilsTest
Tests run: 1, Failures: 0, Errors: 0, Skipped: 0, Time elapsed: 0.048 sec
Running org.quartz.utils.HikariCpPoolingConnectionProviderTest
2021-04-23 17:22:05,918 INFO [org.quartz.integrations.tests.QuartzDatabaseTestSupport] - Starting DERBY database.
Fri Apr 23 17:22:06 EDT 2021 : Apache Derby Network Server - 10.8.2.2 - (1181258) started and ready to accept connections on port 1527
2021-04-23 17:22:06,863 INFO [org.quartz.integrations.tests.QuartzDatabaseTestSupport] - Database started.
2021-04-23 17:22:06,863 INFO [org.quartz.integrations.tests.QuartzDatabaseTestSupport] - Creating Database tables for Quartz.
2021-04-23 17:22:06,868 INFO [org.quartz.integrations.tests.JdbcQuartzDerbyUtilities] - running the tests with maven, the db will be stored in /home/daveroar/Graduation_Studies/ThesisWork/JRefactoring/MockAbstraction/Benchmarks/quartz-quartz-2.3.1-patched/quartz-core/target/quartzTestDb
2021-04-23 17:22:17,220 INFO [org.quartz.integrations.tests.QuartzDatabaseTestSupport] - Database tables created.
2021-04-23 17:22:17,352 INFO [org.quartz.impl.StdSchedulerFactory] - Using ConnectionProvider class 'org.quartz.utils.HikariCpPoolingConnectionProvider' for data source 'myDS'
2021-04-23 17:22:17,373 INFO [org.quartz.impl.StdSchedulerFactory] - Using default implementation for ThreadExecutor
2021-04-23 17:22:17,406 INFO [org.quartz.core.SchedulerSignalerImpl] - Initialized Scheduler Signaller of type: class org.quartz.core.SchedulerSignalerImpl
2021-04-23 17:22:17,407 INFO [org.quartz.core.QuartzScheduler] - Quartz Scheduler v.2.3.1 created.
2021-04-23 17:22:17,408 INFO [org.quartz.impl.jdbcjobstore.JobStoreTX] - Using thread monitor-based data access locking (synchronization).
2021-04-23 17:22:17,409 INFO [org.quartz.impl.jdbcjobstore.JobStoreTX] - JobStoreTX initialized.
2021-04-23 17:22:17,410 INFO [org.quartz.core.QuartzScheduler] - Scheduler meta-data: Quartz Scheduler (v2.3.1) 'TestScheduler' with instanceId 'NON_CLUSTERED'
  Scheduler class: 'org.quartz.core.QuartzScheduler' - running locally.
  NOT STARTED.
  Currently in standby mode.
  Number of jobs executed: 0
  Using thread pool 'org.quartz.simpl.SimpleThreadPool' - with 12 threads.
  Using job-store 'org.quartz.impl.jdbcjobstore.JobStoreTX' - which supports persistence. and is not clustered.

2021-04-23 17:22:17,410 INFO [org.quartz.impl.StdSchedulerFactory] - Quartz scheduler 'TestScheduler' initialized from an externally provided properties instance.
2021-04-23 17:22:17,410 INFO [org.quartz.impl.StdSchedulerFactory] - Quartz scheduler version: 2.3.1
2021-04-23 17:22:17,410 INFO [org.quartz.integrations.tests.QuartzMemoryTestSupport] - Scheduler starting.
2021-04-23 17:22:17,413 INFO [com.zaxxer.hikari.HikariDataSource] - HikariPool-1 - Starting...
2021-04-23 17:22:17,424 WARN [com.zaxxer.hikari.util.DriverDataSource] - Registered driver with driverClassName=org.apache.derby.jdbc.ClientDriver was not found, trying direct instantiation.
2021-04-23 17:22:17,441 INFO [com.zaxxer.hikari.pool.PoolBase] - HikariPool-1 - Driver does not support get/set network timeout for connections. (Feature not implemented: getNetworkTimeout.)
2021-04-23 17:22:17,539 INFO [com.zaxxer.hikari.HikariDataSource] - HikariPool-1 - Start completed.
2021-04-23 17:22:17,636 INFO [org.quartz.impl.jdbcjobstore.JobStoreTX] - Freed 0 triggers from 'acquired' / 'blocked' state.
2021-04-23 17:22:17,698 INFO [org.quartz.impl.jdbcjobstore.JobStoreTX] - Recovering 0 jobs that were in-progress at the time of the last shut-down.
2021-04-23 17:22:17,698 INFO [org.quartz.impl.jdbcjobstore.JobStoreTX] - Recovery complete.
2021-04-23 17:22:17,708 INFO [org.quartz.impl.jdbcjobstore.JobStoreTX] - Removed 0 'complete' triggers.
2021-04-23 17:22:17,720 INFO [org.quartz.impl.jdbcjobstore.JobStoreTX] - Removed 0 stale fired job entries.
2021-04-23 17:22:17,726 INFO [org.quartz.core.QuartzScheduler] - Scheduler TestScheduler_$_NON_CLUSTERED started.
2021-04-23 17:22:17,727 INFO [org.quartz.integrations.tests.QuartzMemoryTestSupport] - Scheduler started.
2021-04-23 17:22:17,732 INFO [org.quartz.integrations.tests.QuartzMemoryTestSupport] - Scheduler shutting down.
2021-04-23 17:22:17,732 INFO [org.quartz.core.QuartzScheduler] - Scheduler TestScheduler_$_NON_CLUSTERED shutting down.
2021-04-23 17:22:17,732 INFO [org.quartz.core.QuartzScheduler] - Scheduler TestScheduler_$_NON_CLUSTERED paused.
2021-04-23 17:22:17,882 INFO [com.zaxxer.hikari.HikariDataSource] - HikariPool-1 - Shutdown initiated...
2021-04-23 17:22:17,883 INFO [com.zaxxer.hikari.pool.HikariPool] - HikariPool-1 - Close initiated...
2021-04-23 17:22:17,887 INFO [com.zaxxer.hikari.pool.HikariPool] - HikariPool-1 - Closed.
2021-04-23 17:22:17,887 INFO [com.zaxxer.hikari.HikariDataSource] - HikariPool-1 - Shutdown completed.
2021-04-23 17:22:17,887 INFO [org.quartz.core.QuartzScheduler] - Scheduler TestScheduler_$_NON_CLUSTERED shutdown complete.
2021-04-23 17:22:17,888 INFO [org.quartz.integrations.tests.QuartzMemoryTestSupport] - Scheduler shutdown complete.
2021-04-23 17:22:17,891 INFO [org.quartz.impl.StdSchedulerFactory] - Using ConnectionProvider class 'org.quartz.utils.HikariCpPoolingConnectionProvider' for data source 'myDS'
2021-04-23 17:22:17,891 INFO [org.quartz.impl.StdSchedulerFactory] - Using default implementation for ThreadExecutor
2021-04-23 17:22:17,893 INFO [org.quartz.core.SchedulerSignalerImpl] - Initialized Scheduler Signaller of type: class org.quartz.core.SchedulerSignalerImpl
2021-04-23 17:22:17,893 INFO [org.quartz.core.QuartzScheduler] - Quartz Scheduler v.2.3.1 created.
2021-04-23 17:22:17,893 INFO [org.quartz.impl.jdbcjobstore.JobStoreTX] - Using thread monitor-based data access locking (synchronization).
2021-04-23 17:22:17,893 INFO [org.quartz.impl.jdbcjobstore.JobStoreTX] - JobStoreTX initialized.
2021-04-23 17:22:17,893 INFO [org.quartz.core.QuartzScheduler] - Scheduler meta-data: Quartz Scheduler (v2.3.1) 'TestScheduler' with instanceId 'NON_CLUSTERED'
  Scheduler class: 'org.quartz.core.QuartzScheduler' - running locally.
  NOT STARTED.
  Currently in standby mode.
  Number of jobs executed: 0
  Using thread pool 'org.quartz.simpl.SimpleThreadPool' - with 12 threads.
  Using job-store 'org.quartz.impl.jdbcjobstore.JobStoreTX' - which supports persistence. and is not clustered.

2021-04-23 17:22:17,893 INFO [org.quartz.impl.StdSchedulerFactory] - Quartz scheduler 'TestScheduler' initialized from an externally provided properties instance.
2021-04-23 17:22:17,893 INFO [org.quartz.impl.StdSchedulerFactory] - Quartz scheduler version: 2.3.1
2021-04-23 17:22:17,893 INFO [org.quartz.integrations.tests.QuartzMemoryTestSupport] - Scheduler starting.
2021-04-23 17:22:17,893 INFO [com.zaxxer.hikari.HikariDataSource] - HikariPool-2 - Starting...
2021-04-23 17:22:17,894 WARN [com.zaxxer.hikari.util.DriverDataSource] - Registered driver with driverClassName=org.apache.derby.jdbc.ClientDriver was not found, trying direct instantiation.
2021-04-23 17:22:17,897 INFO [com.zaxxer.hikari.pool.PoolBase] - HikariPool-2 - Driver does not support get/set network timeout for connections. (Feature not implemented: getNetworkTimeout.)
2021-04-23 17:22:17,899 INFO [com.zaxxer.hikari.HikariDataSource] - HikariPool-2 - Start completed.
2021-04-23 17:22:17,903 INFO [org.quartz.impl.jdbcjobstore.JobStoreTX] - Freed 0 triggers from 'acquired' / 'blocked' state.
2021-04-23 17:22:17,908 INFO [org.quartz.impl.jdbcjobstore.JobStoreTX] - Recovering 0 jobs that were in-progress at the time of the last shut-down.
2021-04-23 17:22:17,909 INFO [org.quartz.impl.jdbcjobstore.JobStoreTX] - Recovery complete.
2021-04-23 17:22:17,910 INFO [org.quartz.impl.jdbcjobstore.JobStoreTX] - Removed 0 'complete' triggers.
2021-04-23 17:22:17,912 INFO [org.quartz.impl.jdbcjobstore.JobStoreTX] - Removed 0 stale fired job entries.
2021-04-23 17:22:17,912 INFO [org.quartz.core.QuartzScheduler] - Scheduler TestScheduler_$_NON_CLUSTERED started.
2021-04-23 17:22:17,912 INFO [org.quartz.integrations.tests.QuartzMemoryTestSupport] - Scheduler started.
2021-04-23 17:22:17,913 INFO [org.quartz.integrations.tests.QuartzMemoryTestSupport] - Scheduler shutting down.
2021-04-23 17:22:17,913 INFO [org.quartz.core.QuartzScheduler] - Scheduler TestScheduler_$_NON_CLUSTERED shutting down.
2021-04-23 17:22:17,913 INFO [org.quartz.core.QuartzScheduler] - Scheduler TestScheduler_$_NON_CLUSTERED paused.
